#
# A fatal error has been detected by the Java Runtime Environment:
#
#  SIGSEGV (0xb) at pc=0x00007faad1d6ec18, pid=5260, tid=5285
#
# JRE version: OpenJDK Runtime Environment (11.0.3+7) (build 11.0.3+7-Ubuntu-1ubuntu218.04.1)
# Java VM: OpenJDK 64-Bit Server VM (11.0.3+7-Ubuntu-1ubuntu218.04.1, mixed mode, sharing, tiered, compressed oops, g1 gc, linux-amd64)
# Problematic frame:
# C  [libc.so.6+0x18ec18]
#
# Core dump will be written. Default location: core.5260 (may not exist)
#
# If you would like to submit a bug report, please visit:
#   http://bugreport.java.com/bugreport/crash.jsp
#

---------------  S U M M A R Y ------------

Command Line: -Dmaven.home=/home/chrisdev/Local_Repo/Webhook -Dmaven.multiModuleProjectDirectory=/home/chrisdev/Local_Repo/Webhook/dynatrace-WH org.apache.maven.wrapper.MavenWrapperMain clean package

Host: Intel(R) Core(TM) i5-5300U CPU @ 2.30GHz, 4 cores, 7G, Ubuntu 18.04.2 LTS
Time: Mon Jul 22 15:23:21 2019 DST elapsed time: 21 seconds (0d 0h 0m 21s)

---------------  T H R E A D  ---------------

Current thread (0x00007faac8121800):  JavaThread "C2 CompilerThread0" daemon [_thread_in_vm, id=5285, stack(0x00007faab0120000,0x00007faab0221000)]


Current CompileTask:
C2:  21582 5587       4       java.util.concurrent.locks.ReentrantLock$Sync::nonfairTryAcquire (67 bytes)

Stack: [0x00007faab0120000,0x00007faab0221000],  sp=0x00007faab021df18,  free space=1015k
Native frames: (J=compiled Java code, A=aot compiled Java code, j=interpreted, Vv=VM code, C=native code)
C  [libc.so.6+0x18ec18]
V  [libjvm.so+0xb7c58d]
V  [libjvm.so+0xb7c861]
V  [libjvm.so+0x53b832]
V  [libjvm.so+0x5f36ef]
V  [libjvm.so+0x50a861]
V  [libjvm.so+0x5fd563]
V  [libjvm.so+0x5fece8]
V  [libjvm.so+0xd7c223]
V  [libjvm.so+0xd7c4f5]
V  [libjvm.so+0xd7805a]
V  [libjvm.so+0xbc238e]


siginfo: si_signo: 11 (SIGSEGV), si_code: 2 (SEGV_ACCERR), si_addr: 0x00007faab8739000

Register to memory mapping:

RAX=0x00007faab8738fd0 is at entry_point+656 in (nmethod*)0x00007faab8738b90
RBX=0x00007faac8122270 points into unknown readable memory: 10 22 18 64 aa 7f 00 00
RCX=0x00007faab8738fb8 is at entry_point+632 in (nmethod*)0x00007faab8738b90
RDX=0x0000000000000042 is an unknown value
RSP=0x00007faab021df18 is pointing into the stack for thread: 0x00007faac8121800
RBP=0x00007faab021df30 is pointing into the stack for thread: 0x00007faac8121800
RSI=0x00007faa84046760 points into unknown readable memory: ff 05 00 02 00 00 00 42
RDI=0x00007faab8738fd0 is at entry_point+656 in (nmethod*)0x00007faab8738b90
R8 =0x0000000000000018 is an unknown value
R9 =0x00007faab8738fa0 is at entry_point+608 in (nmethod*)0x00007faab8738b90
R10=0x00007faa641835d4 points into unknown readable memory: aa 7f 00 00
R11=0x00000000ffffffff is an unallocated location in the heap
R12=0x00007faab8738b90 is at entry_point+-432 in (nmethod*)0x00007faab8738b90
R13=0x00007faab021f738 is pointing into the stack for thread: 0x00007faac8121800
R14=0x00007faab021f694 is pointing into the stack for thread: 0x00007faac8121800
R15=0x00007faa840498e0 points into unknown readable memory: 90 33 41 84 aa 7f 00 00


Registers:
RAX=0x00007faab8738fd0, RBX=0x00007faac8122270, RCX=0x00007faab8738fb8, RDX=0x0000000000000042
RSP=0x00007faab021df18, RBP=0x00007faab021df30, RSI=0x00007faa84046760, RDI=0x00007faab8738fd0
R8 =0x0000000000000018, R9 =0x00007faab8738fa0, R10=0x00007faa641835d4, R11=0x00000000ffffffff
R12=0x00007faab8738b90, R13=0x00007faab021f738, R14=0x00007faab021f694, R15=0x00007faa840498e0
RIP=0x00007faad1d6ec18, EFLAGS=0x0000000000010283, CSGSFS=0x00000053002b0033, ERR=0x0000000000000000
  TRAPNO=0x0000000000000000

Top of Stack: (sp=0x00007faab021df18)
0x00007faab021df18:   00007faad07c3dbf 00007faab8738b90
0x00007faab021df28:   00007faac8122210 00007faab021dfb0
0x00007faab021df38:   00007faad0cec58d 000015d300000012
0x00007faab021df48:   0000000000000000 0000000000000000 

Instructions: (pc=0x00007faad1d6ec18)
0x00007faad1d6ebf8:   7c 17 80 c5 f8 77 c3 c5 fe 6f 06 c5 fe 6f 4e 20
0x00007faad1d6ec08:   c5 fe 6f 54 16 e0 c5 fe 6f 5c 16 c0 c5 fe 7f 07
0x00007faad1d6ec18:   c5 fe 7f 4f 20 c5 fe 7f 54 17 e0 c5 fe 7f 5c 17
0x00007faad1d6ec28:   c0 c5 f8 77 c3 48 39 f7 0f 87 ab 00 00 00 0f 84 

Stack slot to memory mapping:
stack at sp + 0 slots: 0x00007faad07c3dbf: <offset 0x0000000000653dbf> in /usr/lib/jvm/java-11-openjdk-amd64/lib/server/libjvm.so at 0x00007faad0170000
stack at sp + 1 slots: 0x00007faab8738b90 is at entry_point+-432 in (nmethod*)0x00007faab8738b90
stack at sp + 2 slots: 0x00007faac8122210 points into unknown readable memory: 70 91 43 d1 aa 7f 00 00
stack at sp + 3 slots: 0x00007faab021dfb0 is pointing into the stack for thread: 0x00007faac8121800
stack at sp + 4 slots: 0x00007faad0cec58d: <offset 0x0000000000b7c58d> in /usr/lib/jvm/java-11-openjdk-amd64/lib/server/libjvm.so at 0x00007faad0170000
stack at sp + 5 slots: 0x000015d300000012 is an unknown value
stack at sp + 6 slots: 0x0 is NULL
stack at sp + 7 slots: 0x0 is NULL


---------------  P R O C E S S  ---------------

Threads class SMR info:
_java_thread_list=0x00007faa6429bff0, length=21, elements={
0x00007faac8012000, 0x00007faac810d000, 0x00007faac8117800, 0x00007faac811f800,
0x00007faac8121800, 0x00007faac8123800, 0x00007faac8125800, 0x00007faac815c800,
0x00007faac8165000, 0x00007faac8aa7800, 0x00007faac8465800, 0x00007faac8469800,
0x00007faac85f0000, 0x00007faac85f1000, 0x00007faac84d3800, 0x00007faac84d7000,
0x00007faac844d800, 0x00007faac91f6000, 0x00007faac8a5a000, 0x00007faac8a5a800,
0x00007faac8a5b800
}

Java Threads: ( => current thread )
  0x00007faac8012000 JavaThread "main" [_thread_blocked, id=5275, stack(0x00007faad2320000,0x00007faad2421000)]
  0x00007faac810d000 JavaThread "Reference Handler" daemon [_thread_blocked, id=5282, stack(0x00007faab0750000,0x00007faab0851000)]
  0x00007faac8117800 JavaThread "Finalizer" daemon [_thread_blocked, id=5283, stack(0x00007faab0640000,0x00007faab0741000)]
  0x00007faac811f800 JavaThread "Signal Dispatcher" daemon [_thread_blocked, id=5284, stack(0x00007faab0230000,0x00007faab0331000)]
=>0x00007faac8121800 JavaThread "C2 CompilerThread0" daemon [_thread_in_vm, id=5285, stack(0x00007faab0120000,0x00007faab0221000)]
  0x00007faac8123800 JavaThread "C1 CompilerThread0" daemon [_thread_blocked, id=5286, stack(0x00007faab0010000,0x00007faab0111000)]
  0x00007faac8125800 JavaThread "Sweeper thread" daemon [_thread_blocked, id=5287, stack(0x00007faaa1ef0000,0x00007faaa1ff1000)]
  0x00007faac815c800 JavaThread "Service Thread" daemon [_thread_blocked, id=5288, stack(0x00007faaa1de0000,0x00007faaa1ee1000)]
  0x00007faac8165000 JavaThread "Common-Cleaner" daemon [_thread_blocked, id=5290, stack(0x00007faaa1bc0000,0x00007faaa1cc1000)]
  0x00007faac8aa7800 JavaThread "resolver-1" daemon [_thread_blocked, id=5300, stack(0x00007faa5f0e0000,0x00007faa5f1e1000)]
  0x00007faac8465800 JavaThread "resolver-2" daemon [_thread_blocked, id=5301, stack(0x00007faa5edd0000,0x00007faa5eed1000)]
  0x00007faac8469800 JavaThread "resolver-3" daemon [_thread_blocked, id=5302, stack(0x00007faa5ecc0000,0x00007faa5edc1000)]
  0x00007faac85f0000 JavaThread "resolver-4" daemon [_thread_blocked, id=5303, stack(0x00007faa5ebb0000,0x00007faa5ecb1000)]
  0x00007faac85f1000 JavaThread "resolver-5" daemon [_thread_blocked, id=5304, stack(0x00007faa5eaa0000,0x00007faa5eba1000)]
  0x00007faac84d3800 JavaThread "timeout-check-timer" daemon [_thread_blocked, id=5305, stack(0x00007faa5e990000,0x00007faa5ea91000)]
  0x00007faac84d7000 JavaThread "ping-timer-10s" daemon [_thread_blocked, id=5306, stack(0x00007faa5e880000,0x00007faa5e981000)]
  0x00007faac844d800 JavaThread "ThreadedStreamConsumer" daemon [_thread_blocked, id=5307, stack(0x00007faa5e770000,0x00007faa5e871000)]
  0x00007faac91f6000 JavaThread "process reaper" daemon [_thread_blocked, id=5310, stack(0x00007faaa80b0000,0x00007faaa80d2000)]
  0x00007faac8a5a000 JavaThread "Thread-2" [_thread_blocked, id=5311, stack(0x00007faa5e660000,0x00007faa5e761000)]
  0x00007faac8a5a800 JavaThread "Thread-3" [_thread_blocked, id=5312, stack(0x00007faa5e550000,0x00007faa5e651000)]
  0x00007faac8a5b800 JavaThread "Thread-4" [_thread_blocked, id=5313, stack(0x00007faa5e440000,0x00007faa5e541000)]

Other Threads:
  0x00007faac810a800 VMThread "VM Thread" [stack: 0x00007faab0862000,0x00007faab0962000] [id=5281]
  0x00007faac815f000 WatcherThread [stack: 0x00007faaa1cd2000,0x00007faaa1dd2000] [id=5289]
  0x00007faac8028000 GCTaskThread "GC Thread#0" [stack: 0x00007faace262000,0x00007faace362000] [id=5276]
  0x00007faa94001000 GCTaskThread "GC Thread#1" [stack: 0x00007faaa1252000,0x00007faaa1352000] [id=5291]
  0x00007faa94002800 GCTaskThread "GC Thread#2" [stack: 0x00007faaa1142000,0x00007faaa1242000] [id=5292]
  0x00007faa940ac800 GCTaskThread "GC Thread#3" [stack: 0x00007faaa0032000,0x00007faaa0132000] [id=5298]
  0x00007faac805a000 ConcurrentGCThread "G1 Main Marker" [stack: 0x00007faacd112000,0x00007faacd212000] [id=5277]
  0x00007faac805c000 ConcurrentGCThread "G1 Conc#0" [stack: 0x00007faacd002000,0x00007faacd102000] [id=5278]
  0x00007faac80d8000 ConcurrentGCThread "G1 Refine#0" [stack: 0x00007faaccab2000,0x00007faaccbb2000] [id=5279]
  0x00007faac80d9800 ConcurrentGCThread "G1 Young RemSet Sampling" [stack: 0x00007faacc9a2000,0x00007faaccaa2000] [id=5280]

Threads with active compile tasks:
C2 CompilerThread05587       4       java.util.concurrent.locks.ReentrantLock$Sync::nonfairTryAcquire (67 bytes)

VM state:synchronizing (normal execution)

VM Mutex/Monitor currently owned by a thread:  ([mutex/lock_event])
[0x00007faac800ce80] CodeCache_lock - owner thread: 0x00007faac8121800
[0x00007faac800dc90] Threads_lock - owner thread: 0x00007faac810a800
[0x00007faac800e980] Compile_lock - owner thread: 0x00007faac8121800
[0x00007faac800eb30] MethodCompileQueue_lock - owner thread: 0x00007faac8121800

Heap address: 0x0000000081e00000, size: 2018 MB, Compressed Oops mode: 32-bit
Narrow klass base: 0x0000000800000000, Narrow klass shift: 3
Compressed class space size: 1073741824 Address: 0x0000000840000000

Heap:
 garbage-first heap   total 178176K, used 62692K [0x0000000081e00000, 0x0000000100000000)
  region size 1024K, 37 young (37888K), 11 survivors (11264K)
 Metaspace       used 32849K, capacity 33732K, committed 33920K, reserved 1079296K
  class space    used 3736K, capacity 4114K, committed 4224K, reserved 1048576K
Heap Regions: E=young(eden), S=young(survivor), O=old, HS=humongous(starts), HC=humongous(continues), CS=collection set, F=free, A=archive, TAMS=top-at-mark-start (previous, next)
|   0|0x0000000081e00000, 0x0000000081f00000, 0x0000000081f00000|100%| O|  |TAMS 0x0000000081f00000, 0x0000000081e00000| Untracked 
|   1|0x0000000081f00000, 0x0000000082000000, 0x0000000082000000|100%| O|  |TAMS 0x0000000082000000, 0x0000000081f00000| Untracked 
|   2|0x0000000082000000, 0x0000000082100000, 0x0000000082100000|100%| O|  |TAMS 0x0000000082100000, 0x0000000082000000| Untracked 
|   3|0x0000000082100000, 0x0000000082200000, 0x0000000082200000|100%| O|  |TAMS 0x0000000082200000, 0x0000000082100000| Untracked 
|   4|0x0000000082200000, 0x0000000082300000, 0x0000000082300000|100%| O|  |TAMS 0x0000000082300000, 0x0000000082200000| Untracked 
|   5|0x0000000082300000, 0x0000000082400000, 0x0000000082400000|100%| O|  |TAMS 0x0000000082400000, 0x0000000082300000| Untracked 
|   6|0x0000000082400000, 0x0000000082500000, 0x0000000082500000|100%| O|  |TAMS 0x0000000082500000, 0x0000000082400000| Untracked 
|   7|0x0000000082500000, 0x0000000082600000, 0x0000000082600000|100%| O|  |TAMS 0x0000000082600000, 0x0000000082500000| Untracked 
|   8|0x0000000082600000, 0x0000000082700000, 0x0000000082700000|100%| O|  |TAMS 0x0000000082700000, 0x0000000082600000| Untracked 
|   9|0x0000000082700000, 0x0000000082800000, 0x0000000082800000|100%| O|  |TAMS 0x0000000082800000, 0x0000000082700000| Untracked 
|  10|0x0000000082800000, 0x0000000082900000, 0x0000000082900000|100%| O|  |TAMS 0x0000000082900000, 0x0000000082800000| Untracked 
|  11|0x0000000082900000, 0x0000000082a00000, 0x0000000082a00000|100%| O|  |TAMS 0x0000000082a00000, 0x0000000082900000| Untracked 
|  12|0x0000000082a00000, 0x0000000082b00000, 0x0000000082b00000|100%| O|  |TAMS 0x0000000082b00000, 0x0000000082a00000| Untracked 
|  13|0x0000000082b00000, 0x0000000082c00000, 0x0000000082c00000|100%| O|  |TAMS 0x0000000082c00000, 0x0000000082b00000| Untracked 
|  14|0x0000000082c00000, 0x0000000082d00000, 0x0000000082d00000|100%| O|  |TAMS 0x0000000082cedc00, 0x0000000082c00000| Untracked 
|  15|0x0000000082d00000, 0x0000000082e00000, 0x0000000082e00000|100%| O|  |TAMS 0x0000000082d00000, 0x0000000082d00000| Untracked 
|  16|0x0000000082e00000, 0x0000000082f00000, 0x0000000082f00000|100%| O|  |TAMS 0x0000000082e00000, 0x0000000082e00000| Untracked 
|  17|0x0000000082f00000, 0x0000000083000000, 0x0000000083000000|100%| O|  |TAMS 0x0000000082f00000, 0x0000000082f00000| Untracked 
|  18|0x0000000083000000, 0x0000000083100000, 0x0000000083100000|100%| O|  |TAMS 0x0000000083000000, 0x0000000083000000| Untracked 
|  19|0x0000000083100000, 0x0000000083200000, 0x0000000083200000|100%| O|  |TAMS 0x0000000083100000, 0x0000000083100000| Untracked 
|  20|0x0000000083200000, 0x0000000083300000, 0x0000000083300000|100%| O|  |TAMS 0x0000000083200000, 0x0000000083200000| Untracked 
|  21|0x0000000083300000, 0x0000000083400000, 0x0000000083400000|100%| O|  |TAMS 0x0000000083300000, 0x0000000083300000| Untracked 
|  22|0x0000000083400000, 0x0000000083500000, 0x0000000083500000|100%| O|  |TAMS 0x0000000083400000, 0x0000000083400000| Untracked 
|  23|0x0000000083500000, 0x0000000083600000, 0x0000000083600000|100%| O|  |TAMS 0x0000000083500000, 0x0000000083500000| Untracked 
|  24|0x0000000083600000, 0x000000008369a200, 0x0000000083700000| 60%| O|  |TAMS 0x0000000083600000, 0x0000000083600000| Untracked 
|  25|0x0000000083700000, 0x0000000083700000, 0x0000000083800000|  0%| F|  |TAMS 0x0000000083700000, 0x0000000083700000| Untracked 
|  26|0x0000000083800000, 0x0000000083800000, 0x0000000083900000|  0%| F|  |TAMS 0x0000000083800000, 0x0000000083800000| Untracked 
|  27|0x0000000083900000, 0x0000000083900000, 0x0000000083a00000|  0%| F|  |TAMS 0x0000000083900000, 0x0000000083900000| Untracked 
|  28|0x0000000083a00000, 0x0000000083a00000, 0x0000000083b00000|  0%| F|  |TAMS 0x0000000083a00000, 0x0000000083a00000| Untracked 
|  29|0x0000000083b00000, 0x0000000083b00000, 0x0000000083c00000|  0%| F|  |TAMS 0x0000000083b00000, 0x0000000083b00000| Untracked 
|  30|0x0000000083c00000, 0x0000000083c00000, 0x0000000083d00000|  0%| F|  |TAMS 0x0000000083c00000, 0x0000000083c00000| Untracked 
|  31|0x0000000083d00000, 0x0000000083d00000, 0x0000000083e00000|  0%| F|  |TAMS 0x0000000083d00000, 0x0000000083d00000| Untracked 
|  32|0x0000000083e00000, 0x0000000083e00000, 0x0000000083f00000|  0%| F|  |TAMS 0x0000000083e00000, 0x0000000083e00000| Untracked 
|  33|0x0000000083f00000, 0x0000000083f00000, 0x0000000084000000|  0%| F|  |TAMS 0x0000000083f00000, 0x0000000083f00000| Untracked 
|  34|0x0000000084000000, 0x0000000084000000, 0x0000000084100000|  0%| F|  |TAMS 0x0000000084000000, 0x0000000084000000| Untracked 
|  35|0x0000000084100000, 0x0000000084100000, 0x0000000084200000|  0%| F|  |TAMS 0x0000000084100000, 0x0000000084100000| Untracked 
|  36|0x0000000084200000, 0x0000000084200000, 0x0000000084300000|  0%| F|  |TAMS 0x0000000084200000, 0x0000000084200000| Untracked 
|  37|0x0000000084300000, 0x0000000084300000, 0x0000000084400000|  0%| F|  |TAMS 0x0000000084300000, 0x0000000084300000| Untracked 
|  38|0x0000000084400000, 0x0000000084400000, 0x0000000084500000|  0%| F|  |TAMS 0x0000000084400000, 0x0000000084400000| Untracked 
|  39|0x0000000084500000, 0x0000000084500000, 0x0000000084600000|  0%| F|  |TAMS 0x0000000084500000, 0x0000000084500000| Untracked 
|  40|0x0000000084600000, 0x0000000084600000, 0x0000000084700000|  0%| F|  |TAMS 0x0000000084600000, 0x0000000084600000| Untracked 
|  41|0x0000000084700000, 0x0000000084700000, 0x0000000084800000|  0%| F|  |TAMS 0x0000000084700000, 0x0000000084700000| Untracked 
|  42|0x0000000084800000, 0x0000000084800000, 0x0000000084900000|  0%| F|  |TAMS 0x0000000084800000, 0x0000000084800000| Untracked 
|  43|0x0000000084900000, 0x0000000084900000, 0x0000000084a00000|  0%| F|  |TAMS 0x0000000084900000, 0x0000000084900000| Untracked 
|  44|0x0000000084a00000, 0x0000000084a00000, 0x0000000084b00000|  0%| F|  |TAMS 0x0000000084a00000, 0x0000000084a00000| Untracked 
|  45|0x0000000084b00000, 0x0000000084b00000, 0x0000000084c00000|  0%| F|  |TAMS 0x0000000084b00000, 0x0000000084b00000| Untracked 
|  46|0x0000000084c00000, 0x0000000084c00000, 0x0000000084d00000|  0%| F|  |TAMS 0x0000000084c00000, 0x0000000084c00000| Untracked 
|  47|0x0000000084d00000, 0x0000000084d00000, 0x0000000084e00000|  0%| F|  |TAMS 0x0000000084d00000, 0x0000000084d00000| Untracked 
|  48|0x0000000084e00000, 0x0000000084e00000, 0x0000000084f00000|  0%| F|  |TAMS 0x0000000084e00000, 0x0000000084e00000| Untracked 
|  49|0x0000000084f00000, 0x0000000084f00000, 0x0000000085000000|  0%| F|  |TAMS 0x0000000084f00000, 0x0000000084f00000| Untracked 
|  50|0x0000000085000000, 0x0000000085000000, 0x0000000085100000|  0%| F|  |TAMS 0x0000000085000000, 0x0000000085000000| Untracked 
|  51|0x0000000085100000, 0x0000000085100000, 0x0000000085200000|  0%| F|  |TAMS 0x0000000085100000, 0x0000000085100000| Untracked 
|  52|0x0000000085200000, 0x0000000085200000, 0x0000000085300000|  0%| F|  |TAMS 0x0000000085200000, 0x0000000085200000| Untracked 
|  53|0x0000000085300000, 0x0000000085300000, 0x0000000085400000|  0%| F|  |TAMS 0x0000000085300000, 0x0000000085300000| Untracked 
|  54|0x0000000085400000, 0x0000000085400000, 0x0000000085500000|  0%| F|  |TAMS 0x0000000085400000, 0x0000000085400000| Untracked 
|  55|0x0000000085500000, 0x0000000085500000, 0x0000000085600000|  0%| F|  |TAMS 0x0000000085500000, 0x0000000085500000| Untracked 
|  56|0x0000000085600000, 0x0000000085600000, 0x0000000085700000|  0%| F|  |TAMS 0x0000000085600000, 0x0000000085600000| Untracked 
|  57|0x0000000085700000, 0x0000000085700000, 0x0000000085800000|  0%| F|  |TAMS 0x0000000085700000, 0x0000000085700000| Untracked 
|  58|0x0000000085800000, 0x0000000085800000, 0x0000000085900000|  0%| F|  |TAMS 0x0000000085800000, 0x0000000085800000| Untracked 
|  59|0x0000000085900000, 0x0000000085900000, 0x0000000085a00000|  0%| F|  |TAMS 0x0000000085900000, 0x0000000085900000| Untracked 
|  60|0x0000000085a00000, 0x0000000085a00000, 0x0000000085b00000|  0%| F|  |TAMS 0x0000000085a00000, 0x0000000085a00000| Untracked 
|  61|0x0000000085b00000, 0x0000000085b00000, 0x0000000085c00000|  0%| F|  |TAMS 0x0000000085b00000, 0x0000000085b00000| Untracked 
|  62|0x0000000085c00000, 0x0000000085c00000, 0x0000000085d00000|  0%| F|  |TAMS 0x0000000085c00000, 0x0000000085c00000| Untracked 
|  63|0x0000000085d00000, 0x0000000085d00000, 0x0000000085e00000|  0%| F|  |TAMS 0x0000000085d00000, 0x0000000085d00000| Untracked 
|  64|0x0000000085e00000, 0x0000000085e00000, 0x0000000085f00000|  0%| F|  |TAMS 0x0000000085e00000, 0x0000000085e00000| Untracked 
|  65|0x0000000085f00000, 0x0000000085f00000, 0x0000000086000000|  0%| F|  |TAMS 0x0000000085f00000, 0x0000000085f00000| Untracked 
|  66|0x0000000086000000, 0x0000000086000000, 0x0000000086100000|  0%| F|  |TAMS 0x0000000086000000, 0x0000000086000000| Untracked 
|  67|0x0000000086100000, 0x0000000086100000, 0x0000000086200000|  0%| F|  |TAMS 0x0000000086100000, 0x0000000086100000| Untracked 
|  68|0x0000000086200000, 0x0000000086200000, 0x0000000086300000|  0%| F|  |TAMS 0x0000000086200000, 0x0000000086200000| Untracked 
|  69|0x0000000086300000, 0x0000000086300000, 0x0000000086400000|  0%| F|  |TAMS 0x0000000086300000, 0x0000000086300000| Untracked 
|  70|0x0000000086400000, 0x0000000086400000, 0x0000000086500000|  0%| F|  |TAMS 0x0000000086400000, 0x0000000086400000| Untracked 
|  71|0x0000000086500000, 0x0000000086500000, 0x0000000086600000|  0%| F|  |TAMS 0x0000000086500000, 0x0000000086500000| Untracked 
|  72|0x0000000086600000, 0x0000000086600000, 0x0000000086700000|  0%| F|  |TAMS 0x0000000086600000, 0x0000000086600000| Untracked 
|  73|0x0000000086700000, 0x0000000086700000, 0x0000000086800000|  0%| F|  |TAMS 0x0000000086700000, 0x0000000086700000| Untracked 
|  74|0x0000000086800000, 0x0000000086800000, 0x0000000086900000|  0%| F|  |TAMS 0x0000000086800000, 0x0000000086800000| Untracked 
|  75|0x0000000086900000, 0x0000000086900000, 0x0000000086a00000|  0%| F|  |TAMS 0x0000000086900000, 0x0000000086900000| Untracked 
|  76|0x0000000086a00000, 0x0000000086a00000, 0x0000000086b00000|  0%| F|  |TAMS 0x0000000086a00000, 0x0000000086a00000| Untracked 
|  77|0x0000000086b00000, 0x0000000086c00000, 0x0000000086c00000|100%| S|CS|TAMS 0x0000000086b00000, 0x0000000086b00000| Complete 
|  78|0x0000000086c00000, 0x0000000086d00000, 0x0000000086d00000|100%| S|CS|TAMS 0x0000000086c00000, 0x0000000086c00000| Complete 
|  79|0x0000000086d00000, 0x0000000086e00000, 0x0000000086e00000|100%| S|CS|TAMS 0x0000000086d00000, 0x0000000086d00000| Complete 
|  80|0x0000000086e00000, 0x0000000086f00000, 0x0000000086f00000|100%| S|CS|TAMS 0x0000000086e00000, 0x0000000086e00000| Complete 
|  81|0x0000000086f00000, 0x0000000087000000, 0x0000000087000000|100%| S|CS|TAMS 0x0000000086f00000, 0x0000000086f00000| Complete 
|  82|0x0000000087000000, 0x0000000087100000, 0x0000000087100000|100%| S|CS|TAMS 0x0000000087000000, 0x0000000087000000| Complete 
|  83|0x0000000087100000, 0x0000000087200000, 0x0000000087200000|100%| S|CS|TAMS 0x0000000087100000, 0x0000000087100000| Complete 
|  84|0x0000000087200000, 0x0000000087300000, 0x0000000087300000|100%| S|CS|TAMS 0x0000000087200000, 0x0000000087200000| Complete 
|  85|0x0000000087300000, 0x0000000087400000, 0x0000000087400000|100%| S|CS|TAMS 0x0000000087300000, 0x0000000087300000| Complete 
|  86|0x0000000087400000, 0x0000000087500000, 0x0000000087500000|100%| S|CS|TAMS 0x0000000087400000, 0x0000000087400000| Complete 
|  87|0x0000000087500000, 0x0000000087600000, 0x0000000087600000|100%| S|CS|TAMS 0x0000000087500000, 0x0000000087500000| Complete 
|  88|0x0000000087600000, 0x0000000087600000, 0x0000000087700000|  0%| F|  |TAMS 0x0000000087600000, 0x0000000087600000| Untracked 
|  89|0x0000000087700000, 0x0000000087700000, 0x0000000087800000|  0%| F|  |TAMS 0x0000000087700000, 0x0000000087700000| Untracked 
|  90|0x0000000087800000, 0x0000000087800000, 0x0000000087900000|  0%| F|  |TAMS 0x0000000087800000, 0x0000000087800000| Untracked 
|  91|0x0000000087900000, 0x0000000087900000, 0x0000000087a00000|  0%| F|  |TAMS 0x0000000087900000, 0x0000000087900000| Untracked 
|  92|0x0000000087a00000, 0x0000000087a00000, 0x0000000087b00000|  0%| F|  |TAMS 0x0000000087a00000, 0x0000000087a00000| Untracked 
|  93|0x0000000087b00000, 0x0000000087b00000, 0x0000000087c00000|  0%| F|  |TAMS 0x0000000087b00000, 0x0000000087b00000| Untracked 
|  94|0x0000000087c00000, 0x0000000087c00000, 0x0000000087d00000|  0%| F|  |TAMS 0x0000000087c00000, 0x0000000087c00000| Untracked 
|  95|0x0000000087d00000, 0x0000000087d00000, 0x0000000087e00000|  0%| F|  |TAMS 0x0000000087d00000, 0x0000000087d00000| Untracked 
|  96|0x0000000087e00000, 0x0000000087e00000, 0x0000000087f00000|  0%| F|  |TAMS 0x0000000087e00000, 0x0000000087e00000| Untracked 
|  97|0x0000000087f00000, 0x0000000087f00000, 0x0000000088000000|  0%| F|  |TAMS 0x0000000087f00000, 0x0000000087f00000| Untracked 
|  98|0x0000000088000000, 0x0000000088000000, 0x0000000088100000|  0%| F|  |TAMS 0x0000000088000000, 0x0000000088000000| Untracked 
|  99|0x0000000088100000, 0x0000000088100000, 0x0000000088200000|  0%| F|  |TAMS 0x0000000088100000, 0x0000000088100000| Untracked 
| 100|0x0000000088200000, 0x0000000088200000, 0x0000000088300000|  0%| F|  |TAMS 0x0000000088200000, 0x0000000088200000| Untracked 
| 101|0x0000000088300000, 0x0000000088300000, 0x0000000088400000|  0%| F|  |TAMS 0x0000000088300000, 0x0000000088300000| Untracked 
| 102|0x0000000088400000, 0x0000000088400000, 0x0000000088500000|  0%| F|  |TAMS 0x0000000088400000, 0x0000000088400000| Untracked 
| 103|0x0000000088500000, 0x0000000088500000, 0x0000000088600000|  0%| F|  |TAMS 0x0000000088500000, 0x0000000088500000| Untracked 
| 104|0x0000000088600000, 0x0000000088600000, 0x0000000088700000|  0%| F|  |TAMS 0x0000000088600000, 0x0000000088600000| Untracked 
| 105|0x0000000088700000, 0x0000000088700000, 0x0000000088800000|  0%| F|  |TAMS 0x0000000088700000, 0x0000000088700000| Untracked 
| 106|0x0000000088800000, 0x0000000088800000, 0x0000000088900000|  0%| F|  |TAMS 0x0000000088800000, 0x0000000088800000| Untracked 
| 107|0x0000000088900000, 0x0000000088900000, 0x0000000088a00000|  0%| F|  |TAMS 0x0000000088900000, 0x0000000088900000| Untracked 
| 108|0x0000000088a00000, 0x0000000088a00000, 0x0000000088b00000|  0%| F|  |TAMS 0x0000000088a00000, 0x0000000088a00000| Untracked 
| 109|0x0000000088b00000, 0x0000000088b00000, 0x0000000088c00000|  0%| F|  |TAMS 0x0000000088b00000, 0x0000000088b00000| Untracked 
| 110|0x0000000088c00000, 0x0000000088c00000, 0x0000000088d00000|  0%| F|  |TAMS 0x0000000088c00000, 0x0000000088c00000| Untracked 
| 111|0x0000000088d00000, 0x0000000088d00000, 0x0000000088e00000|  0%| F|  |TAMS 0x0000000088d00000, 0x0000000088d00000| Untracked 
| 112|0x0000000088e00000, 0x0000000088e00000, 0x0000000088f00000|  0%| F|  |TAMS 0x0000000088e00000, 0x0000000088e00000| Untracked 
| 113|0x0000000088f00000, 0x0000000088f00000, 0x0000000089000000|  0%| F|  |TAMS 0x0000000088f00000, 0x0000000088f00000| Untracked 
| 114|0x0000000089000000, 0x0000000089000000, 0x0000000089100000|  0%| F|  |TAMS 0x0000000089000000, 0x0000000089000000| Untracked 
| 115|0x0000000089100000, 0x0000000089100000, 0x0000000089200000|  0%| F|  |TAMS 0x0000000089100000, 0x0000000089100000| Untracked 
| 116|0x0000000089200000, 0x0000000089200000, 0x0000000089300000|  0%| F|  |TAMS 0x0000000089200000, 0x0000000089200000| Untracked 
| 117|0x0000000089300000, 0x0000000089300000, 0x0000000089400000|  0%| F|  |TAMS 0x0000000089300000, 0x0000000089300000| Untracked 
| 118|0x0000000089400000, 0x0000000089400000, 0x0000000089500000|  0%| F|  |TAMS 0x0000000089400000, 0x0000000089400000| Untracked 
| 119|0x0000000089500000, 0x0000000089500000, 0x0000000089600000|  0%| F|  |TAMS 0x0000000089500000, 0x0000000089500000| Untracked 
| 120|0x0000000089600000, 0x0000000089600000, 0x0000000089700000|  0%| F|  |TAMS 0x0000000089600000, 0x0000000089600000| Untracked 
| 121|0x0000000089700000, 0x0000000089700000, 0x0000000089800000|  0%| F|  |TAMS 0x0000000089700000, 0x0000000089700000| Untracked 
| 122|0x0000000089800000, 0x0000000089800000, 0x0000000089900000|  0%| F|  |TAMS 0x0000000089800000, 0x0000000089800000| Untracked 
| 123|0x0000000089900000, 0x0000000089900000, 0x0000000089a00000|  0%| F|  |TAMS 0x0000000089900000, 0x0000000089900000| Untracked 
| 124|0x0000000089a00000, 0x0000000089a00000, 0x0000000089b00000|  0%| F|  |TAMS 0x0000000089a00000, 0x0000000089a00000| Untracked 
| 125|0x0000000089b00000, 0x0000000089b00000, 0x0000000089c00000|  0%| F|  |TAMS 0x0000000089b00000, 0x0000000089b00000| Untracked 
| 126|0x0000000089c00000, 0x0000000089c00000, 0x0000000089d00000|  0%| F|  |TAMS 0x0000000089c00000, 0x0000000089c00000| Untracked 
| 127|0x0000000089d00000, 0x0000000089d00000, 0x0000000089e00000|  0%| F|  |TAMS 0x0000000089d00000, 0x0000000089d00000| Untracked 
| 128|0x0000000089e00000, 0x0000000089e00000, 0x0000000089f00000|  0%| F|  |TAMS 0x0000000089e00000, 0x0000000089e00000| Untracked 
| 129|0x0000000089f00000, 0x0000000089f00000, 0x000000008a000000|  0%| F|  |TAMS 0x0000000089f00000, 0x0000000089f00000| Untracked 
| 130|0x000000008a000000, 0x000000008a000000, 0x000000008a100000|  0%| F|  |TAMS 0x000000008a000000, 0x000000008a000000| Untracked 
| 131|0x000000008a100000, 0x000000008a100000, 0x000000008a200000|  0%| F|  |TAMS 0x000000008a100000, 0x000000008a100000| Untracked 
| 132|0x000000008a200000, 0x000000008a200000, 0x000000008a300000|  0%| F|  |TAMS 0x000000008a200000, 0x000000008a200000| Untracked 
| 133|0x000000008a300000, 0x000000008a300000, 0x000000008a400000|  0%| F|  |TAMS 0x000000008a300000, 0x000000008a300000| Untracked 
| 134|0x000000008a400000, 0x000000008a400000, 0x000000008a500000|  0%| F|  |TAMS 0x000000008a400000, 0x000000008a400000| Untracked 
| 135|0x000000008a500000, 0x000000008a500000, 0x000000008a600000|  0%| F|  |TAMS 0x000000008a500000, 0x000000008a500000| Untracked 
| 136|0x000000008a600000, 0x000000008a600000, 0x000000008a700000|  0%| F|  |TAMS 0x000000008a600000, 0x000000008a600000| Untracked 
| 137|0x000000008a700000, 0x000000008a700000, 0x000000008a800000|  0%| F|  |TAMS 0x000000008a700000, 0x000000008a700000| Untracked 
| 138|0x000000008a800000, 0x000000008a800000, 0x000000008a900000|  0%| F|  |TAMS 0x000000008a800000, 0x000000008a800000| Untracked 
| 139|0x000000008a900000, 0x000000008a900000, 0x000000008aa00000|  0%| F|  |TAMS 0x000000008a900000, 0x000000008a900000| Untracked 
| 140|0x000000008aa00000, 0x000000008aa00000, 0x000000008ab00000|  0%| F|  |TAMS 0x000000008aa00000, 0x000000008aa00000| Untracked 
| 141|0x000000008ab00000, 0x000000008ab00000, 0x000000008ac00000|  0%| F|  |TAMS 0x000000008ab00000, 0x000000008ab00000| Untracked 
| 142|0x000000008ac00000, 0x000000008ac00000, 0x000000008ad00000|  0%| F|  |TAMS 0x000000008ac00000, 0x000000008ac00000| Untracked 
| 143|0x000000008ad00000, 0x000000008ad00000, 0x000000008ae00000|  0%| F|  |TAMS 0x000000008ad00000, 0x000000008ad00000| Untracked 
| 144|0x000000008ae00000, 0x000000008ae00000, 0x000000008af00000|  0%| F|  |TAMS 0x000000008ae00000, 0x000000008ae00000| Untracked 
| 145|0x000000008af00000, 0x000000008af00000, 0x000000008b000000|  0%| F|  |TAMS 0x000000008af00000, 0x000000008af00000| Untracked 
| 146|0x000000008b000000, 0x000000008b082010, 0x000000008b100000| 50%| E|  |TAMS 0x000000008b000000, 0x000000008b000000| Complete 
| 147|0x000000008b100000, 0x000000008b200000, 0x000000008b200000|100%| E|CS|TAMS 0x000000008b100000, 0x000000008b100000| Complete 
| 148|0x000000008b200000, 0x000000008b300000, 0x000000008b300000|100%| E|CS|TAMS 0x000000008b200000, 0x000000008b200000| Complete 
| 149|0x000000008b300000, 0x000000008b400000, 0x000000008b400000|100%| E|CS|TAMS 0x000000008b300000, 0x000000008b300000| Complete 
| 150|0x000000008b400000, 0x000000008b500000, 0x000000008b500000|100%| E|CS|TAMS 0x000000008b400000, 0x000000008b400000| Complete 
| 151|0x000000008b500000, 0x000000008b600000, 0x000000008b600000|100%| E|CS|TAMS 0x000000008b500000, 0x000000008b500000| Complete 
| 152|0x000000008b600000, 0x000000008b700000, 0x000000008b700000|100%| E|CS|TAMS 0x000000008b600000, 0x000000008b600000| Complete 
| 153|0x000000008b700000, 0x000000008b800000, 0x000000008b800000|100%| E|CS|TAMS 0x000000008b700000, 0x000000008b700000| Complete 
| 154|0x000000008b800000, 0x000000008b900000, 0x000000008b900000|100%| E|CS|TAMS 0x000000008b800000, 0x000000008b800000| Complete 
| 155|0x000000008b900000, 0x000000008ba00000, 0x000000008ba00000|100%| E|CS|TAMS 0x000000008b900000, 0x000000008b900000| Complete 
| 156|0x000000008ba00000, 0x000000008bb00000, 0x000000008bb00000|100%| E|CS|TAMS 0x000000008ba00000, 0x000000008ba00000| Complete 
| 157|0x000000008bb00000, 0x000000008bc00000, 0x000000008bc00000|100%| E|CS|TAMS 0x000000008bb00000, 0x000000008bb00000| Complete 
| 158|0x000000008bc00000, 0x000000008bd00000, 0x000000008bd00000|100%| E|CS|TAMS 0x000000008bc00000, 0x000000008bc00000| Complete 
| 159|0x000000008bd00000, 0x000000008be00000, 0x000000008be00000|100%| E|CS|TAMS 0x000000008bd00000, 0x000000008bd00000| Complete 
| 160|0x000000008be00000, 0x000000008bf00000, 0x000000008bf00000|100%| E|CS|TAMS 0x000000008be00000, 0x000000008be00000| Complete 
| 161|0x000000008bf00000, 0x000000008c000000, 0x000000008c000000|100%| E|CS|TAMS 0x000000008bf00000, 0x000000008bf00000| Complete 
| 162|0x000000008c000000, 0x000000008c100000, 0x000000008c100000|100%| E|CS|TAMS 0x000000008c000000, 0x000000008c000000| Complete 
| 163|0x000000008c100000, 0x000000008c200000, 0x000000008c200000|100%| E|CS|TAMS 0x000000008c100000, 0x000000008c100000| Complete 
| 164|0x000000008c200000, 0x000000008c300000, 0x000000008c300000|100%| E|CS|TAMS 0x000000008c200000, 0x000000008c200000| Complete 
| 165|0x000000008c300000, 0x000000008c400000, 0x000000008c400000|100%| E|CS|TAMS 0x000000008c300000, 0x000000008c300000| Complete 
| 166|0x000000008c400000, 0x000000008c500000, 0x000000008c500000|100%| E|CS|TAMS 0x000000008c400000, 0x000000008c400000| Complete 
| 167|0x000000008c500000, 0x000000008c600000, 0x000000008c600000|100%| E|CS|TAMS 0x000000008c500000, 0x000000008c500000| Complete 
| 168|0x000000008c600000, 0x000000008c700000, 0x000000008c700000|100%| E|CS|TAMS 0x000000008c600000, 0x000000008c600000| Complete 
| 169|0x000000008c700000, 0x000000008c800000, 0x000000008c800000|100%| E|CS|TAMS 0x000000008c700000, 0x000000008c700000| Complete 
| 170|0x000000008c800000, 0x000000008c900000, 0x000000008c900000|100%| E|CS|TAMS 0x000000008c800000, 0x000000008c800000| Complete 
| 171|0x000000008c900000, 0x000000008ca00000, 0x000000008ca00000|100%| E|CS|TAMS 0x000000008c900000, 0x000000008c900000| Complete 
|2016|0x00000000ffe00000, 0x00000000ffe35000, 0x00000000fff00000| 20%|OA|  |TAMS 0x00000000ffe35000, 0x00000000ffe00000| Untracked 
|2017|0x00000000fff00000, 0x00000000fff6a000, 0x0000000100000000| 41%|CA|  |TAMS 0x00000000fff6a000, 0x00000000fff00000| Untracked 

Card table byte_map: [0x00007faacd620000,0x00007faacda11000] _byte_map_base: 0x00007faacd211000

Marking Bits (Prev, Next): (CMBitMap*) 0x00007faac8051750, (CMBitMap*) 0x00007faac8051718
 Prev Bits: [0x00007faaa80e0000, 0x00007faaaa068000)
 Next Bits: [0x00007faaaa070000, 0x00007faaabff8000)

Polling page: 0x00007faad2310000

Metaspace:

Usage:
  Non-class:     28.92 MB capacity,    28.43 MB ( 98%) used,   446.76 KB (  2%) free+waste,    57.50 KB ( <1%) overhead. 
      Class:      4.02 MB capacity,     3.65 MB ( 91%) used,   352.45 KB (  9%) free+waste,    25.50 KB ( <1%) overhead. 
       Both:     32.94 MB capacity,    32.08 MB ( 97%) used,   799.20 KB (  2%) free+waste,    83.00 KB ( <1%) overhead. 

Virtual space:
  Non-class space:       30.00 MB reserved,      29.00 MB ( 97%) committed 
      Class space:        1.00 GB reserved,       4.12 MB ( <1%) committed 
             Both:        1.03 GB reserved,      33.12 MB (  3%) committed 

Chunk freelists:
   Non-Class:  14.00 KB
       Class:  14.00 KB
        Both:  28.00 KB

CodeHeap 'non-profiled nmethods': size=120032Kb used=3076Kb max_used=3076Kb free=116955Kb
 bounds [0x00007faab8438000, 0x00007faab8748000, 0x00007faabf970000]
CodeHeap 'profiled nmethods': size=120032Kb used=12494Kb max_used=12494Kb free=107537Kb
 bounds [0x00007faab0f00000, 0x00007faab1b40000, 0x00007faab8438000]
CodeHeap 'non-nmethods': size=5696Kb used=1195Kb max_used=1213Kb free=4500Kb
 bounds [0x00007faab0970000, 0x00007faab0be0000, 0x00007faab0f00000]
 total_blobs=7479 nmethods=5464 adapters=450
 compilation: enabled
              stopped_count=0, restarted_count=0
 full_count=0

Compilation events (10 events):
Event: 19.098 Thread 0x00007faac8123800 nmethod 5582 0x00007faab1b37110 code [0x00007faab1b37320, 0x00007faab1b37818]
Event: 19.098 Thread 0x00007faac8123800 5583       3       java.util.concurrent.locks.AbstractQueuedSynchronizer::acquireInterruptibly (28 bytes)
Event: 19.099 Thread 0x00007faac8123800 nmethod 5583 0x00007faab1b37a10 code [0x00007faab1b37c20, 0x00007faab1b380b8]
Event: 19.397 Thread 0x00007faac8123800 5584       3       java.util.concurrent.locks.AbstractQueuedSynchronizer$ConditionObject::signal (33 bytes)
Event: 19.398 Thread 0x00007faac8123800 nmethod 5584 0x00007faab0f75190 code [0x00007faab0f75380, 0x00007faab0f75748]
Event: 19.594 Thread 0x00007faac8123800 5585       3       java.util.concurrent.ThreadPoolExecutor::isShutdown (12 bytes)
Event: 19.594 Thread 0x00007faac8123800 nmethod 5585 0x00007faab0f4e590 code [0x00007faab0f4e740, 0x00007faab0f4e990]
Event: 19.699 Thread 0x00007faac8123800 5586       3       java.util.concurrent.ScheduledThreadPoolExecutor::canRunInCurrentRunState (61 bytes)
Event: 19.700 Thread 0x00007faac8123800 nmethod 5586 0x00007faab1b38210 code [0x00007faab1b38440, 0x00007faab1b38d28]
Event: 21.325 Thread 0x00007faac8121800 5587       4       java.util.concurrent.locks.ReentrantLock$Sync::nonfairTryAcquire (67 bytes)

GC Heap History (10 events):
Event: 3.880 GC heap before
{Heap before GC invocations=3 (full 0):
 garbage-first heap   total 133120K, used 52009K [0x0000000081e00000, 0x0000000100000000)
  region size 1024K, 48 young (49152K), 2 survivors (2048K)
 Metaspace       used 13070K, capacity 14529K, committed 14592K, reserved 1062912K
  class space    used 1523K, capacity 1764K, committed 1792K, reserved 1048576K
}
Event: 3.916 GC heap after
{Heap after GC invocations=4 (full 0):
 garbage-first heap   total 133120K, used 10914K [0x0000000081e00000, 0x0000000100000000)
  region size 1024K, 6 young (6144K), 6 survivors (6144K)
 Metaspace       used 13070K, capacity 14529K, committed 14592K, reserved 1062912K
  class space    used 1523K, capacity 1764K, committed 1792K, reserved 1048576K
}
Event: 4.730 GC heap before
{Heap before GC invocations=4 (full 0):
 garbage-first heap   total 133120K, used 66210K [0x0000000081e00000, 0x0000000100000000)
  region size 1024K, 60 young (61440K), 6 survivors (6144K)
 Metaspace       used 13547K, capacity 14882K, committed 15104K, reserved 1062912K
  class space    used 1552K, capacity 1774K, committed 1792K, reserved 1048576K
}
Event: 4.773 GC heap after
{Heap after GC invocations=5 (full 0):
 garbage-first heap   total 133120K, used 15996K [0x0000000081e00000, 0x0000000100000000)
  region size 1024K, 5 young (5120K), 5 survivors (5120K)
 Metaspace       used 13547K, capacity 14882K, committed 15104K, reserved 1062912K
  class space    used 1552K, capacity 1774K, committed 1792K, reserved 1048576K
}
Event: 6.443 GC heap before
{Heap before GC invocations=5 (full 0):
 garbage-first heap   total 133120K, used 57980K [0x0000000081e00000, 0x0000000100000000)
  region size 1024K, 47 young (48128K), 5 survivors (5120K)
 Metaspace       used 20534K, capacity 20999K, committed 21248K, reserved 1069056K
  class space    used 2400K, capacity 2552K, committed 2560K, reserved 1048576K
}
Event: 6.490 GC heap after
{Heap after GC invocations=6 (full 0):
 garbage-first heap   total 178176K, used 20971K [0x0000000081e00000, 0x0000000100000000)
  region size 1024K, 5 young (5120K), 5 survivors (5120K)
 Metaspace       used 20534K, capacity 20999K, committed 21248K, reserved 1069056K
  class space    used 2400K, capacity 2552K, committed 2560K, reserved 1048576K
}
Event: 9.555 GC heap before
{Heap before GC invocations=7 (full 0):
 garbage-first heap   total 178176K, used 87531K [0x0000000081e00000, 0x0000000100000000)
  region size 1024K, 70 young (71680K), 5 survivors (5120K)
 Metaspace       used 29108K, capacity 29863K, committed 30080K, reserved 1075200K
  class space    used 3375K, capacity 3660K, committed 3712K, reserved 1048576K
}
Event: 9.577 GC heap after
{Heap after GC invocations=8 (full 0):
 garbage-first heap   total 178176K, used 27260K [0x0000000081e00000, 0x0000000100000000)
  region size 1024K, 9 young (9216K), 9 survivors (9216K)
 Metaspace       used 29108K, capacity 29863K, committed 30080K, reserved 1075200K
  class space    used 3375K, capacity 3660K, committed 3712K, reserved 1048576K
}
Event: 11.142 GC heap before
{Heap before GC invocations=8 (full 0):
 garbage-first heap   total 178176K, used 103036K [0x0000000081e00000, 0x0000000100000000)
  region size 1024K, 84 young (86016K), 9 survivors (9216K)
 Metaspace       used 31899K, capacity 32722K, committed 33024K, reserved 1079296K
  class space    used 3635K, capacity 4011K, committed 4096K, reserved 1048576K
}
Event: 11.178 GC heap after
{Heap after GC invocations=9 (full 0):
 garbage-first heap   total 178176K, used 37092K [0x0000000081e00000, 0x0000000100000000)
  region size 1024K, 11 young (11264K), 11 survivors (11264K)
 Metaspace       used 31899K, capacity 32722K, committed 33024K, reserved 1079296K
  class space    used 3635K, capacity 4011K, committed 4096K, reserved 1048576K
}

Deoptimization events (10 events):
Event: 11.010 Thread 0x00007faac8012000 Uncommon trap: reason=class_check action=maybe_recompile pc=0x00007faab84e0a3c method=com.google.inject.internal.MoreTypes.getRawType(Ljava/lang/reflect/Type;)Ljava/lang/Class; @ 13 c2
Event: 11.036 Thread 0x00007faac8a38800 Uncommon trap: reason=unstable_if action=reinterpret pc=0x00007faab86b9518 method=jdk.internal.org.objectweb.asm.Type.getArgumentsAndReturnSizes(Ljava/lang/String;)I @ 136 c2
Event: 11.057 Thread 0x00007faac8012000 Uncommon trap: reason=unstable_if action=reinterpret pc=0x00007faab86714cc method=org.codehaus.plexus.classworlds.realm.Entry.matches(Ljava/lang/String;)Z @ 20 c2
Event: 11.228 Thread 0x00007faac8469800 Uncommon trap: reason=unstable_if action=reinterpret pc=0x00007faab86acda0 method=java.util.concurrent.locks.AbstractQueuedSynchronizer.doReleaseShared()V @ 6 c2
Event: 11.341 Thread 0x00007faac85f1000 Uncommon trap: reason=unstable_if action=reinterpret pc=0x00007faab85e651c method=java.util.concurrent.ConcurrentHashMap.addCount(JI)V @ 34 c2
Event: 11.341 Thread 0x00007faac85f1000 Uncommon trap: reason=unstable_if action=reinterpret pc=0x00007faab85e06e4 method=java.util.concurrent.ConcurrentHashMap.addCount(JI)V @ 7 c2
Event: 11.491 Thread 0x00007faac8012000 Uncommon trap: reason=class_check action=maybe_recompile pc=0x00007faab8647014 method=java.util.Collections$UnmodifiableMap$UnmodifiableEntrySet$1.next()Ljava/util/Map$Entry; @ 8 c2
Event: 11.491 Thread 0x00007faac8012000 Uncommon trap: reason=class_check action=maybe_recompile pc=0x00007faab8647014 method=java.util.Collections$UnmodifiableMap$UnmodifiableEntrySet$1.next()Ljava/util/Map$Entry; @ 8 c2
Event: 11.491 Thread 0x00007faac8012000 Uncommon trap: reason=class_check action=maybe_recompile pc=0x00007faab8647014 method=java.util.Collections$UnmodifiableMap$UnmodifiableEntrySet$1.next()Ljava/util/Map$Entry; @ 8 c2
Event: 11.491 Thread 0x00007faac8012000 Uncommon trap: reason=class_check action=maybe_recompile pc=0x00007faab8647014 method=java.util.Collections$UnmodifiableMap$UnmodifiableEntrySet$1.next()Ljava/util/Map$Entry; @ 8 c2

Classes redefined (0 events):
No events

Internal exceptions (10 events):
Event: 10.068 Thread 0x00007faac8012000 Exception <a 'sun/nio/fs/UnixException'{0x000000008b55fcc0}> (0x000000008b55fcc0) thrown at [/build/openjdk-lts-TkRlmw/openjdk-lts-11.0.3+7/src/hotspot/share/prims/jni.cpp, line 615]
Event: 10.666 Thread 0x00007faac8012000 Exception <a 'sun/nio/fs/UnixException'{0x00000000896816b8}> (0x00000000896816b8) thrown at [/build/openjdk-lts-TkRlmw/openjdk-lts-11.0.3+7/src/hotspot/share/prims/jni.cpp, line 615]
Event: 10.666 Thread 0x00007faac8012000 Exception <a 'sun/nio/fs/UnixException'{0x0000000089681db8}> (0x0000000089681db8) thrown at [/build/openjdk-lts-TkRlmw/openjdk-lts-11.0.3+7/src/hotspot/share/prims/jni.cpp, line 615]
Event: 10.666 Thread 0x00007faac8012000 Exception <a 'sun/nio/fs/UnixException'{0x00000000896824a0}> (0x00000000896824a0) thrown at [/build/openjdk-lts-TkRlmw/openjdk-lts-11.0.3+7/src/hotspot/share/prims/jni.cpp, line 615]
Event: 11.018 Thread 0x00007faac8012000 Exception <a 'java/lang/NoSuchMethodError'{0x0000000087e80d80}: org.apache.maven.execution.MavenExecutionRequest.getFailureBehavior()Ljava/lang/String;> (0x0000000087e80d80) thrown at [/build/openjdk-lts-TkRlmw/openjdk-lts-11.0.3+7/src/hotspot/share/inter
Event: 11.037 Thread 0x00007faac8a38800 Exception <a 'java/lang/NoSuchMethodError'{0x00000000889c0668}: java.lang.invoke.DirectMethodHandle$Holder.invokeStaticInit(Ljava/lang/Object;Ljava/lang/Object;JLjava/lang/Object;)Ljava/lang/Object;> (0x00000000889c0668) thrown at [/build/openjdk-lts-TkRl
Event: 11.039 Thread 0x00007faac8a38800 Exception <a 'java/lang/NoSuchMethodError'{0x00000000889cc610}: java.lang.invoke.Invokers$Holder.linkToTargetMethod(Ljava/lang/Object;JLjava/lang/Object;)Ljava/lang/Object;> (0x00000000889cc610) thrown at [/build/openjdk-lts-TkRlmw/openjdk-lts-11.0.3+7/sr
Event: 11.502 Thread 0x00007faac8012000 Exception <a 'java/lang/NoSuchMethodError'{0x000000008b40ff98}: java.lang.invoke.DirectMethodHandle$Holder.invokeStatic(Ljava/lang/Object;Ljava/lang/Object;Ljava/lang/Object;I)Ljava/lang/Object;> (0x000000008b40ff98) thrown at [/build/openjdk-lts-TkRlmw/o
Event: 11.503 Thread 0x00007faac8012000 Exception <a 'java/lang/NoSuchMethodError'{0x000000008b413c10}: java.lang.invoke.DirectMethodHandle$Holder.invokeSpecial(Ljava/lang/Object;Ljava/lang/Object;Ljava/lang/Object;Ljava/lang/Object;I)Ljava/lang/Object;> (0x000000008b413c10) thrown at [/build/o
Event: 11.504 Thread 0x00007faac8012000 Exception <a 'java/lang/NoSuchMethodError'{0x000000008b4170a0}: java.lang.invoke.Invokers$Holder.linkToTargetMethod(Ljava/lang/Object;Ljava/lang/Object;ILjava/lang/Object;)Ljava/lang/Object;> (0x000000008b4170a0) thrown at [/build/openjdk-lts-TkRlmw/openj

Events (10 events):
Event: 21.296 loading class org/apache/maven/plugin/surefire/booterclient/output/InPluginProcessDumpSingleton
Event: 21.296 loading class org/apache/maven/plugin/surefire/booterclient/output/InPluginProcessDumpSingleton done
Event: 21.296 loading class org/apache/maven/plugin/surefire/booterclient/output/InPluginProcessDumpSingleton
Event: 21.296 loading class org/apache/maven/plugin/surefire/booterclient/output/InPluginProcessDumpSingleton done
Event: 21.296 loading class org/apache/maven/plugin/surefire/booterclient/output/InPluginProcessDumpSingleton
Event: 21.296 loading class org/apache/maven/plugin/surefire/booterclient/output/InPluginProcessDumpSingleton done
Event: 21.302 loading class java/lang/Throwable$WrappedPrintWriter
Event: 21.302 loading class java/lang/Throwable$PrintStreamOrWriter
Event: 21.303 loading class java/lang/Throwable$PrintStreamOrWriter done
Event: 21.303 loading class java/lang/Throwable$WrappedPrintWriter done


Dynamic libraries:
81e00000-8ca00000 rw-p 00000000 00:00 0
8ca00000-ffe00000 ---p 00000000 00:00 0
ffe00000-ffe35000 rw-p 0111e000 00:00 337693                     /usr/lib/jvm/java-11-openjdk-amd64/lib/server/classes.jsa
ffe35000-fff00000 rw-p 00000000 00:00 0
fff00000-fff6a000 rw-p 010b4000 00:00 337693                     /usr/lib/jvm/java-11-openjdk-amd64/lib/server/classes.jsa
fff6a000-100000000 rw-p 00000000 00:00 0
800000000-800002000 rwxp 00001000 00:00 337693                   /usr/lib/jvm/java-11-openjdk-amd64/lib/server/classes.jsa
800002000-8003bf000 rw-p 00003000 00:00 337693                   /usr/lib/jvm/java-11-openjdk-amd64/lib/server/classes.jsa
8003bf000-800a9c000 r--p 003c0000 00:00 337693                   /usr/lib/jvm/java-11-openjdk-amd64/lib/server/classes.jsa
800a9c000-800a9d000 rw-p 00a9d000 00:00 337693                   /usr/lib/jvm/java-11-openjdk-amd64/lib/server/classes.jsa
800a9d000-8010b3000 r--p 00a9e000 00:00 337693                   /usr/lib/jvm/java-11-openjdk-amd64/lib/server/classes.jsa
840000000-840420000 rw-p 00000000 00:00 0
840420000-880000000 ---p 00000000 00:00 0
7faa28000000-7faa28021000 rw-p 00000000 00:00 0
7faa28021000-7faa2c000000 ---p 00000000 00:00 0
7faa30000000-7faa30021000 rw-p 00000000 00:00 0
7faa30021000-7faa34000000 ---p 00000000 00:00 0
7faa34000000-7faa34021000 rw-p 00000000 00:00 0
7faa34021000-7faa38000000 ---p 00000000 00:00 0
7faa38000000-7faa38021000 rw-p 00000000 00:00 0
7faa38021000-7faa3c000000 ---p 00000000 00:00 0
7faa3c000000-7faa3c021000 rw-p 00000000 00:00 0
7faa3c021000-7faa40000000 ---p 00000000 00:00 0
7faa40000000-7faa40021000 rw-p 00000000 00:00 0
7faa40021000-7faa44000000 ---p 00000000 00:00 0
7faa44000000-7faa44021000 rw-p 00000000 00:00 0
7faa44021000-7faa48000000 ---p 00000000 00:00 0
7faa48000000-7faa48021000 rw-p 00000000 00:00 0
7faa48021000-7faa4c000000 ---p 00000000 00:00 0
7faa4c000000-7faa4c021000 rw-p 00000000 00:00 0
7faa4c021000-7faa50000000 ---p 00000000 00:00 0
7faa50000000-7faa50021000 rw-p 00000000 00:00 0
7faa50021000-7faa54000000 ---p 00000000 00:00 0
7faa54000000-7faa54021000 rw-p 00000000 00:00 0
7faa54021000-7faa58000000 ---p 00000000 00:00 0
7faa58000000-7faa58021000 rw-p 00000000 00:00 0
7faa58021000-7faa5c000000 ---p 00000000 00:00 0
7faa5e440000-7faa5e444000 ---p 00000000 00:00 0
7faa5e444000-7faa5e541000 rw-p 00000000 00:00 0
7faa5e550000-7faa5e554000 ---p 00000000 00:00 0
7faa5e554000-7faa5e651000 rw-p 00000000 00:00 0
7faa5e660000-7faa5e664000 ---p 00000000 00:00 0
7faa5e664000-7faa5e761000 rw-p 00000000 00:00 0
7faa5e770000-7faa5e774000 ---p 00000000 00:00 0
7faa5e774000-7faa5e871000 rw-p 00000000 00:00 0
7faa5e880000-7faa5e884000 ---p 00000000 00:00 0
7faa5e884000-7faa5e981000 rw-p 00000000 00:00 0
7faa5e990000-7faa5e994000 ---p 00000000 00:00 0
7faa5e994000-7faa5ea91000 rw-p 00000000 00:00 0
7faa5eaa0000-7faa5eaa4000 ---p 00000000 00:00 0
7faa5eaa4000-7faa5eba1000 rw-p 00000000 00:00 0
7faa5ebb0000-7faa5ebb4000 ---p 00000000 00:00 0
7faa5ebb4000-7faa5ecb1000 rw-p 00000000 00:00 0
7faa5ecc0000-7faa5ecc4000 ---p 00000000 00:00 0
7faa5ecc4000-7faa5edc1000 rw-p 00000000 00:00 0
7faa5edd0000-7faa5edd4000 ---p 00000000 00:00 0
7faa5edd4000-7faa5eed1000 rw-p 00000000 00:00 0
7faa5eee0000-7faa5efe0000 rw-p 00000000 00:00 0
7faa5efe0000-7faa5f0e4000 ---p 00000000 00:00 0
7faa5f0e4000-7faa5f1e1000 rw-p 00000000 00:00 0
7faa5f1f0000-7faa5fdf0000 rw-p 00000000 00:00 0
7faa5fdf0000-7faa5fdf2000 r-xp 00000000 00:00 338370             /usr/lib/jvm/java-11-openjdk-amd64/lib/libextnet.so
7faa5fdf2000-7faa5fdf3000 ---p 00002000 00:00 338370             /usr/lib/jvm/java-11-openjdk-amd64/lib/libextnet.so
7faa5fdf3000-7faa5fff1000 ---p 00000003 00:00 338370             /usr/lib/jvm/java-11-openjdk-amd64/lib/libextnet.so
7faa5fff1000-7faa5fff2000 r--p 00001000 00:00 338370             /usr/lib/jvm/java-11-openjdk-amd64/lib/libextnet.so
7faa5fff2000-7faa5fff3000 rw-p 00002000 00:00 338370             /usr/lib/jvm/java-11-openjdk-amd64/lib/libextnet.so
7faa60000000-7faa60021000 rw-p 00000000 00:00 0
7faa60021000-7faa64000000 ---p 00000000 00:00 0
7faa64000000-7faa65061000 rw-p 00000000 00:00 0
7faa65061000-7faa68000000 ---p 00000000 00:00 0
7faa68000000-7faa68021000 rw-p 00000000 00:00 0
7faa68021000-7faa6c000000 ---p 00000000 00:00 0
7faa6c000000-7faa6c021000 rw-p 00000000 00:00 0
7faa6c021000-7faa70000000 ---p 00000000 00:00 0
7faa70000000-7faa70021000 rw-p 00000000 00:00 0
7faa70021000-7faa74000000 ---p 00000000 00:00 0
7faa74000000-7faa74021000 rw-p 00000000 00:00 0
7faa74021000-7faa78000000 ---p 00000000 00:00 0
7faa78000000-7faa7885f000 rw-p 00000000 00:00 0
7faa7885f000-7faa7c000000 ---p 00000000 00:00 0
7faa7c000000-7faa7c021000 rw-p 00000000 00:00 0
7faa7c021000-7faa80000000 ---p 00000000 00:00 0
7faa80000000-7faa80021000 rw-p 00000000 00:00 0
7faa80021000-7faa84000000 ---p 00000000 00:00 0
7faa84000000-7faa850f5000 rw-p 00000000 00:00 0
7faa850f5000-7faa88000000 ---p 00000000 00:00 0
7faa88000000-7faa88021000 rw-p 00000000 00:00 0
7faa88021000-7faa8c000000 ---p 00000000 00:00 0
7faa8c000000-7faa8c021000 rw-p 00000000 00:00 0
7faa8c021000-7faa90000000 ---p 00000000 00:00 0
7faa90000000-7faa90021000 rw-p 00000000 00:00 0
7faa90021000-7faa94000000 ---p 00000000 00:00 0
7faa94000000-7faa940af000 rw-p 00000000 00:00 0
7faa940af000-7faa98000000 ---p 00000000 00:00 0
7faa98000000-7faa98021000 rw-p 00000000 00:00 0
7faa98021000-7faa9c000000 ---p 00000000 00:00 0
7faa9c000000-7faa9c021000 rw-p 00000000 00:00 0
7faa9c021000-7faaa0000000 ---p 00000000 00:00 0
7faaa0030000-7faaa0031000 ---p 00000000 00:00 0
7faaa0031000-7faaa0132000 rw-p 00000000 00:00 0
7faaa0140000-7faaa0157000 r-xp 00000000 00:00 263628             /lib/x86_64-linux-gnu/libresolv-2.27.so
7faaa0157000-7faaa0159000 ---p 00017000 00:00 263628             /lib/x86_64-linux-gnu/libresolv-2.27.so
7faaa0159000-7faaa0357000 ---p 00000019 00:00 263628             /lib/x86_64-linux-gnu/libresolv-2.27.so
7faaa0357000-7faaa0358000 r--p 00017000 00:00 263628             /lib/x86_64-linux-gnu/libresolv-2.27.so
7faaa0358000-7faaa0359000 rw-p 00018000 00:00 263628             /lib/x86_64-linux-gnu/libresolv-2.27.so
7faaa0359000-7faaa035b000 rw-p 00000000 00:00 0
7faaa0360000-7faaa0365000 r-xp 00000000 00:00 263160             /lib/x86_64-linux-gnu/libnss_dns-2.27.so
7faaa0365000-7faaa0367000 ---p 00005000 00:00 263160             /lib/x86_64-linux-gnu/libnss_dns-2.27.so
7faaa0367000-7faaa0565000 ---p 00000007 00:00 263160             /lib/x86_64-linux-gnu/libnss_dns-2.27.so
7faaa0565000-7faaa0566000 r--p 00005000 00:00 263160             /lib/x86_64-linux-gnu/libnss_dns-2.27.so
7faaa0566000-7faaa0567000 rw-p 00006000 00:00 263160             /lib/x86_64-linux-gnu/libnss_dns-2.27.so
7faaa0570000-7faaa0970000 rw-p 00000000 00:00 0
7faaa0a00000-7faaa0a2a000 r-xp 00000000 00:00 338399             /usr/lib/jvm/java-11-openjdk-amd64/lib/libsunec.so
7faaa0a2a000-7faaa0a2f000 ---p 0002a000 00:00 338399             /usr/lib/jvm/java-11-openjdk-amd64/lib/libsunec.so
7faaa0a2f000-7faaa0c29000 ---p 0000002f 00:00 338399             /usr/lib/jvm/java-11-openjdk-amd64/lib/libsunec.so
7faaa0c29000-7faaa0c2d000 r--p 00029000 00:00 338399             /usr/lib/jvm/java-11-openjdk-amd64/lib/libsunec.so
7faaa0c2d000-7faaa0c2f000 rw-p 0002d000 00:00 338399             /usr/lib/jvm/java-11-openjdk-amd64/lib/libsunec.so
7faaa0c30000-7faaa1030000 rw-p 00000000 00:00 0
7faaa1030000-7faaa1034000 ---p 00000000 00:00 0
7faaa1034000-7faaa1131000 rw-p 00000000 00:00 0
7faaa1140000-7faaa1141000 ---p 00000000 00:00 0
7faaa1141000-7faaa1242000 rw-p 00000000 00:00 0
7faaa1250000-7faaa1251000 ---p 00000000 00:00 0
7faaa1251000-7faaa1352000 rw-p 00000000 00:00 0
7faaa1360000-7faaa1362000 r-xp 00000000 00:00 264321             /lib/x86_64-linux-gnu/libutil-2.27.so
7faaa1362000-7faaa1363000 ---p 00002000 00:00 264321             /lib/x86_64-linux-gnu/libutil-2.27.so
7faaa1363000-7faaa1561000 ---p 00000003 00:00 264321             /lib/x86_64-linux-gnu/libutil-2.27.so
7faaa1561000-7faaa1562000 r--p 00001000 00:00 264321             /lib/x86_64-linux-gnu/libutil-2.27.so
7faaa1562000-7faaa1563000 rw-p 00002000 00:00 264321             /lib/x86_64-linux-gnu/libutil-2.27.so
7faaa1570000-7faaa1573000 r-xp 00000000 00:00 350363             /tmp/libjansi-1.17.1-11476324551566791811.so
7faaa1573000-7faaa158b000 ---p 00003000 00:00 350363             /tmp/libjansi-1.17.1-11476324551566791811.so
7faaa158b000-7faaa1772000 ---p 0000001b 00:00 350363             /tmp/libjansi-1.17.1-11476324551566791811.so
7faaa1772000-7faaa1773000 rw-p 00002000 00:00 350363             /tmp/libjansi-1.17.1-11476324551566791811.so
7faaa1780000-7faaa1796000 r-xp 00000000 00:00 338392             /usr/lib/jvm/java-11-openjdk-amd64/lib/libnet.so
7faaa1796000-7faaa1797000 ---p 00016000 00:00 338392             /usr/lib/jvm/java-11-openjdk-amd64/lib/libnet.so
7faaa1797000-7faaa1995000 ---p 00000017 00:00 338392             /usr/lib/jvm/java-11-openjdk-amd64/lib/libnet.so
7faaa1995000-7faaa1996000 r--p 00015000 00:00 338392             /usr/lib/jvm/java-11-openjdk-amd64/lib/libnet.so
7faaa1996000-7faaa1997000 rw-p 00016000 00:00 338392             /usr/lib/jvm/java-11-openjdk-amd64/lib/libnet.so
7faaa19a0000-7faaa19b0000 r-xp 00000000 00:00 338393             /usr/lib/jvm/java-11-openjdk-amd64/lib/libnio.so
7faaa19b0000-7faaa19b1000 ---p 00010000 00:00 338393             /usr/lib/jvm/java-11-openjdk-amd64/lib/libnio.so
7faaa19b1000-7faaa1baf000 ---p 00000011 00:00 338393             /usr/lib/jvm/java-11-openjdk-amd64/lib/libnio.so
7faaa1baf000-7faaa1bb0000 r--p 0000f000 00:00 338393             /usr/lib/jvm/java-11-openjdk-amd64/lib/libnio.so
7faaa1bb0000-7faaa1bb1000 rw-p 00010000 00:00 338393             /usr/lib/jvm/java-11-openjdk-amd64/lib/libnio.so
7faaa1bc0000-7faaa1bc4000 ---p 00000000 00:00 0
7faaa1bc4000-7faaa1cc1000 rw-p 00000000 00:00 0
7faaa1cd0000-7faaa1cd1000 ---p 00000000 00:00 0
7faaa1cd1000-7faaa1dd2000 rw-p 00000000 00:00 0
7faaa1de0000-7faaa1de4000 ---p 00000000 00:00 0
7faaa1de4000-7faaa1ee1000 rw-p 00000000 00:00 0
7faaa1ef0000-7faaa1ef4000 ---p 00000000 00:00 0
7faaa1ef4000-7faaa1ff1000 rw-p 00000000 00:00 0
7faaa2000000-7faaa4021000 rw-p 00000000 00:00 0
7faaa4021000-7faaa8000000 ---p 00000000 00:00 0
7faaa80b0000-7faaa80b4000 ---p 00000000 00:00 0
7faaa80b4000-7faaa80d2000 rw-p 00000000 00:00 0
7faaa80e0000-7faaa8390000 rw-p 00000000 00:00 0
7faaa8390000-7faaaa060000 ---p 00000000 00:00 0
7faaaa060000-7faaaa068000 rw-p 00000000 00:00 0
7faaaa070000-7faaaa320000 rw-p 00000000 00:00 0
7faaaa320000-7faaabff0000 ---p 00000000 00:00 0
7faaabff0000-7faaabff8000 rw-p 00000000 00:00 0
7faaac000000-7faaac021000 rw-p 00000000 00:00 0
7faaac021000-7faab0000000 ---p 00000000 00:00 0
7faab0010000-7faab0014000 ---p 00000000 00:00 0
7faab0014000-7faab0111000 rw-p 00000000 00:00 0
7faab0120000-7faab0124000 ---p 00000000 00:00 0
7faab0124000-7faab0221000 rw-p 00000000 00:00 0
7faab0230000-7faab0234000 ---p 00000000 00:00 0
7faab0234000-7faab0331000 rw-p 00000000 00:00 0
7faab0332000-7faab04a5000 r--p 00000000 00:00 272632             /usr/lib/locale/C.UTF-8/LC_COLLATE
7faab04a5000-7faab0640000 r--p 00000000 00:00 272743             /usr/lib/locale/locale-archive
7faab0640000-7faab0644000 ---p 00000000 00:00 0
7faab0644000-7faab0741000 rw-p 00000000 00:00 0
7faab0750000-7faab0754000 ---p 00000000 00:00 0
7faab0754000-7faab0851000 rw-p 00000000 00:00 0
7faab0860000-7faab0861000 ---p 00000000 00:00 0
7faab0861000-7faab0962000 rw-p 00000000 00:00 0
7faab0970000-7faab0be0000 rwxp 00000000 00:00 0
7faab0be0000-7faab0f00000 ---p 00000000 00:00 0
7faab0f00000-7faab1b40000 rwxp 00000000 00:00 0
7faab1b40000-7faab8438000 ---p 00000000 00:00 0
7faab8438000-7faab8748000 rwxp 00000000 00:00 0
7faab8748000-7faabf970000 ---p 00000000 00:00 0
7faabf97e000-7faac8000000 r--s 00000000 00:00 338403             /usr/lib/jvm/java-11-openjdk-amd64/lib/modules
7faac8000000-7faac969d000 rw-p 00000000 00:00 0
7faac969d000-7faacc000000 ---p 00000000 00:00 0
7faacc010000-7faacc041000 rw-p 00000000 00:00 0
7faacc04f000-7faacc080000 r--p 00000000 00:00 272640             /usr/lib/locale/C.UTF-8/LC_CTYPE
7faacc080000-7faacc101000 rw-p 00000000 00:00 0
7faacc110000-7faacc16b000 rw-p 00000000 00:00 0
7faacc170000-7faacc198000 rw-p 00000000 00:00 0
7faacc1a0000-7faacc9a0000 rw-p 00000000 00:00 0
7faacc9a0000-7faacc9a1000 ---p 00000000 00:00 0
7faacc9a1000-7faaccaa2000 rw-p 00000000 00:00 0
7faaccab0000-7faaccab1000 ---p 00000000 00:00 0
7faaccab1000-7faaccbb2000 rw-p 00000000 00:00 0
7faaccbc0000-7faacccc1000 rw-p 00000000 00:00 0
7faacccd0000-7faaccdd1000 rw-p 00000000 00:00 0
7faaccde0000-7faaccee1000 rw-p 00000000 00:00 0
7faaccef0000-7faaccff1000 rw-p 00000000 00:00 0
7faacd000000-7faacd001000 ---p 00000000 00:00 0
7faacd001000-7faacd102000 rw-p 00000000 00:00 0
7faacd110000-7faacd111000 ---p 00000000 00:00 0
7faacd111000-7faacd212000 rw-p 00000000 00:00 0
7faacd220000-7faacd276000 rw-p 00000000 00:00 0
7faacd276000-7faacd610000 ---p 00000000 00:00 0
7faacd610000-7faacd611000 rw-p 00000000 00:00 0
7faacd620000-7faacd676000 rw-p 00000000 00:00 0
7faacd676000-7faacda10000 ---p 00000000 00:00 0
7faacda10000-7faacda11000 rw-p 00000000 00:00 0
7faacda20000-7faacda76000 rw-p 00000000 00:00 0
7faacda76000-7faacde10000 ---p 00000000 00:00 0
7faacde10000-7faacde11000 rw-p 00000000 00:00 0
7faacde20000-7faacdf21000 rw-p 00000000 00:00 0
7faacdf30000-7faace031000 rw-p 00000000 00:00 0
7faace040000-7faace141000 rw-p 00000000 00:00 0
7faace150000-7faace251000 rw-p 00000000 00:00 0
7faace260000-7faace261000 ---p 00000000 00:00 0
7faace261000-7faace362000 rw-p 00000000 00:00 0
7faace370000-7faace377000 rw-p 00000000 00:00 0
7faace377000-7faace45b000 ---p 00000000 00:00 0
7faace460000-7faace479000 rw-p 00000000 00:00 0
7faace479000-7faace54b000 ---p 00000000 00:00 0
7faace550000-7faace555000 r-xp 00000000 00:00 338382             /usr/lib/jvm/java-11-openjdk-amd64/lib/libjimage.so
7faace555000-7faace556000 ---p 00005000 00:00 338382             /usr/lib/jvm/java-11-openjdk-amd64/lib/libjimage.so
7faace556000-7faace754000 ---p 00000006 00:00 338382             /usr/lib/jvm/java-11-openjdk-amd64/lib/libjimage.so
7faace754000-7faace755000 r--p 00004000 00:00 338382             /usr/lib/jvm/java-11-openjdk-amd64/lib/libjimage.so
7faace755000-7faace756000 rw-p 00005000 00:00 338382             /usr/lib/jvm/java-11-openjdk-amd64/lib/libjimage.so
7faace760000-7faace767000 r-xp 00000000 00:00 338402             /usr/lib/jvm/java-11-openjdk-amd64/lib/libzip.so
7faace767000-7faace768000 ---p 00007000 00:00 338402             /usr/lib/jvm/java-11-openjdk-amd64/lib/libzip.so
7faace768000-7faace966000 ---p 00000008 00:00 338402             /usr/lib/jvm/java-11-openjdk-amd64/lib/libzip.so
7faace966000-7faace967000 r--p 00006000 00:00 338402             /usr/lib/jvm/java-11-openjdk-amd64/lib/libzip.so
7faace967000-7faace968000 rw-p 00007000 00:00 338402             /usr/lib/jvm/java-11-openjdk-amd64/lib/libzip.so
7faace970000-7faace97b000 r-xp 00000000 00:00 263164             /lib/x86_64-linux-gnu/libnss_files-2.27.so
7faace97b000-7faace97c000 ---p 0000b000 00:00 263164             /lib/x86_64-linux-gnu/libnss_files-2.27.so
7faace97c000-7faaceb7a000 ---p 0000000c 00:00 263164             /lib/x86_64-linux-gnu/libnss_files-2.27.so
7faaceb7a000-7faaceb7b000 r--p 0000a000 00:00 263164             /lib/x86_64-linux-gnu/libnss_files-2.27.so
7faaceb7b000-7faaceb7c000 rw-p 0000b000 00:00 263164             /lib/x86_64-linux-gnu/libnss_files-2.27.so
7faaceb7c000-7faaceb82000 rw-p 00000000 00:00 0
7faaceb90000-7faaceba7000 r-xp 00000000 00:00 263127             /lib/x86_64-linux-gnu/libnsl-2.27.so
7faaceba7000-7faaceba8000 ---p 00017000 00:00 263127             /lib/x86_64-linux-gnu/libnsl-2.27.so
7faaceba8000-7faaceda6000 ---p 00000018 00:00 263127             /lib/x86_64-linux-gnu/libnsl-2.27.so
7faaceda6000-7faaceda7000 r--p 00016000 00:00 263127             /lib/x86_64-linux-gnu/libnsl-2.27.so
7faaceda7000-7faaceda8000 rw-p 00017000 00:00 263127             /lib/x86_64-linux-gnu/libnsl-2.27.so
7faaceda8000-7faacedaa000 rw-p 00000000 00:00 0
7faacedb0000-7faacedbb000 r-xp 00000000 00:00 263172             /lib/x86_64-linux-gnu/libnss_nis-2.27.so
7faacedbb000-7faacedbc000 ---p 0000b000 00:00 263172             /lib/x86_64-linux-gnu/libnss_nis-2.27.so
7faacedbc000-7faacefba000 ---p 0000000c 00:00 263172             /lib/x86_64-linux-gnu/libnss_nis-2.27.so
7faacefba000-7faacefbb000 r--p 0000a000 00:00 263172             /lib/x86_64-linux-gnu/libnss_nis-2.27.so
7faacefbb000-7faacefbc000 rw-p 0000b000 00:00 263172             /lib/x86_64-linux-gnu/libnss_nis-2.27.so
7faacefc0000-7faacefc8000 r-xp 00000000 00:00 263134             /lib/x86_64-linux-gnu/libnss_compat-2.27.so
7faacefc8000-7faacefca000 ---p 00008000 00:00 263134             /lib/x86_64-linux-gnu/libnss_compat-2.27.so
7faacefca000-7faacf1c8000 ---p 0000000a 00:00 263134             /lib/x86_64-linux-gnu/libnss_compat-2.27.so
7faacf1c8000-7faacf1c9000 r--p 00008000 00:00 263134             /lib/x86_64-linux-gnu/libnss_compat-2.27.so
7faacf1c9000-7faacf1ca000 rw-p 00009000 00:00 263134             /lib/x86_64-linux-gnu/libnss_compat-2.27.so
7faacf1d0000-7faacf1f9000 r-xp 00000000 00:00 338377             /usr/lib/jvm/java-11-openjdk-amd64/lib/libjava.so
7faacf1f9000-7faacf1fb000 ---p 00029000 00:00 338377             /usr/lib/jvm/java-11-openjdk-amd64/lib/libjava.so
7faacf1fb000-7faacf3f8000 ---p 0000002b 00:00 338377             /usr/lib/jvm/java-11-openjdk-amd64/lib/libjava.so
7faacf3f8000-7faacf3f9000 r--p 00028000 00:00 338377             /usr/lib/jvm/java-11-openjdk-amd64/lib/libjava.so
7faacf3f9000-7faacf3fb000 rw-p 00029000 00:00 338377             /usr/lib/jvm/java-11-openjdk-amd64/lib/libjava.so
7faacf400000-7faacf40d000 r-xp 00000000 00:00 338401             /usr/lib/jvm/java-11-openjdk-amd64/lib/libverify.so
7faacf40d000-7faacf40f000 ---p 0000d000 00:00 338401             /usr/lib/jvm/java-11-openjdk-amd64/lib/libverify.so
7faacf40f000-7faacf60c000 ---p 0000000f 00:00 338401             /usr/lib/jvm/java-11-openjdk-amd64/lib/libverify.so
7faacf60c000-7faacf60e000 r--p 0000c000 00:00 338401             /usr/lib/jvm/java-11-openjdk-amd64/lib/libverify.so
7faacf60e000-7faacf60f000 rw-p 0000e000 00:00 338401             /usr/lib/jvm/java-11-openjdk-amd64/lib/libverify.so
7faacf610000-7faacf617000 r-xp 00000000 00:00 263637             /lib/x86_64-linux-gnu/librt-2.27.so
7faacf617000-7faacf618000 ---p 00007000 00:00 263637             /lib/x86_64-linux-gnu/librt-2.27.so
7faacf618000-7faacf816000 ---p 00000008 00:00 263637             /lib/x86_64-linux-gnu/librt-2.27.so
7faacf816000-7faacf817000 r--p 00006000 00:00 263637             /lib/x86_64-linux-gnu/librt-2.27.so
7faacf817000-7faacf818000 rw-p 00007000 00:00 263637             /lib/x86_64-linux-gnu/librt-2.27.so
7faacf820000-7faacf837000 r-xp 00000000 00:00 313090             /lib/x86_64-linux-gnu/libgcc_s.so.1
7faacf837000-7faacf838000 ---p 00017000 00:00 313090             /lib/x86_64-linux-gnu/libgcc_s.so.1
7faacf838000-7faacfa36000 ---p 00000018 00:00 313090             /lib/x86_64-linux-gnu/libgcc_s.so.1
7faacfa36000-7faacfa37000 r--p 00016000 00:00 313090             /lib/x86_64-linux-gnu/libgcc_s.so.1
7faacfa37000-7faacfa38000 rw-p 00017000 00:00 313090             /lib/x86_64-linux-gnu/libgcc_s.so.1
7faacfa40000-7faacfbdd000 r-xp 00000000 00:00 262844             /lib/x86_64-linux-gnu/libm-2.27.so
7faacfbdd000-7faacfbe0000 ---p 0019d000 00:00 262844             /lib/x86_64-linux-gnu/libm-2.27.so
7faacfbe0000-7faacfddc000 ---p 000001a0 00:00 262844             /lib/x86_64-linux-gnu/libm-2.27.so
7faacfddc000-7faacfddd000 r--p 0019c000 00:00 262844             /lib/x86_64-linux-gnu/libm-2.27.so
7faacfddd000-7faacfdde000 rw-p 0019d000 00:00 262844             /lib/x86_64-linux-gnu/libm-2.27.so
7faacfde0000-7faacff59000 r-xp 00000000 00:00 313028             /usr/lib/x86_64-linux-gnu/libstdc++.so.6.0.25
7faacff59000-7faacff66000 ---p 00179000 00:00 313028             /usr/lib/x86_64-linux-gnu/libstdc++.so.6.0.25
7faacff66000-7faad0159000 ---p 00000186 00:00 313028             /usr/lib/x86_64-linux-gnu/libstdc++.so.6.0.25
7faad0159000-7faad0163000 r--p 00179000 00:00 313028             /usr/lib/x86_64-linux-gnu/libstdc++.so.6.0.25
7faad0163000-7faad0165000 rw-p 00183000 00:00 313028             /usr/lib/x86_64-linux-gnu/libstdc++.so.6.0.25
7faad0165000-7faad0169000 rw-p 00000000 00:00 0
7faad0170000-7faad1238000 r-xp 00000000 00:00 338409             /usr/lib/jvm/java-11-openjdk-amd64/lib/server/libjvm.so
7faad1238000-7faad132f000 ---p 010c8000 00:00 338409             /usr/lib/jvm/java-11-openjdk-amd64/lib/server/libjvm.so
7faad132f000-7faad1438000 ---p 000011bf 00:00 338409             /usr/lib/jvm/java-11-openjdk-amd64/lib/server/libjvm.so
7faad1438000-7faad14f5000 r--p 010c8000 00:00 338409             /usr/lib/jvm/java-11-openjdk-amd64/lib/server/libjvm.so
7faad14f5000-7faad152e000 rw-p 01185000 00:00 338409             /usr/lib/jvm/java-11-openjdk-amd64/lib/server/libjvm.so
7faad152e000-7faad1584000 rw-p 00000000 00:00 0
7faad1590000-7faad15aa000 r-xp 00000000 00:00 263588             /lib/x86_64-linux-gnu/libpthread-2.27.so
7faad15aa000-7faad15b4000 ---p 0001a000 00:00 263588             /lib/x86_64-linux-gnu/libpthread-2.27.so
7faad15b4000-7faad17a9000 ---p 00000024 00:00 263588             /lib/x86_64-linux-gnu/libpthread-2.27.so
7faad17a9000-7faad17aa000 r--p 00019000 00:00 263588             /lib/x86_64-linux-gnu/libpthread-2.27.so
7faad17aa000-7faad17ab000 rw-p 0001a000 00:00 263588             /lib/x86_64-linux-gnu/libpthread-2.27.so
7faad17ab000-7faad17af000 rw-p 00000000 00:00 0
7faad17b0000-7faad17b3000 r-xp 00000000 00:00 262452             /lib/x86_64-linux-gnu/libdl-2.27.so
7faad17b3000-7faad17b4000 ---p 00003000 00:00 262452             /lib/x86_64-linux-gnu/libdl-2.27.so
7faad17b4000-7faad19b2000 ---p 00000004 00:00 262452             /lib/x86_64-linux-gnu/libdl-2.27.so
7faad19b2000-7faad19b3000 r--p 00002000 00:00 262452             /lib/x86_64-linux-gnu/libdl-2.27.so
7faad19b3000-7faad19b4000 rw-p 00003000 00:00 262452             /lib/x86_64-linux-gnu/libdl-2.27.so
7faad19c0000-7faad19dc000 r-xp 00000000 00:00 264373             /lib/x86_64-linux-gnu/libz.so.1.2.11
7faad19dc000-7faad19dd000 ---p 0001c000 00:00 264373             /lib/x86_64-linux-gnu/libz.so.1.2.11
7faad19dd000-7faad1bdb000 ---p 0000001d 00:00 264373             /lib/x86_64-linux-gnu/libz.so.1.2.11
7faad1bdb000-7faad1bdc000 r--p 0001b000 00:00 264373             /lib/x86_64-linux-gnu/libz.so.1.2.11
7faad1bdc000-7faad1bdd000 rw-p 0001c000 00:00 264373             /lib/x86_64-linux-gnu/libz.so.1.2.11
7faad1be0000-7faad1dc7000 r-xp 00000000 00:00 262379             /lib/x86_64-linux-gnu/libc-2.27.so
7faad1dc7000-7faad1dd0000 ---p 001e7000 00:00 262379             /lib/x86_64-linux-gnu/libc-2.27.so
7faad1dd0000-7faad1fc7000 ---p 000001f0 00:00 262379             /lib/x86_64-linux-gnu/libc-2.27.so
7faad1fc7000-7faad1fcb000 r--p 001e7000 00:00 262379             /lib/x86_64-linux-gnu/libc-2.27.so
7faad1fcb000-7faad1fcd000 rw-p 001eb000 00:00 262379             /lib/x86_64-linux-gnu/libc-2.27.so
7faad1fcd000-7faad1fd1000 rw-p 00000000 00:00 0
7faad1fe0000-7faad1fef000 r-xp 00000000 00:00 338359             /usr/lib/jvm/java-11-openjdk-amd64/lib/jli/libjli.so
7faad1fef000-7faad1ff1000 ---p 0000f000 00:00 338359             /usr/lib/jvm/java-11-openjdk-amd64/lib/jli/libjli.so
7faad1ff1000-7faad21ef000 ---p 00000011 00:00 338359             /usr/lib/jvm/java-11-openjdk-amd64/lib/jli/libjli.so
7faad21ef000-7faad21f0000 r--p 0000f000 00:00 338359             /usr/lib/jvm/java-11-openjdk-amd64/lib/jli/libjli.so
7faad21f0000-7faad21f1000 rw-p 00010000 00:00 338359             /usr/lib/jvm/java-11-openjdk-amd64/lib/jli/libjli.so
7faad2200000-7faad2226000 r-xp 00000000 00:00 262058             /lib/x86_64-linux-gnu/ld-2.27.so
7faad2226000-7faad2227000 r-xp 00026000 00:00 262058             /lib/x86_64-linux-gnu/ld-2.27.so
7faad2250000-7faad2271000 rw-p 00000000 00:00 0
7faad2280000-7faad22a1000 rw-p 00000000 00:00 0
7faad22b0000-7faad22f4000 rw-p 00000000 00:00 0
7faad2300000-7faad2305000 rw-p 00000000 00:00 0
7faad2305000-7faad230c000 ---p 00000000 00:00 0
7faad2310000-7faad2311000 ---p 00000000 00:00 0
7faad2311000-7faad2312000 r--p 00000000 00:00 0
7faad2319000-7faad2320000 r--s 00000000 00:00 285782             /usr/lib/x86_64-linux-gnu/gconv/gconv-modules.cache
7faad2320000-7faad2324000 ---p 00000000 00:00 0
7faad2324000-7faad2421000 rw-p 00000000 00:00 0
7faad2427000-7faad2428000 r--p 00027000 00:00 262058             /lib/x86_64-linux-gnu/ld-2.27.so
7faad2428000-7faad2429000 rw-p 00028000 00:00 262058             /lib/x86_64-linux-gnu/ld-2.27.so
7faad2429000-7faad242a000 rw-p 00000000 00:00 0
7faad2430000-7faad2432000 rw-p 00000000 00:00 0
7faad2432000-7faad2433000 r--p 00000000 00:00 272651             /usr/lib/locale/C.UTF-8/LC_NUMERIC
7faad2433000-7faad2434000 r--p 00000000 00:00 272689             /usr/lib/locale/C.UTF-8/LC_TIME
7faad2434000-7faad2435000 r--p 00000000 00:00 272649             /usr/lib/locale/C.UTF-8/LC_MONETARY
7faad2435000-7faad2436000 r--p 00000000 00:00 272648             /usr/lib/locale/C.UTF-8/LC_MESSAGES/SYS_LC_MESSAGES
7faad2436000-7faad2437000 r--p 00000000 00:00 272653             /usr/lib/locale/C.UTF-8/LC_PAPER
7faad2437000-7faad2438000 r--p 00000000 00:00 272650             /usr/lib/locale/C.UTF-8/LC_NAME
7faad2438000-7faad2440000 rw-s 00000000 00:00 301110             /tmp/hsperfdata_chrisdev/5260
7faad2440000-7faad2442000 rw-p 00000000 00:00 0
7faad2442000-7faad2443000 r--p 00000000 00:00 272629             /usr/lib/locale/C.UTF-8/LC_ADDRESS
7faad2443000-7faad2444000 r--p 00000000 00:00 272654             /usr/lib/locale/C.UTF-8/LC_TELEPHONE
7faad2444000-7faad2445000 r--p 00000000 00:00 272642             /usr/lib/locale/C.UTF-8/LC_MEASUREMENT
7faad2445000-7faad2446000 r--p 00000000 00:00 272641             /usr/lib/locale/C.UTF-8/LC_IDENTIFICATION
7faad2446000-7faad2448000 r--s 00007000 00:00 339137             /usr/share/java/java-atk-wrapper.jar
7faad2600000-7faad2601000 r-xp 00000000 00:00 338203             /usr/lib/jvm/java-11-openjdk-amd64/bin/java
7faad2801000-7faad2802000 r--p 00001000 00:00 338203             /usr/lib/jvm/java-11-openjdk-amd64/bin/java
7faad2802000-7faad2803000 rw-p 00002000 00:00 338203             /usr/lib/jvm/java-11-openjdk-amd64/bin/java
7fffcd104000-7fffcd125000 rw-p 00000000 00:00 0                  [heap]
7fffd419f000-7fffd499f000 rw-p 00000000 00:00 0                  [stack]
7fffd4b5f000-7fffd4b60000 r-xp 00000000 00:00 0                  [vdso]


VM Arguments:
jvm_args: -Dmaven.home=/home/chrisdev/Local_Repo/Webhook -Dmaven.multiModuleProjectDirectory=/home/chrisdev/Local_Repo/Webhook/dynatrace-WH 
java_command: org.apache.maven.wrapper.MavenWrapperMain clean package
java_class_path (initial): /home/chrisdev/Local_Repo/Webhook/dynatrace-WH/.mvn/wrapper/maven-wrapper.jar
Launcher Type: SUN_STANDARD

[Global flags]
     intx CICompilerCount                          = 3                                         {product} {ergonomic}
     uint ConcGCThreads                            = 1                                         {product} {ergonomic}
     uint G1ConcRefinementThreads                  = 4                                         {product} {ergonomic}
   size_t G1HeapRegionSize                         = 1048576                                   {product} {ergonomic}
    uintx GCDrainStackTargetSize                   = 64                                        {product} {ergonomic}
   size_t InitialHeapSize                          = 134217728                                 {product} {ergonomic}
   size_t MarkStackSize                            = 4194304                                   {product} {ergonomic}
   size_t MaxHeapSize                              = 2116026368                                {product} {ergonomic}
   size_t MaxNewSize                               = 1268776960                                {product} {ergonomic}
   size_t MinHeapDeltaBytes                        = 1048576                                   {product} {ergonomic}
    uintx NonNMethodCodeHeapSize                   = 5830092                                {pd product} {ergonomic}
    uintx NonProfiledCodeHeapSize                  = 122914074                              {pd product} {ergonomic}
    uintx ProfiledCodeHeapSize                     = 122914074                              {pd product} {ergonomic}
    uintx ReservedCodeCacheSize                    = 251658240                              {pd product} {ergonomic}
     bool SegmentedCodeCache                       = true                                      {product} {ergonomic}
     bool UseCompressedClassPointers               = true                                 {lp64_product} {ergonomic}
     bool UseCompressedOops                        = true                                 {lp64_product} {ergonomic}
     bool UseG1GC                                  = true                                      {product} {ergonomic}

Logging:
Log output configuration:
 #0: stdout all=warning uptime,level,tags
 #1: stderr all=off uptime,level,tags

Environment Variables:
JAVA_HOME=/usr/lib/jvm/java-11-openjdk-amd64
PATH=/usr/local/sbin:/usr/local/bin:/usr/sbin:/usr/bin:/sbin:/bin:/usr/games:/usr/local/games:/mnt/c/ProgramData/Oracle/Java/javapath_target_216000:/mnt/c/Windows/System32:/mnt/c/Windows:/mnt/c/Windows/System32/wbem:/mnt/c/Windows/System32/WindowsPowerShell/v1.0:/mnt/c/Windows/System32/OpenSSH:/mnt/c/Program Files/PuTTY:/mnt/c/Program Files/RedHat/java-1.8.0-openjdk-1.8.0.151-1/bin:/mnt/c/Users/chthomas/AppData/Local/Continuum/anaconda3:/mnt/c/Users/chthomas/AppData/Local/Continuum/anaconda3/Library/mingw-w64/bin:/mnt/c/Users/chthomas/AppData/Local/Continuum/anaconda3/Library/bin:/mnt/c/Users/chthomas/AppData/Local/Continuum/anaconda3/Scripts:/mnt/c/Users/chthomas/AppData/Local/Microsoft/WindowsApps:/mnt/c/Users/chthomas/AppData/Local/Programs/Microsoft VS Code/bin:/snap/bin
SHELL=/bin/bash
HOSTTYPE=x86_64

Signal Handlers:
SIGSEGV: [libjvm.so+0xde2f90], sa_mask[0]=11111111111111111111111111111110, sa_flags=SA_RESTART|SA_SIGINFO
SIGBUS: [libjvm.so+0xde2f90], sa_mask[0]=11111111111111111111111111111110, sa_flags=SA_RESTART|SA_SIGINFO
SIGFPE: [libjvm.so+0xde2f90], sa_mask[0]=11111111111111111111111111111110, sa_flags=SA_RESTART|SA_SIGINFO
SIGPIPE: [libjvm.so+0xbb85d0], sa_mask[0]=11111111111111111111111111111110, sa_flags=SA_RESTART|SA_SIGINFO
SIGXFSZ: [libjvm.so+0xbb85d0], sa_mask[0]=11111111111111111111111111111110, sa_flags=SA_RESTART|SA_SIGINFO
SIGILL: [libjvm.so+0xde2f90], sa_mask[0]=11111111111111111111111111111110, sa_flags=SA_RESTART|SA_SIGINFO
SIGUSR2: [libjvm.so+0xbb8470], sa_mask[0]=00000000000000000000000000000000, sa_flags=SA_RESTART|SA_SIGINFO
SIGHUP: [libjvm.so+0xbb87d0], sa_mask[0]=11111111111111111111111111111110, sa_flags=SA_RESTART|SA_SIGINFO
SIGINT: [libjvm.so+0xbb87d0], sa_mask[0]=11111111111111111111111111111110, sa_flags=SA_RESTART|SA_SIGINFO
SIGTERM: [libjvm.so+0xbb87d0], sa_mask[0]=11111111111111111111111111111110, sa_flags=SA_RESTART|SA_SIGINFO
SIGQUIT: [libjvm.so+0xbb87d0], sa_mask[0]=11111111111111111111111111111110, sa_flags=SA_RESTART|SA_SIGINFO


---------------  S Y S T E M  ---------------

OS:DISTRIB_ID=Ubuntu
DISTRIB_RELEASE=18.04
DISTRIB_CODENAME=bionic
DISTRIB_DESCRIPTION="Ubuntu 18.04.2 LTS"
uname:Linux 4.4.0-17134-Microsoft #706-Microsoft Mon Apr 01 18:13:00 PST 2019 x86_64
libc:glibc 2.27 NPTL 2.27 
rlimit: STACK 8192k, CORE 0k, NPROC 7823, NOFILE 65536, AS infinity, DATA infinity, FSIZE infinity
load average:0.52 0.58 0.59

/proc/meminfo:
MemTotal:        8260900 kB
MemFree:          654792 kB
Buffers:           34032 kB
Cached:           188576 kB
SwapCached:            0 kB
Active:           167556 kB
Inactive:         157876 kB
Active(anon):     103104 kB
Inactive(anon):    17440 kB
Active(file):      64452 kB
Inactive(file):   140436 kB
Unevictable:           0 kB
Mlocked:               0 kB
SwapTotal:      15508860 kB
SwapFree:       13648384 kB
Dirty:                 0 kB
Writeback:             0 kB
AnonPages:        102824 kB
Mapped:            71404 kB
Shmem:             17720 kB
Slab:              13868 kB
SReclaimable:       6744 kB
SUnreclaim:         7124 kB
KernelStack:        2848 kB
PageTables:         2524 kB
NFS_Unstable:          0 kB
Bounce:                0 kB
WritebackTmp:          0 kB
CommitLimit:      515524 kB
Committed_AS:    3450064 kB
VmallocTotal:     122880 kB
VmallocUsed:       21296 kB
VmallocChunk:      66044 kB
HardwareCorrupted:     0 kB
AnonHugePages:      2048 kB
HugePages_Total:       0
HugePages_Free:        0
HugePages_Rsvd:        0
HugePages_Surp:        0
Hugepagesize:       2048 kB
DirectMap4k:       12280 kB
DirectMap4M:      897024 kB


/proc/sys/kernel/threads-max (system-wide limit on the number of threads):
32768


/proc/sys/vm/max_map_count (maximum number of memory map areas a process may have):


/proc/sys/kernel/pid_max (system-wide limit on number of process identifiers):
32768




CPU:total 4 (initial active 4) (2 cores per cpu, 2 threads per core) family 6 model 61 stepping 4, cmov, cx8, fxsr, mmx, sse, sse2, sse3, ssse3, sse4.1, sse4.2, popcnt, avx, avx2, aes, clmul, erms, rtm, 3dnowpref, lzcnt, ht, tsc, tscinvbit, bmi1, bmi2, adx, fma
CPU Model and flags from /proc/cpuinfo:
model name	: Intel(R) Core(TM) i5-5300U CPU @ 2.30GHz
flags		: fpu vme de pse tsc msr pae mce cx8 apic sep mtrr pge mca cmov pat pse36 clflush dts acpi mmx fxsr sse sse2 ss ht tm pbe syscall nx pdpe1gb rdtscp lm pni pclmulqdq dtes64 monitor ds_cpl vmx smx est tm2 ssse3 fma cx16 xtpr pdcm pcid sse4_1 sse4_2 x2apic movbe popcnt tsc_deadline_timer aes xsave osxsave avx f16c rdrand

Memory: 4k page, physical 8260900k(654800k free), swap 15508860k(13648384k free)

vm_info: OpenJDK 64-Bit Server VM (11.0.3+7-Ubuntu-1ubuntu218.04.1) for linux-amd64 JRE (11.0.3+7-Ubuntu-1ubuntu218.04.1), built on Apr 23 2019 18:34:35 by "buildd" with gcc 7.3.0

END.
