#
# A fatal error has been detected by the Java Runtime Environment:
#
#  SIGSEGV (0xb) at pc=0x00007f4dd8d6efb4, pid=5309, tid=5325
#
# JRE version: OpenJDK Runtime Environment (11.0.3+7) (build 11.0.3+7-Ubuntu-1ubuntu218.04.1)
# Java VM: OpenJDK 64-Bit Server VM (11.0.3+7-Ubuntu-1ubuntu218.04.1, mixed mode, sharing, tiered, compressed oops, g1 gc, linux-amd64)
# Problematic frame:
# C  [libc.so.6+0x18efb4]
#
# Core dump will be written. Default location: core.5309 (may not exist)
#
# If you would like to submit a bug report, please visit:
#   http://bugreport.java.com/bugreport/crash.jsp
#

---------------  S U M M A R Y ------------

Command Line: /home/chrisdev/Local_Repo/Webhook/dynatrace-WH/target/surefire/surefirebooter2327769976501871.jar /home/chrisdev/Local_Repo/Webhook/dynatrace-WH/target/surefire 2019-07-22T19-23-11_350-jvmRun1 surefire17269183646969527297tmp surefire_06394805359571463120tmp

Host: Intel(R) Core(TM) i5-5300U CPU @ 2.30GHz, 4 cores, 7G, Ubuntu 18.04.2 LTS
Time: Mon Jul 22 15:23:21 2019 DST elapsed time: 9 seconds (0d 0h 0m 9s)

---------------  T H R E A D  ---------------

Current thread (0x00007f4dd0182800):  JavaThread "C1 CompilerThread0" daemon [_thread_in_vm, id=5325, stack(0x00007f4da90c0000,0x00007f4da91c1000)]


Current CompileTask:
C1:   9750 3622       3       java.util.TimSort::sort (229 bytes)

Stack: [0x00007f4da90c0000,0x00007f4da91c1000],  sp=0x00007f4da91bed28,  free space=1019k
Native frames: (J=compiled Java code, A=aot compiled Java code, j=interpreted, Vv=VM code, C=native code)
C  [libc.so.6+0x18efb4]
V  [libjvm.so+0xb4e2b2]
V  [libjvm.so+0xb399ae]
V  [libjvm.so+0x550fab]
V  [libjvm.so+0x5511d3]
V  [libjvm.so+0x481249]
V  [libjvm.so+0x481ed0]
V  [libjvm.so+0x47d1a2]
V  [libjvm.so+0x47f279]
V  [libjvm.so+0x48106a]
V  [libjvm.so+0x4828b7]
V  [libjvm.so+0x486bda]
V  [libjvm.so+0x487806]
V  [libjvm.so+0x468656]
V  [libjvm.so+0x468ea3]
V  [libjvm.so+0x46903f]
V  [libjvm.so+0x46949f]
V  [libjvm.so+0x469d7e]
V  [libjvm.so+0x5fd563]
V  [libjvm.so+0x5fece8]
V  [libjvm.so+0xd7c223]
V  [libjvm.so+0xd7c4f5]
V  [libjvm.so+0xd7805a]
V  [libjvm.so+0xbc238e]


siginfo: si_signo: 11 (SIGSEGV), si_code: 2 (SEGV_ACCERR), si_addr: 0x00007f4d6697c278

Register to memory mapping:

RAX=0x00007f4d6697bf78 is pointing into metadata
RBX=0x0000000000000064 is an unknown value
RCX=0x00007f4d6697bf80 is pointing into metadata
RDX=0x0000000000000320 is an unknown value
RSP=0x00007f4da91bed28 is pointing into the stack for thread: 0x00007f4dd0182800
RBP=0x00007f4da91bed80 is pointing into the stack for thread: 0x00007f4dd0182800
RSI=0x0 is NULL
RDI=0x00007f4d6697bf78 is pointing into metadata
R8 =0x00007f4dd0182800 is a thread
R9 =0x0000000000000003 is an unknown value
R10=0x0000000800635495 is pointing into metadata
R11=0x0000000000000008 is an unknown value
R12=0x00007f4dd012b6d0 points into unknown readable memory: 00 00 00 00 00 00 00 00
R13=0x00007f4d6697bf78 is pointing into metadata
R14=0x0000000000000009 is an unknown value
R15=0x0000000000000001 is an unknown value


Registers:
RAX=0x00007f4d6697bf78, RBX=0x0000000000000064, RCX=0x00007f4d6697bf80, RDX=0x0000000000000320
RSP=0x00007f4da91bed28, RBP=0x00007f4da91bed80, RSI=0x0000000000000000, RDI=0x00007f4d6697bf78
R8 =0x00007f4dd0182800, R9 =0x0000000000000003, R10=0x0000000800635495, R11=0x0000000000000008
R12=0x00007f4dd012b6d0, R13=0x00007f4d6697bf78, R14=0x0000000000000009, R15=0x0000000000000001
RIP=0x00007f4dd8d6efb4, EFLAGS=0x0000000000010202, CSGSFS=0x00000053002b0033, ERR=0x0000000000000000
  TRAPNO=0x0000000000000000

Top of Stack: (sp=0x00007f4da91bed28)
0x00007f4da91bed28:   00007f4dd7c9980c 00007f4dd0182800
0x00007f4da91bed38:   0000008600000086 ffffffff00000086
0x00007f4da91bed48:   00007f4dd0182800 00007f4dd0182800
0x00007f4da91bed58:   0000000000000064 00007f4dd0180250 

Instructions: (pc=0x00007f4dd8d6efb4)
0x00007f4dd8d6ef94:   20 c5 fe 7f 44 17 e0 c5 fe 7f 44 17 c0 c5 f8 77
0x00007f4dd8d6efa4:   c3 48 8d 8f 80 00 00 00 c5 fe 7f 07 48 83 e1 80
0x00007f4dd8d6efb4:   c5 fe 7f 44 17 e0 c5 fe 7f 47 20 c5 fe 7f 44 17
0x00007f4dd8d6efc4:   c0 c5 fe 7f 47 40 c5 fe 7f 44 17 a0 c5 fe 7f 47 

Stack slot to memory mapping:
stack at sp + 0 slots: 0x00007f4dd7c9980c: <offset 0x0000000000b2980c> in /usr/lib/jvm/java-11-openjdk-amd64/lib/server/libjvm.so at 0x00007f4dd7170000
stack at sp + 1 slots: 0x00007f4dd0182800 is a thread
stack at sp + 2 slots: 0x0000008600000086 is an unknown value
stack at sp + 3 slots: 0xffffffff00000086 is an unknown value
stack at sp + 4 slots: 0x00007f4dd0182800 is a thread
stack at sp + 5 slots: 0x00007f4dd0182800 is a thread
stack at sp + 6 slots: 0x0000000000000064 is an unknown value
stack at sp + 7 slots: 0x00007f4dd0180250 points into unknown readable memory: 03 00 00 00 1e 00 00 00


---------------  P R O C E S S  ---------------

Threads class SMR info:
_java_thread_list=0x00007f4d5441b950, length=13, elements={
0x00007f4dd0012000, 0x00007f4dd0174800, 0x00007f4dd0176800, 0x00007f4dd017e800,
0x00007f4dd0180800, 0x00007f4dd0182800, 0x00007f4dd0184800, 0x00007f4dd01c3800,
0x00007f4dd01c8000, 0x00007f4dd0257800, 0x00007f4dd028d800, 0x00007f4d6800b000,
0x00007f4d801d4800
}

Java Threads: ( => current thread )
  0x00007f4dd0012000 JavaThread "main" [_thread_in_vm, id=5314, stack(0x00007f4dd9320000,0x00007f4dd9421000)]
  0x00007f4dd0174800 JavaThread "Reference Handler" daemon [_thread_blocked, id=5321, stack(0x00007f4db80f0000,0x00007f4db81f1000)]
  0x00007f4dd0176800 JavaThread "Finalizer" daemon [_thread_blocked, id=5322, stack(0x00007f4da96f0000,0x00007f4da97f1000)]
  0x00007f4dd017e800 JavaThread "Signal Dispatcher" daemon [_thread_blocked, id=5323, stack(0x00007f4da92e0000,0x00007f4da93e1000)]
  0x00007f4dd0180800 JavaThread "C2 CompilerThread0" daemon [_thread_in_native, id=5324, stack(0x00007f4da91d0000,0x00007f4da92d1000)]
=>0x00007f4dd0182800 JavaThread "C1 CompilerThread0" daemon [_thread_in_vm, id=5325, stack(0x00007f4da90c0000,0x00007f4da91c1000)]
  0x00007f4dd0184800 JavaThread "Sweeper thread" daemon [_thread_blocked, id=5326, stack(0x00007f4da8fb0000,0x00007f4da90b1000)]
  0x00007f4dd01c3800 JavaThread "Service Thread" daemon [_thread_blocked, id=5327, stack(0x00007f4da8ea0000,0x00007f4da8fa1000)]
  0x00007f4dd01c8000 JavaThread "Common-Cleaner" daemon [_thread_blocked, id=5329, stack(0x00007f4da8c80000,0x00007f4da8d81000)]
  0x00007f4dd0257800 JavaThread "surefire-forkedjvm-command-thread" daemon [_thread_in_native, id=5330, stack(0x00007f4da8730000,0x00007f4da8831000)]
  0x00007f4dd028d800 JavaThread "surefire-forkedjvm-ping-30s" daemon [_thread_blocked, id=5331, stack(0x00007f4da8200000,0x00007f4da8301000)]
  0x00007f4d6800b000 JavaThread "process reaper" daemon [_thread_blocked, id=5334, stack(0x00007f4db80c0000,0x00007f4db80e2000)]
  0x00007f4d801d4800 JavaThread "C2 CompilerThread1" daemon [_thread_in_native, id=5344, stack(0x00007f4d679c0000,0x00007f4d67ac1000)]

Other Threads:
  0x00007f4dd0171800 VMThread "VM Thread" [stack: 0x00007f4db8202000,0x00007f4db8302000] [id=5320]
  0x00007f4dd01c6000 WatcherThread [stack: 0x00007f4da8d92000,0x00007f4da8e92000] [id=5328]
  0x00007f4dd0028000 GCTaskThread "GC Thread#0" [stack: 0x00007f4dd5352000,0x00007f4dd5452000] [id=5315]
  0x00007f4d9c031000 GCTaskThread "GC Thread#1" [stack: 0x00007f4da80f2000,0x00007f4da81f2000] [id=5335]
  0x00007f4d9c032800 GCTaskThread "GC Thread#2" [stack: 0x00007f4d67ef2000,0x00007f4d67ff2000] [id=5336]
  0x00007f4d9c035000 GCTaskThread "GC Thread#3" [stack: 0x00007f4d67ad2000,0x00007f4d67bd2000] [id=5343]
  0x00007f4dd005a000 ConcurrentGCThread "G1 Main Marker" [stack: 0x00007f4dd4202000,0x00007f4dd4302000] [id=5316]
  0x00007f4dd005c000 ConcurrentGCThread "G1 Conc#0" [stack: 0x00007f4dd40f2000,0x00007f4dd41f2000] [id=5317]
  0x00007f4dd00d8000 ConcurrentGCThread "G1 Refine#0" [stack: 0x00007f4db8422000,0x00007f4db8522000] [id=5318]
  0x00007f4dd00d9800 ConcurrentGCThread "G1 Young RemSet Sampling" [stack: 0x00007f4db8312000,0x00007f4db8412000] [id=5319]

Threads with active compile tasks:
C2 CompilerThread03619       4       org.springframework.asm.ByteVector::putInt (74 bytes)
C1 CompilerThread03622       3       java.util.TimSort::sort (229 bytes)
C2 CompilerThread13556   !   4       org.springframework.core.annotation.AnnotationUtils::findAnnotation (171 bytes)

VM state:not at safepoint (normal execution)

VM Mutex/Monitor currently owned by a thread:  ([mutex/lock_event])
[0x00007f4dd000e9e0] MethodData_lock - owner thread: 0x00007f4dd0182800

Heap address: 0x0000000081e00000, size: 2018 MB, Compressed Oops mode: 32-bit
Narrow klass base: 0x0000000800000000, Narrow klass shift: 3
Compressed class space size: 1073741824 Address: 0x0000000840000000

Heap:
 garbage-first heap   total 208896K, used 61774K [0x0000000081e00000, 0x0000000100000000)
  region size 1024K, 56 young (57344K), 8 survivors (8192K)
 Metaspace       used 29342K, capacity 30260K, committed 30384K, reserved 1075200K
  class space    used 3693K, capacity 4039K, committed 4096K, reserved 1048576K
Heap Regions: E=young(eden), S=young(survivor), O=old, HS=humongous(starts), HC=humongous(continues), CS=collection set, F=free, A=archive, TAMS=top-at-mark-start (previous, next)
|   0|0x0000000081e00000, 0x0000000081f00000, 0x0000000081f00000|100%| O|  |TAMS 0x0000000081f00000, 0x0000000081e00000| Untracked 
|   1|0x0000000081f00000, 0x0000000082000000, 0x0000000082000000|100%| O|  |TAMS 0x0000000082000000, 0x0000000081f00000| Untracked 
|   2|0x0000000082000000, 0x0000000082100000, 0x0000000082100000|100%| O|  |TAMS 0x0000000082100000, 0x0000000082000000| Untracked 
|   3|0x0000000082100000, 0x0000000082200000, 0x0000000082200000|100%| O|  |TAMS 0x0000000082200000, 0x0000000082100000| Untracked 
|   4|0x0000000082200000, 0x0000000082300000, 0x0000000082300000|100%| O|  |TAMS 0x0000000082231c00, 0x0000000082200000| Untracked 
|   5|0x0000000082300000, 0x0000000082336400, 0x0000000082400000| 21%| O|  |TAMS 0x0000000082300000, 0x0000000082300000| Untracked 
|   6|0x0000000082400000, 0x0000000082400000, 0x0000000082500000|  0%| F|  |TAMS 0x0000000082400000, 0x0000000082400000| Untracked 
|   7|0x0000000082500000, 0x0000000082500000, 0x0000000082600000|  0%| F|  |TAMS 0x0000000082500000, 0x0000000082500000| Untracked 
|   8|0x0000000082600000, 0x0000000082600000, 0x0000000082700000|  0%| F|  |TAMS 0x0000000082600000, 0x0000000082600000| Untracked 
|   9|0x0000000082700000, 0x0000000082700000, 0x0000000082800000|  0%| F|  |TAMS 0x0000000082700000, 0x0000000082700000| Untracked 
|  10|0x0000000082800000, 0x0000000082800000, 0x0000000082900000|  0%| F|  |TAMS 0x0000000082800000, 0x0000000082800000| Untracked 
|  11|0x0000000082900000, 0x0000000082900000, 0x0000000082a00000|  0%| F|  |TAMS 0x0000000082900000, 0x0000000082900000| Untracked 
|  12|0x0000000082a00000, 0x0000000082a00000, 0x0000000082b00000|  0%| F|  |TAMS 0x0000000082a00000, 0x0000000082a00000| Untracked 
|  13|0x0000000082b00000, 0x0000000082b00000, 0x0000000082c00000|  0%| F|  |TAMS 0x0000000082b00000, 0x0000000082b00000| Untracked 
|  14|0x0000000082c00000, 0x0000000082c00000, 0x0000000082d00000|  0%| F|  |TAMS 0x0000000082c00000, 0x0000000082c00000| Untracked 
|  15|0x0000000082d00000, 0x0000000082d00000, 0x0000000082e00000|  0%| F|  |TAMS 0x0000000082d00000, 0x0000000082d00000| Untracked 
|  16|0x0000000082e00000, 0x0000000082e00000, 0x0000000082f00000|  0%| F|  |TAMS 0x0000000082e00000, 0x0000000082e00000| Untracked 
|  17|0x0000000082f00000, 0x0000000082f00000, 0x0000000083000000|  0%| F|  |TAMS 0x0000000082f00000, 0x0000000082f00000| Untracked 
|  18|0x0000000083000000, 0x0000000083000000, 0x0000000083100000|  0%| F|  |TAMS 0x0000000083000000, 0x0000000083000000| Untracked 
|  19|0x0000000083100000, 0x0000000083100000, 0x0000000083200000|  0%| F|  |TAMS 0x0000000083100000, 0x0000000083100000| Untracked 
|  20|0x0000000083200000, 0x0000000083200000, 0x0000000083300000|  0%| F|  |TAMS 0x0000000083200000, 0x0000000083200000| Untracked 
|  21|0x0000000083300000, 0x0000000083300000, 0x0000000083400000|  0%| F|  |TAMS 0x0000000083300000, 0x0000000083300000| Untracked 
|  22|0x0000000083400000, 0x0000000083400000, 0x0000000083500000|  0%| F|  |TAMS 0x0000000083400000, 0x0000000083400000| Untracked 
|  23|0x0000000083500000, 0x0000000083500000, 0x0000000083600000|  0%| F|  |TAMS 0x0000000083500000, 0x0000000083500000| Untracked 
|  24|0x0000000083600000, 0x0000000083600000, 0x0000000083700000|  0%| F|  |TAMS 0x0000000083600000, 0x0000000083600000| Untracked 
|  25|0x0000000083700000, 0x0000000083700000, 0x0000000083800000|  0%| F|  |TAMS 0x0000000083700000, 0x0000000083700000| Untracked 
|  26|0x0000000083800000, 0x0000000083800000, 0x0000000083900000|  0%| F|  |TAMS 0x0000000083800000, 0x0000000083800000| Untracked 
|  27|0x0000000083900000, 0x0000000083900000, 0x0000000083a00000|  0%| F|  |TAMS 0x0000000083900000, 0x0000000083900000| Untracked 
|  28|0x0000000083a00000, 0x0000000083a00000, 0x0000000083b00000|  0%| F|  |TAMS 0x0000000083a00000, 0x0000000083a00000| Untracked 
|  29|0x0000000083b00000, 0x0000000083b00000, 0x0000000083c00000|  0%| F|  |TAMS 0x0000000083b00000, 0x0000000083b00000| Untracked 
|  30|0x0000000083c00000, 0x0000000083c00000, 0x0000000083d00000|  0%| F|  |TAMS 0x0000000083c00000, 0x0000000083c00000| Untracked 
|  31|0x0000000083d00000, 0x0000000083d00000, 0x0000000083e00000|  0%| F|  |TAMS 0x0000000083d00000, 0x0000000083d00000| Untracked 
|  32|0x0000000083e00000, 0x0000000083e00000, 0x0000000083f00000|  0%| F|  |TAMS 0x0000000083e00000, 0x0000000083e00000| Untracked 
|  33|0x0000000083f00000, 0x0000000083f00000, 0x0000000084000000|  0%| F|  |TAMS 0x0000000083f00000, 0x0000000083f00000| Untracked 
|  34|0x0000000084000000, 0x0000000084000000, 0x0000000084100000|  0%| F|  |TAMS 0x0000000084000000, 0x0000000084000000| Untracked 
|  35|0x0000000084100000, 0x0000000084100000, 0x0000000084200000|  0%| F|  |TAMS 0x0000000084100000, 0x0000000084100000| Untracked 
|  36|0x0000000084200000, 0x0000000084200000, 0x0000000084300000|  0%| F|  |TAMS 0x0000000084200000, 0x0000000084200000| Untracked 
|  37|0x0000000084300000, 0x0000000084300000, 0x0000000084400000|  0%| F|  |TAMS 0x0000000084300000, 0x0000000084300000| Untracked 
|  38|0x0000000084400000, 0x0000000084400000, 0x0000000084500000|  0%| F|  |TAMS 0x0000000084400000, 0x0000000084400000| Untracked 
|  39|0x0000000084500000, 0x0000000084500000, 0x0000000084600000|  0%| F|  |TAMS 0x0000000084500000, 0x0000000084500000| Untracked 
|  40|0x0000000084600000, 0x0000000084600000, 0x0000000084700000|  0%| F|  |TAMS 0x0000000084600000, 0x0000000084600000| Untracked 
|  41|0x0000000084700000, 0x0000000084700000, 0x0000000084800000|  0%| F|  |TAMS 0x0000000084700000, 0x0000000084700000| Untracked 
|  42|0x0000000084800000, 0x0000000084800000, 0x0000000084900000|  0%| F|  |TAMS 0x0000000084800000, 0x0000000084800000| Untracked 
|  43|0x0000000084900000, 0x0000000084900000, 0x0000000084a00000|  0%| F|  |TAMS 0x0000000084900000, 0x0000000084900000| Untracked 
|  44|0x0000000084a00000, 0x0000000084a00000, 0x0000000084b00000|  0%| F|  |TAMS 0x0000000084a00000, 0x0000000084a00000| Untracked 
|  45|0x0000000084b00000, 0x0000000084b00000, 0x0000000084c00000|  0%| F|  |TAMS 0x0000000084b00000, 0x0000000084b00000| Untracked 
|  46|0x0000000084c00000, 0x0000000084c00000, 0x0000000084d00000|  0%| F|  |TAMS 0x0000000084c00000, 0x0000000084c00000| Untracked 
|  47|0x0000000084d00000, 0x0000000084d00000, 0x0000000084e00000|  0%| F|  |TAMS 0x0000000084d00000, 0x0000000084d00000| Untracked 
|  48|0x0000000084e00000, 0x0000000084e00000, 0x0000000084f00000|  0%| F|  |TAMS 0x0000000084e00000, 0x0000000084e00000| Untracked 
|  49|0x0000000084f00000, 0x0000000084f00000, 0x0000000085000000|  0%| F|  |TAMS 0x0000000084f00000, 0x0000000084f00000| Untracked 
|  50|0x0000000085000000, 0x0000000085000000, 0x0000000085100000|  0%| F|  |TAMS 0x0000000085000000, 0x0000000085000000| Untracked 
|  51|0x0000000085100000, 0x0000000085100000, 0x0000000085200000|  0%| F|  |TAMS 0x0000000085100000, 0x0000000085100000| Untracked 
|  52|0x0000000085200000, 0x0000000085200000, 0x0000000085300000|  0%| F|  |TAMS 0x0000000085200000, 0x0000000085200000| Untracked 
|  53|0x0000000085300000, 0x0000000085300000, 0x0000000085400000|  0%| F|  |TAMS 0x0000000085300000, 0x0000000085300000| Untracked 
|  54|0x0000000085400000, 0x0000000085400000, 0x0000000085500000|  0%| F|  |TAMS 0x0000000085400000, 0x0000000085400000| Untracked 
|  55|0x0000000085500000, 0x0000000085500000, 0x0000000085600000|  0%| F|  |TAMS 0x0000000085500000, 0x0000000085500000| Untracked 
|  56|0x0000000085600000, 0x0000000085600000, 0x0000000085700000|  0%| F|  |TAMS 0x0000000085600000, 0x0000000085600000| Untracked 
|  57|0x0000000085700000, 0x0000000085700000, 0x0000000085800000|  0%| F|  |TAMS 0x0000000085700000, 0x0000000085700000| Untracked 
|  58|0x0000000085800000, 0x0000000085800000, 0x0000000085900000|  0%| F|  |TAMS 0x0000000085800000, 0x0000000085800000| Untracked 
|  59|0x0000000085900000, 0x0000000085900000, 0x0000000085a00000|  0%| F|  |TAMS 0x0000000085900000, 0x0000000085900000| Untracked 
|  60|0x0000000085a00000, 0x0000000085a7e6e0, 0x0000000085b00000| 49%| S|CS|TAMS 0x0000000085a00000, 0x0000000085a00000| Complete 
|  61|0x0000000085b00000, 0x0000000085c00000, 0x0000000085c00000|100%| S|CS|TAMS 0x0000000085b00000, 0x0000000085b00000| Complete 
|  62|0x0000000085c00000, 0x0000000085d00000, 0x0000000085d00000|100%| S|CS|TAMS 0x0000000085c00000, 0x0000000085c00000| Complete 
|  63|0x0000000085d00000, 0x0000000085e00000, 0x0000000085e00000|100%| S|CS|TAMS 0x0000000085d00000, 0x0000000085d00000| Complete 
|  64|0x0000000085e00000, 0x0000000085f00000, 0x0000000085f00000|100%| S|CS|TAMS 0x0000000085e00000, 0x0000000085e00000| Complete 
|  65|0x0000000085f00000, 0x0000000086000000, 0x0000000086000000|100%| S|CS|TAMS 0x0000000085f00000, 0x0000000085f00000| Complete 
|  66|0x0000000086000000, 0x0000000086100000, 0x0000000086100000|100%| S|CS|TAMS 0x0000000086000000, 0x0000000086000000| Complete 
|  67|0x0000000086100000, 0x0000000086200000, 0x0000000086200000|100%| S|CS|TAMS 0x0000000086100000, 0x0000000086100000| Complete 
|  68|0x0000000086200000, 0x0000000086200000, 0x0000000086300000|  0%| F|  |TAMS 0x0000000086200000, 0x0000000086200000| Untracked 
|  69|0x0000000086300000, 0x0000000086300000, 0x0000000086400000|  0%| F|  |TAMS 0x0000000086300000, 0x0000000086300000| Untracked 
|  70|0x0000000086400000, 0x0000000086400000, 0x0000000086500000|  0%| F|  |TAMS 0x0000000086400000, 0x0000000086400000| Untracked 
|  71|0x0000000086500000, 0x0000000086500000, 0x0000000086600000|  0%| F|  |TAMS 0x0000000086500000, 0x0000000086500000| Untracked 
|  72|0x0000000086600000, 0x0000000086600000, 0x0000000086700000|  0%| F|  |TAMS 0x0000000086600000, 0x0000000086600000| Untracked 
|  73|0x0000000086700000, 0x0000000086700000, 0x0000000086800000|  0%| F|  |TAMS 0x0000000086700000, 0x0000000086700000| Untracked 
|  74|0x0000000086800000, 0x0000000086800000, 0x0000000086900000|  0%| F|  |TAMS 0x0000000086800000, 0x0000000086800000| Untracked 
|  75|0x0000000086900000, 0x0000000086900000, 0x0000000086a00000|  0%| F|  |TAMS 0x0000000086900000, 0x0000000086900000| Untracked 
|  76|0x0000000086a00000, 0x0000000086a00000, 0x0000000086b00000|  0%| F|  |TAMS 0x0000000086a00000, 0x0000000086a00000| Untracked 
|  77|0x0000000086b00000, 0x0000000086b00000, 0x0000000086c00000|  0%| F|  |TAMS 0x0000000086b00000, 0x0000000086b00000| Untracked 
|  78|0x0000000086c00000, 0x0000000086c00000, 0x0000000086d00000|  0%| F|  |TAMS 0x0000000086c00000, 0x0000000086c00000| Untracked 
|  79|0x0000000086d00000, 0x0000000086d00000, 0x0000000086e00000|  0%| F|  |TAMS 0x0000000086d00000, 0x0000000086d00000| Untracked 
|  80|0x0000000086e00000, 0x0000000086e00000, 0x0000000086f00000|  0%| F|  |TAMS 0x0000000086e00000, 0x0000000086e00000| Untracked 
|  81|0x0000000086f00000, 0x0000000086f00000, 0x0000000087000000|  0%| F|  |TAMS 0x0000000086f00000, 0x0000000086f00000| Untracked 
|  82|0x0000000087000000, 0x0000000087000000, 0x0000000087100000|  0%| F|  |TAMS 0x0000000087000000, 0x0000000087000000| Untracked 
|  83|0x0000000087100000, 0x0000000087100000, 0x0000000087200000|  0%| F|  |TAMS 0x0000000087100000, 0x0000000087100000| Untracked 
|  84|0x0000000087200000, 0x0000000087200000, 0x0000000087300000|  0%| F|  |TAMS 0x0000000087200000, 0x0000000087200000| Untracked 
|  85|0x0000000087300000, 0x0000000087300000, 0x0000000087400000|  0%| F|  |TAMS 0x0000000087300000, 0x0000000087300000| Untracked 
|  86|0x0000000087400000, 0x0000000087400000, 0x0000000087500000|  0%| F|  |TAMS 0x0000000087400000, 0x0000000087400000| Untracked 
|  87|0x0000000087500000, 0x0000000087500000, 0x0000000087600000|  0%| F|  |TAMS 0x0000000087500000, 0x0000000087500000| Untracked 
|  88|0x0000000087600000, 0x0000000087600000, 0x0000000087700000|  0%| F|  |TAMS 0x0000000087600000, 0x0000000087600000| Untracked 
|  89|0x0000000087700000, 0x0000000087700000, 0x0000000087800000|  0%| F|  |TAMS 0x0000000087700000, 0x0000000087700000| Untracked 
|  90|0x0000000087800000, 0x0000000087800000, 0x0000000087900000|  0%| F|  |TAMS 0x0000000087800000, 0x0000000087800000| Untracked 
|  91|0x0000000087900000, 0x0000000087900000, 0x0000000087a00000|  0%| F|  |TAMS 0x0000000087900000, 0x0000000087900000| Untracked 
|  92|0x0000000087a00000, 0x0000000087a00000, 0x0000000087b00000|  0%| F|  |TAMS 0x0000000087a00000, 0x0000000087a00000| Untracked 
|  93|0x0000000087b00000, 0x0000000087b00000, 0x0000000087c00000|  0%| F|  |TAMS 0x0000000087b00000, 0x0000000087b00000| Untracked 
|  94|0x0000000087c00000, 0x0000000087c00000, 0x0000000087d00000|  0%| F|  |TAMS 0x0000000087c00000, 0x0000000087c00000| Untracked 
|  95|0x0000000087d00000, 0x0000000087d00000, 0x0000000087e00000|  0%| F|  |TAMS 0x0000000087d00000, 0x0000000087d00000| Untracked 
|  96|0x0000000087e00000, 0x0000000087e00000, 0x0000000087f00000|  0%| F|  |TAMS 0x0000000087e00000, 0x0000000087e00000| Untracked 
|  97|0x0000000087f00000, 0x0000000087f00000, 0x0000000088000000|  0%| F|  |TAMS 0x0000000087f00000, 0x0000000087f00000| Untracked 
|  98|0x0000000088000000, 0x0000000088000000, 0x0000000088100000|  0%| F|  |TAMS 0x0000000088000000, 0x0000000088000000| Untracked 
|  99|0x0000000088100000, 0x0000000088100000, 0x0000000088200000|  0%| F|  |TAMS 0x0000000088100000, 0x0000000088100000| Untracked 
| 100|0x0000000088200000, 0x0000000088200000, 0x0000000088300000|  0%| F|  |TAMS 0x0000000088200000, 0x0000000088200000| Untracked 
| 101|0x0000000088300000, 0x0000000088300000, 0x0000000088400000|  0%| F|  |TAMS 0x0000000088300000, 0x0000000088300000| Untracked 
| 102|0x0000000088400000, 0x0000000088400000, 0x0000000088500000|  0%| F|  |TAMS 0x0000000088400000, 0x0000000088400000| Untracked 
| 103|0x0000000088500000, 0x0000000088500000, 0x0000000088600000|  0%| F|  |TAMS 0x0000000088500000, 0x0000000088500000| Untracked 
| 104|0x0000000088600000, 0x0000000088600000, 0x0000000088700000|  0%| F|  |TAMS 0x0000000088600000, 0x0000000088600000| Untracked 
| 105|0x0000000088700000, 0x0000000088700000, 0x0000000088800000|  0%| F|  |TAMS 0x0000000088700000, 0x0000000088700000| Untracked 
| 106|0x0000000088800000, 0x0000000088800000, 0x0000000088900000|  0%| F|  |TAMS 0x0000000088800000, 0x0000000088800000| Untracked 
| 107|0x0000000088900000, 0x0000000088900000, 0x0000000088a00000|  0%| F|  |TAMS 0x0000000088900000, 0x0000000088900000| Untracked 
| 108|0x0000000088a00000, 0x0000000088a00000, 0x0000000088b00000|  0%| F|  |TAMS 0x0000000088a00000, 0x0000000088a00000| Untracked 
| 109|0x0000000088b00000, 0x0000000088b00000, 0x0000000088c00000|  0%| F|  |TAMS 0x0000000088b00000, 0x0000000088b00000| Untracked 
| 110|0x0000000088c00000, 0x0000000088c00000, 0x0000000088d00000|  0%| F|  |TAMS 0x0000000088c00000, 0x0000000088c00000| Untracked 
| 111|0x0000000088d00000, 0x0000000088d00000, 0x0000000088e00000|  0%| F|  |TAMS 0x0000000088d00000, 0x0000000088d00000| Untracked 
| 112|0x0000000088e00000, 0x0000000088e00000, 0x0000000088f00000|  0%| F|  |TAMS 0x0000000088e00000, 0x0000000088e00000| Untracked 
| 113|0x0000000088f00000, 0x0000000088f00000, 0x0000000089000000|  0%| F|  |TAMS 0x0000000088f00000, 0x0000000088f00000| Untracked 
| 114|0x0000000089000000, 0x0000000089000000, 0x0000000089100000|  0%| F|  |TAMS 0x0000000089000000, 0x0000000089000000| Untracked 
| 115|0x0000000089100000, 0x0000000089100000, 0x0000000089200000|  0%| F|  |TAMS 0x0000000089100000, 0x0000000089100000| Untracked 
| 116|0x0000000089200000, 0x0000000089200000, 0x0000000089300000|  0%| F|  |TAMS 0x0000000089200000, 0x0000000089200000| Untracked 
| 117|0x0000000089300000, 0x0000000089300000, 0x0000000089400000|  0%| F|  |TAMS 0x0000000089300000, 0x0000000089300000| Untracked 
| 118|0x0000000089400000, 0x0000000089400000, 0x0000000089500000|  0%| F|  |TAMS 0x0000000089400000, 0x0000000089400000| Untracked 
| 119|0x0000000089500000, 0x0000000089500000, 0x0000000089600000|  0%| F|  |TAMS 0x0000000089500000, 0x0000000089500000| Untracked 
| 120|0x0000000089600000, 0x0000000089600000, 0x0000000089700000|  0%| F|  |TAMS 0x0000000089600000, 0x0000000089600000| Untracked 
| 121|0x0000000089700000, 0x0000000089700000, 0x0000000089800000|  0%| F|  |TAMS 0x0000000089700000, 0x0000000089700000| Untracked 
| 122|0x0000000089800000, 0x0000000089800000, 0x0000000089900000|  0%| F|  |TAMS 0x0000000089800000, 0x0000000089800000| Untracked 
| 123|0x0000000089900000, 0x0000000089900000, 0x0000000089a00000|  0%| F|  |TAMS 0x0000000089900000, 0x0000000089900000| Untracked 
| 124|0x0000000089a00000, 0x0000000089a00000, 0x0000000089b00000|  0%| F|  |TAMS 0x0000000089a00000, 0x0000000089a00000| Untracked 
| 125|0x0000000089b00000, 0x0000000089b00000, 0x0000000089c00000|  0%| F|  |TAMS 0x0000000089b00000, 0x0000000089b00000| Untracked 
| 126|0x0000000089c00000, 0x0000000089c00000, 0x0000000089d00000|  0%| F|  |TAMS 0x0000000089c00000, 0x0000000089c00000| Untracked 
| 127|0x0000000089d00000, 0x0000000089d00000, 0x0000000089e00000|  0%| F|  |TAMS 0x0000000089d00000, 0x0000000089d00000| Untracked 
| 128|0x0000000089e00000, 0x0000000089e00000, 0x0000000089f00000|  0%| F|  |TAMS 0x0000000089e00000, 0x0000000089e00000| Untracked 
| 129|0x0000000089f00000, 0x0000000089f00000, 0x000000008a000000|  0%| F|  |TAMS 0x0000000089f00000, 0x0000000089f00000| Untracked 
| 130|0x000000008a000000, 0x000000008a000000, 0x000000008a100000|  0%| F|  |TAMS 0x000000008a000000, 0x000000008a000000| Untracked 
| 131|0x000000008a100000, 0x000000008a100000, 0x000000008a200000|  0%| F|  |TAMS 0x000000008a100000, 0x000000008a100000| Untracked 
| 132|0x000000008a200000, 0x000000008a200000, 0x000000008a300000|  0%| F|  |TAMS 0x000000008a200000, 0x000000008a200000| Untracked 
| 133|0x000000008a300000, 0x000000008a300000, 0x000000008a400000|  0%| F|  |TAMS 0x000000008a300000, 0x000000008a300000| Untracked 
| 134|0x000000008a400000, 0x000000008a400000, 0x000000008a500000|  0%| F|  |TAMS 0x000000008a400000, 0x000000008a400000| Untracked 
| 135|0x000000008a500000, 0x000000008a500000, 0x000000008a600000|  0%| F|  |TAMS 0x000000008a500000, 0x000000008a500000| Untracked 
| 136|0x000000008a600000, 0x000000008a600000, 0x000000008a700000|  0%| F|  |TAMS 0x000000008a600000, 0x000000008a600000| Untracked 
| 137|0x000000008a700000, 0x000000008a700000, 0x000000008a800000|  0%| F|  |TAMS 0x000000008a700000, 0x000000008a700000| Untracked 
| 138|0x000000008a800000, 0x000000008a800000, 0x000000008a900000|  0%| F|  |TAMS 0x000000008a800000, 0x000000008a800000| Untracked 
| 139|0x000000008a900000, 0x000000008a900000, 0x000000008aa00000|  0%| F|  |TAMS 0x000000008a900000, 0x000000008a900000| Untracked 
| 140|0x000000008aa00000, 0x000000008aa00000, 0x000000008ab00000|  0%| F|  |TAMS 0x000000008aa00000, 0x000000008aa00000| Untracked 
| 141|0x000000008ab00000, 0x000000008ab00000, 0x000000008ac00000|  0%| F|  |TAMS 0x000000008ab00000, 0x000000008ab00000| Untracked 
| 142|0x000000008ac00000, 0x000000008ac00000, 0x000000008ad00000|  0%| F|  |TAMS 0x000000008ac00000, 0x000000008ac00000| Untracked 
| 143|0x000000008ad00000, 0x000000008ad00000, 0x000000008ae00000|  0%| F|  |TAMS 0x000000008ad00000, 0x000000008ad00000| Untracked 
| 144|0x000000008ae00000, 0x000000008ae00000, 0x000000008af00000|  0%| F|  |TAMS 0x000000008ae00000, 0x000000008ae00000| Untracked 
| 145|0x000000008af00000, 0x000000008af00000, 0x000000008b000000|  0%| F|  |TAMS 0x000000008af00000, 0x000000008af00000| Untracked 
| 146|0x000000008b000000, 0x000000008b000000, 0x000000008b100000|  0%| F|  |TAMS 0x000000008b000000, 0x000000008b000000| Untracked 
| 147|0x000000008b100000, 0x000000008b100000, 0x000000008b200000|  0%| F|  |TAMS 0x000000008b100000, 0x000000008b100000| Untracked 
| 148|0x000000008b200000, 0x000000008b200000, 0x000000008b300000|  0%| F|  |TAMS 0x000000008b200000, 0x000000008b200000| Untracked 
| 149|0x000000008b300000, 0x000000008b300000, 0x000000008b400000|  0%| F|  |TAMS 0x000000008b300000, 0x000000008b300000| Untracked 
| 150|0x000000008b400000, 0x000000008b400000, 0x000000008b500000|  0%| F|  |TAMS 0x000000008b400000, 0x000000008b400000| Untracked 
| 151|0x000000008b500000, 0x000000008b500000, 0x000000008b600000|  0%| F|  |TAMS 0x000000008b500000, 0x000000008b500000| Untracked 
| 152|0x000000008b600000, 0x000000008b600000, 0x000000008b700000|  0%| F|  |TAMS 0x000000008b600000, 0x000000008b600000| Untracked 
| 153|0x000000008b700000, 0x000000008b780800, 0x000000008b800000| 50%| E|  |TAMS 0x000000008b700000, 0x000000008b700000| Complete 
| 154|0x000000008b800000, 0x000000008b900000, 0x000000008b900000|100%| E|CS|TAMS 0x000000008b800000, 0x000000008b800000| Complete 
| 155|0x000000008b900000, 0x000000008ba00000, 0x000000008ba00000|100%| E|CS|TAMS 0x000000008b900000, 0x000000008b900000| Complete 
| 156|0x000000008ba00000, 0x000000008bb00000, 0x000000008bb00000|100%| E|CS|TAMS 0x000000008ba00000, 0x000000008ba00000| Complete 
| 157|0x000000008bb00000, 0x000000008bc00000, 0x000000008bc00000|100%| E|CS|TAMS 0x000000008bb00000, 0x000000008bb00000| Complete 
| 158|0x000000008bc00000, 0x000000008bd00000, 0x000000008bd00000|100%| E|CS|TAMS 0x000000008bc00000, 0x000000008bc00000| Complete 
| 159|0x000000008bd00000, 0x000000008be00000, 0x000000008be00000|100%| E|CS|TAMS 0x000000008bd00000, 0x000000008bd00000| Complete 
| 160|0x000000008be00000, 0x000000008bf00000, 0x000000008bf00000|100%| E|CS|TAMS 0x000000008be00000, 0x000000008be00000| Complete 
| 161|0x000000008bf00000, 0x000000008c000000, 0x000000008c000000|100%| E|CS|TAMS 0x000000008bf00000, 0x000000008bf00000| Complete 
| 162|0x000000008c000000, 0x000000008c100000, 0x000000008c100000|100%| E|CS|TAMS 0x000000008c000000, 0x000000008c000000| Complete 
| 163|0x000000008c100000, 0x000000008c200000, 0x000000008c200000|100%| E|CS|TAMS 0x000000008c100000, 0x000000008c100000| Complete 
| 164|0x000000008c200000, 0x000000008c300000, 0x000000008c300000|100%| E|CS|TAMS 0x000000008c200000, 0x000000008c200000| Complete 
| 165|0x000000008c300000, 0x000000008c400000, 0x000000008c400000|100%| E|CS|TAMS 0x000000008c300000, 0x000000008c300000| Complete 
| 166|0x000000008c400000, 0x000000008c500000, 0x000000008c500000|100%| E|CS|TAMS 0x000000008c400000, 0x000000008c400000| Complete 
| 167|0x000000008c500000, 0x000000008c600000, 0x000000008c600000|100%| E|CS|TAMS 0x000000008c500000, 0x000000008c500000| Complete 
| 168|0x000000008c600000, 0x000000008c700000, 0x000000008c700000|100%| E|CS|TAMS 0x000000008c600000, 0x000000008c600000| Complete 
| 169|0x000000008c700000, 0x000000008c800000, 0x000000008c800000|100%| E|CS|TAMS 0x000000008c700000, 0x000000008c700000| Complete 
| 170|0x000000008c800000, 0x000000008c900000, 0x000000008c900000|100%| E|CS|TAMS 0x000000008c800000, 0x000000008c800000| Complete 
| 171|0x000000008c900000, 0x000000008ca00000, 0x000000008ca00000|100%| E|CS|TAMS 0x000000008c900000, 0x000000008c900000| Complete 
| 172|0x000000008ca00000, 0x000000008cb00000, 0x000000008cb00000|100%| E|CS|TAMS 0x000000008ca00000, 0x000000008ca00000| Complete 
| 173|0x000000008cb00000, 0x000000008cc00000, 0x000000008cc00000|100%| E|CS|TAMS 0x000000008cb00000, 0x000000008cb00000| Complete 
| 174|0x000000008cc00000, 0x000000008cd00000, 0x000000008cd00000|100%| E|CS|TAMS 0x000000008cc00000, 0x000000008cc00000| Complete 
| 175|0x000000008cd00000, 0x000000008ce00000, 0x000000008ce00000|100%| E|CS|TAMS 0x000000008cd00000, 0x000000008cd00000| Complete 
| 176|0x000000008ce00000, 0x000000008cf00000, 0x000000008cf00000|100%| E|CS|TAMS 0x000000008ce00000, 0x000000008ce00000| Complete 
| 177|0x000000008cf00000, 0x000000008d000000, 0x000000008d000000|100%| E|CS|TAMS 0x000000008cf00000, 0x000000008cf00000| Complete 
| 178|0x000000008d000000, 0x000000008d100000, 0x000000008d100000|100%| E|CS|TAMS 0x000000008d000000, 0x000000008d000000| Complete 
| 179|0x000000008d100000, 0x000000008d200000, 0x000000008d200000|100%| E|CS|TAMS 0x000000008d100000, 0x000000008d100000| Complete 
| 180|0x000000008d200000, 0x000000008d300000, 0x000000008d300000|100%| E|CS|TAMS 0x000000008d200000, 0x000000008d200000| Complete 
| 181|0x000000008d300000, 0x000000008d400000, 0x000000008d400000|100%| E|CS|TAMS 0x000000008d300000, 0x000000008d300000| Complete 
| 182|0x000000008d400000, 0x000000008d500000, 0x000000008d500000|100%| E|CS|TAMS 0x000000008d400000, 0x000000008d400000| Complete 
| 183|0x000000008d500000, 0x000000008d600000, 0x000000008d600000|100%| E|CS|TAMS 0x000000008d500000, 0x000000008d500000| Complete 
| 184|0x000000008d600000, 0x000000008d700000, 0x000000008d700000|100%| E|CS|TAMS 0x000000008d600000, 0x000000008d600000| Complete 
| 185|0x000000008d700000, 0x000000008d800000, 0x000000008d800000|100%| E|CS|TAMS 0x000000008d700000, 0x000000008d700000| Complete 
| 186|0x000000008d800000, 0x000000008d900000, 0x000000008d900000|100%| E|CS|TAMS 0x000000008d800000, 0x000000008d800000| Complete 
| 187|0x000000008d900000, 0x000000008da00000, 0x000000008da00000|100%| E|CS|TAMS 0x000000008d900000, 0x000000008d900000| Complete 
| 188|0x000000008da00000, 0x000000008db00000, 0x000000008db00000|100%| E|CS|TAMS 0x000000008da00000, 0x000000008da00000| Complete 
| 189|0x000000008db00000, 0x000000008dc00000, 0x000000008dc00000|100%| E|CS|TAMS 0x000000008db00000, 0x000000008db00000| Complete 
| 190|0x000000008dc00000, 0x000000008dd00000, 0x000000008dd00000|100%| E|CS|TAMS 0x000000008dc00000, 0x000000008dc00000| Complete 
| 191|0x000000008dd00000, 0x000000008de00000, 0x000000008de00000|100%| E|CS|TAMS 0x000000008dd00000, 0x000000008dd00000| Complete 
| 192|0x000000008de00000, 0x000000008df00000, 0x000000008df00000|100%| E|CS|TAMS 0x000000008de00000, 0x000000008de00000| Complete 
| 193|0x000000008df00000, 0x000000008e000000, 0x000000008e000000|100%| E|CS|TAMS 0x000000008df00000, 0x000000008df00000| Complete 
| 194|0x000000008e000000, 0x000000008e100000, 0x000000008e100000|100%| E|CS|TAMS 0x000000008e000000, 0x000000008e000000| Complete 
| 195|0x000000008e100000, 0x000000008e200000, 0x000000008e200000|100%| E|CS|TAMS 0x000000008e100000, 0x000000008e100000| Complete 
| 196|0x000000008e200000, 0x000000008e300000, 0x000000008e300000|100%| E|CS|TAMS 0x000000008e200000, 0x000000008e200000| Complete 
| 197|0x000000008e300000, 0x000000008e400000, 0x000000008e400000|100%| E|CS|TAMS 0x000000008e300000, 0x000000008e300000| Complete 
| 198|0x000000008e400000, 0x000000008e500000, 0x000000008e500000|100%| E|CS|TAMS 0x000000008e400000, 0x000000008e400000| Complete 
| 199|0x000000008e500000, 0x000000008e600000, 0x000000008e600000|100%| E|CS|TAMS 0x000000008e500000, 0x000000008e500000| Complete 
| 200|0x000000008e600000, 0x000000008e700000, 0x000000008e700000|100%| E|CS|TAMS 0x000000008e600000, 0x000000008e600000| Complete 
| 201|0x000000008e700000, 0x000000008e800000, 0x000000008e800000|100%| E|CS|TAMS 0x000000008e700000, 0x000000008e700000| Complete 
|2016|0x00000000ffe00000, 0x00000000ffe35000, 0x00000000fff00000| 20%|OA|  |TAMS 0x00000000ffe35000, 0x00000000ffe00000| Untracked 
|2017|0x00000000fff00000, 0x00000000fff6a000, 0x0000000100000000| 41%|CA|  |TAMS 0x00000000fff6a000, 0x00000000fff00000| Untracked 

Card table byte_map: [0x00007f4dd4710000,0x00007f4dd4b01000] _byte_map_base: 0x00007f4dd4301000

Marking Bits (Prev, Next): (CMBitMap*) 0x00007f4dd0051720, (CMBitMap*) 0x00007f4dd00516e8
 Prev Bits: [0x00007f4db00e0000, 0x00007f4db2068000)
 Next Bits: [0x00007f4db2070000, 0x00007f4db3ff8000)

Polling page: 0x00007f4dd94e0000

Metaspace:

Usage:
  Non-class:     25.61 MB capacity,    25.06 MB ( 98%) used,   454.99 KB (  2%) free+waste,   104.44 KB ( <1%) overhead. 
      Class:      3.95 MB capacity,     3.61 MB ( 92%) used,   291.81 KB (  7%) free+waste,    51.56 KB (  1%) overhead. 
       Both:     29.55 MB capacity,    28.67 MB ( 97%) used,   746.80 KB (  2%) free+waste,   156.00 KB ( <1%) overhead. 

Virtual space:
  Non-class space:       26.00 MB reserved,      25.67 MB ( 99%) committed 
      Class space:        1.00 GB reserved,       4.00 MB ( <1%) committed 
             Both:        1.03 GB reserved,      29.67 MB (  3%) committed 

Chunk freelists:
   Non-Class:  1.00 KB
       Class:  0 bytes
        Both:  1.00 KB

CodeHeap 'non-profiled nmethods': size=120032Kb used=1851Kb max_used=1851Kb free=118180Kb
 bounds [0x00007f4dc0438000, 0x00007f4dc06a8000, 0x00007f4dc7970000]
CodeHeap 'profiled nmethods': size=120032Kb used=8751Kb max_used=8751Kb free=111280Kb
 bounds [0x00007f4db8f00000, 0x00007f4db9790000, 0x00007f4dc0438000]
CodeHeap 'non-nmethods': size=5696Kb used=1174Kb max_used=1226Kb free=4522Kb
 bounds [0x00007f4db8970000, 0x00007f4db8be0000, 0x00007f4db8f00000]
 total_blobs=5003 nmethods=3609 adapters=431
 compilation: enabled
              stopped_count=0, restarted_count=0
 full_count=0

Compilation events (10 events):
Event: 9.712 Thread 0x00007f4dd0182800 nmethod 3614 0x00007f4db9785310 code [0x00007f4db97854e0, 0x00007f4db97858c8]
Event: 9.712 Thread 0x00007f4dd0182800 3615       3       org.springframework.asm.FieldWriter::<init> (69 bytes)
Event: 9.712 Thread 0x00007f4dd0182800 nmethod 3615 0x00007f4db9785a10 code [0x00007f4db9785c20, 0x00007f4db9786068]
Event: 9.712 Thread 0x00007f4dd0182800 3616       3       org.springframework.asm.FieldWriter::computeFieldInfoSize (201 bytes)
Event: 9.713 Thread 0x00007f4dd0182800 nmethod 3616 0x00007f4db9786290 code [0x00007f4db9786500, 0x00007f4db9786ea8]
Event: 9.713 Thread 0x00007f4dd0182800 3617       3       org.springframework.asm.FieldWriter::putFieldInfo (418 bytes)
Event: 9.715 Thread 0x00007f4dd0182800 nmethod 3617 0x00007f4db9787190 code [0x00007f4db9787540, 0x00007f4db97887d8]
Event: 9.730 Thread 0x00007f4dd0182800 3620   !   3       java.lang.invoke.MethodHandles$Lookup::canBeCached (150 bytes)
Event: 9.734 Thread 0x00007f4dd0182800 nmethod 3620 0x00007f4db9788e10 code [0x00007f4db9789220, 0x00007f4db978b328]
Event: 9.739 Thread 0x00007f4dd0182800 3622       3       java.util.TimSort::sort (229 bytes)

GC Heap History (10 events):
Event: 1.382 GC heap before
{Heap before GC invocations=0 (full 0):
 garbage-first heap   total 133120K, used 13948K [0x0000000081e00000, 0x0000000100000000)
  region size 1024K, 14 young (14336K), 0 survivors (0K)
 Metaspace       used 3964K, capacity 5925K, committed 6016K, reserved 1056768K
  class space    used 437K, capacity 619K, committed 640K, reserved 1048576K
}
Event: 1.412 GC heap after
{Heap after GC invocations=1 (full 0):
 garbage-first heap   total 133120K, used 4951K [0x0000000081e00000, 0x0000000100000000)
  region size 1024K, 2 young (2048K), 2 survivors (2048K)
 Metaspace       used 3964K, capacity 5925K, committed 6016K, reserved 1056768K
  class space    used 437K, capacity 619K, committed 640K, reserved 1048576K
}
Event: 2.886 GC heap before
{Heap before GC invocations=1 (full 0):
 garbage-first heap   total 133120K, used 29527K [0x0000000081e00000, 0x0000000100000000)
  region size 1024K, 26 young (26624K), 2 survivors (2048K)
 Metaspace       used 8439K, capacity 9513K, committed 9600K, reserved 1058816K
  class space    used 1018K, capacity 1136K, committed 1152K, reserved 1048576K
}
Event: 2.921 GC heap after
{Heap after GC invocations=2 (full 0):
 garbage-first heap   total 133120K, used 6298K [0x0000000081e00000, 0x0000000100000000)
  region size 1024K, 4 young (4096K), 4 survivors (4096K)
 Metaspace       used 8439K, capacity 9513K, committed 9600K, reserved 1058816K
  class space    used 1018K, capacity 1136K, committed 1152K, reserved 1048576K
}
Event: 3.969 GC heap before
{Heap before GC invocations=2 (full 0):
 garbage-first heap   total 133120K, used 33946K [0x0000000081e00000, 0x0000000100000000)
  region size 1024K, 31 young (31744K), 4 survivors (4096K)
 Metaspace       used 13370K, capacity 13701K, committed 13824K, reserved 1060864K
  class space    used 1789K, capacity 1939K, committed 2048K, reserved 1048576K
}
Event: 4.021 GC heap after
{Heap after GC invocations=3 (full 0):
 garbage-first heap   total 133120K, used 7415K [0x0000000081e00000, 0x0000000100000000)
  region size 1024K, 3 young (3072K), 3 survivors (3072K)
 Metaspace       used 13370K, capacity 13701K, committed 13824K, reserved 1060864K
  class space    used 1789K, capacity 1939K, committed 2048K, reserved 1048576K
}
Event: 5.930 GC heap before
{Heap before GC invocations=3 (full 0):
 garbage-first heap   total 133120K, used 48375K [0x0000000081e00000, 0x0000000100000000)
  region size 1024K, 45 young (46080K), 3 survivors (3072K)
 Metaspace       used 20602K, capacity 21176K, committed 21296K, reserved 1067008K
  class space    used 2655K, capacity 2881K, committed 2944K, reserved 1048576K
}
Event: 6.032 GC heap after
{Heap after GC invocations=4 (full 0):
 garbage-first heap   total 133120K, used 9491K [0x0000000081e00000, 0x0000000100000000)
  region size 1024K, 5 young (5120K), 5 survivors (5120K)
 Metaspace       used 20602K, capacity 21176K, committed 21296K, reserved 1067008K
  class space    used 2655K, capacity 2881K, committed 2944K, reserved 1048576K
}
Event: 8.259 GC heap before
{Heap before GC invocations=5 (full 0):
 garbage-first heap   total 133120K, used 65811K [0x0000000081e00000, 0x0000000100000000)
  region size 1024K, 60 young (61440K), 5 survivors (5120K)
 Metaspace       used 27324K, capacity 28141K, committed 28336K, reserved 1073152K
  class space    used 3457K, capacity 3786K, committed 3840K, reserved 1048576K
}
Event: 8.315 GC heap after
{Heap after GC invocations=6 (full 0):
 garbage-first heap   total 208896K, used 13646K [0x0000000081e00000, 0x0000000100000000)
  region size 1024K, 8 young (8192K), 8 survivors (8192K)
 Metaspace       used 27324K, capacity 28141K, committed 28336K, reserved 1073152K
  class space    used 3457K, capacity 3786K, committed 3840K, reserved 1048576K
}

Deoptimization events (10 events):
Event: 8.046 Thread 0x00007f4dd0012000 Uncommon trap: reason=speculate_class_check action=maybe_recompile pc=0x00007f4dc059a82c method=java.lang.reflect.Executable.declaredAnnotations()Ljava/util/Map; @ 23 c2
Event: 8.127 Thread 0x00007f4dd0012000 Uncommon trap: reason=speculate_class_check action=maybe_recompile pc=0x00007f4dc059a82c method=java.lang.reflect.Executable.declaredAnnotations()Ljava/util/Map; @ 23 c2
Event: 8.255 Thread 0x00007f4dd0012000 Uncommon trap: reason=unstable_if action=reinterpret pc=0x00007f4dc057bd98 method=org.springframework.util.ConcurrentReferenceHashMap$Segment.findInChain(Lorg/springframework/util/ConcurrentReferenceHashMap$Reference;Ljava/lang/Object;I)Lorg/springframewo
Event: 8.777 Thread 0x00007f4dd0012000 Uncommon trap: reason=intrinsic_or_type_checked_inlining action=make_not_entrant pc=0x00007f4dc05c9e00 method=java.util.Arrays.copyOf([Ljava/lang/Object;ILjava/lang/Class;)[Ljava/lang/Object; @ 35 c2
Event: 8.985 Thread 0x00007f4dd0012000 Uncommon trap: reason=unstable_if action=reinterpret pc=0x00007f4dc05c7de0 method=java.util.IdentityHashMap.get(Ljava/lang/Object;)Ljava/lang/Object; @ 31 c2
Event: 9.194 Thread 0x00007f4dd0012000 Uncommon trap: reason=profile_predicate action=maybe_recompile pc=0x00007f4dc05e3424 method=java.lang.PublicMethods$MethodList.filter([Ljava/lang/reflect/Method;Ljava/lang/String;[Ljava/lang/Class;Z)Ljava/lang/PublicMethods$MethodList; @ 21 c2
Event: 9.195 Thread 0x00007f4dd0012000 Uncommon trap: reason=profile_predicate action=maybe_recompile pc=0x00007f4dc05e3424 method=java.lang.PublicMethods$MethodList.filter([Ljava/lang/reflect/Method;Ljava/lang/String;[Ljava/lang/Class;Z)Ljava/lang/PublicMethods$MethodList; @ 21 c2
Event: 9.195 Thread 0x00007f4dd0012000 Uncommon trap: reason=profile_predicate action=maybe_recompile pc=0x00007f4dc05e3424 method=java.lang.PublicMethods$MethodList.filter([Ljava/lang/reflect/Method;Ljava/lang/String;[Ljava/lang/Class;Z)Ljava/lang/PublicMethods$MethodList; @ 21 c2
Event: 9.195 Thread 0x00007f4dd0012000 Uncommon trap: reason=profile_predicate action=maybe_recompile pc=0x00007f4dc05e3424 method=java.lang.PublicMethods$MethodList.filter([Ljava/lang/reflect/Method;Ljava/lang/String;[Ljava/lang/Class;Z)Ljava/lang/PublicMethods$MethodList; @ 21 c2
Event: 9.600 Thread 0x00007f4dd0012000 Uncommon trap: reason=unstable_if action=reinterpret pc=0x00007f4dc05b7764 method=org.springframework.beans.factory.support.DefaultSingletonBeanRegistry.getSingleton(Ljava/lang/String;Z)Ljava/lang/Object; @ 47 c2

Classes redefined (0 events):
No events

Internal exceptions (10 events):
Event: 9.731 Thread 0x00007f4dd0012000 Exception <a 'java/lang/ClassNotFoundException'{0x000000008b9e0e08}: org.springframework.boot.autoconfigure.http.codec.CodecsAutoConfiguration$JacksonCodecConfiguration$$Lambda$443/0x00000008403f1840Customizer> (0x000000008b9e0e08) thrown at [/build/openj
Event: 9.731 Thread 0x00007f4dd0012000 Exception <a 'java/lang/ClassNotFoundException'{0x000000008b9e1438}: org.springframework.boot.autoconfigure.http.codec.CodecsAutoConfiguration$JacksonCodecConfiguration$$Lambda$443/0x00000008403f1840Customizer> (0x000000008b9e1438) thrown at [/build/openj
Event: 9.731 Thread 0x00007f4dd0012000 Exception <a 'java/lang/ClassNotFoundException'{0x000000008b9e1a68}: org.springframework.boot.autoconfigure.http.codec.CodecsAutoConfiguration$JacksonCodecConfiguration$$Lambda$443/0x00000008403f1840Customizer> (0x000000008b9e1a68) thrown at [/build/openj
Event: 9.732 Thread 0x00007f4dd0012000 Exception <a 'java/lang/ClassNotFoundException'{0x000000008b9ef2a0}: org/springframework/boot/web/codec/CodecCustomizerCustomizer> (0x000000008b9ef2a0) thrown at [/build/openjdk-lts-TkRlmw/openjdk-lts-11.0.3+7/src/hotspot/share/classfile/systemDictionary.
Event: 9.734 Thread 0x00007f4dd0012000 Exception <a 'java/lang/ClassNotFoundException'{0x000000008b9f6538}: java/lang/ObjectCustomizer> (0x000000008b9f6538) thrown at [/build/openjdk-lts-TkRlmw/openjdk-lts-11.0.3+7/src/hotspot/share/classfile/systemDictionary.cpp, line 231]
Event: 9.735 Thread 0x00007f4dd0012000 Exception <a 'java/lang/ClassNotFoundException'{0x000000008b806fe0}: org/springframework/boot/autoconfigure/http/codec/CodecsAutoConfigurationCustomizer> (0x000000008b806fe0) thrown at [/build/openjdk-lts-TkRlmw/openjdk-lts-11.0.3+7/src/hotspot/share/clas
Event: 9.736 Thread 0x00007f4dd0012000 Exception <a 'java/lang/ClassNotFoundException'{0x000000008b818148}: org/springframework/boot/autoconfigure/http/codec/CodecsAutoConfiguration$$EnhancerBySpringCGLIB$$b2d5035bCustomizer> (0x000000008b818148) thrown at [/build/openjdk-lts-TkRlmw/openjdk-lt
Event: 9.737 Thread 0x00007f4dd0012000 Exception <a 'java/lang/ClassNotFoundException'{0x000000008b82b200}: org/springframework/context/annotation/ConfigurationClassEnhancer$EnhancedConfigurationCustomizer> (0x000000008b82b200) thrown at [/build/openjdk-lts-TkRlmw/openjdk-lts-11.0.3+7/src/hots
Event: 9.738 Thread 0x00007f4dd0012000 Exception <a 'java/lang/ClassNotFoundException'{0x000000008b836580}: org/springframework/beans/factory/BeanFactoryAwareCustomizer> (0x000000008b836580) thrown at [/build/openjdk-lts-TkRlmw/openjdk-lts-11.0.3+7/src/hotspot/share/classfile/systemDictionary.
Event: 9.739 Thread 0x00007f4dd0012000 Exception <a 'java/lang/ClassNotFoundException'{0x000000008b841b60}: org/springframework/beans/factory/AwareCustomizer> (0x000000008b841b60) thrown at [/build/openjdk-lts-TkRlmw/openjdk-lts-11.0.3+7/src/hotspot/share/classfile/systemDictionary.cpp, line 2

Events (10 events):
Event: 9.738 loading class org/springframework/beans/factory/BeanFactoryAwareCustomizer
Event: 9.738 loading class org/springframework/beans/factory/BeanFactoryAwareCustomizer done
Event: 9.738 loading class org/springframework/beans/factory/BeanFactoryAwareCustomizer
Event: 9.738 loading class org/springframework/beans/factory/BeanFactoryAwareCustomizer done
Event: 9.738 loading class org/springframework/beans/factory/AwareCustomizer
Event: 9.738 loading class org/springframework/beans/factory/AwareCustomizer done
Event: 9.738 loading class org/springframework/beans/factory/AwareCustomizer
Event: 9.738 loading class org/springframework/beans/factory/AwareCustomizer done
Event: 9.739 loading class org/springframework/beans/factory/AwareCustomizer
Event: 9.739 loading class org/springframework/beans/factory/AwareCustomizer done


Dynamic libraries:
81e00000-8e800000 rw-p 00000000 00:00 0
8e800000-ffe00000 ---p 00000000 00:00 0
ffe00000-ffe35000 rw-p 0111e000 00:00 337693                     /usr/lib/jvm/java-11-openjdk-amd64/lib/server/classes.jsa
ffe35000-fff00000 rw-p 00000000 00:00 0
fff00000-fff6a000 rw-p 010b4000 00:00 337693                     /usr/lib/jvm/java-11-openjdk-amd64/lib/server/classes.jsa
fff6a000-100000000 rw-p 00000000 00:00 0
800000000-800002000 rwxp 00001000 00:00 337693                   /usr/lib/jvm/java-11-openjdk-amd64/lib/server/classes.jsa
800002000-8003bf000 rw-p 00003000 00:00 337693                   /usr/lib/jvm/java-11-openjdk-amd64/lib/server/classes.jsa
8003bf000-800a9c000 r--p 003c0000 00:00 337693                   /usr/lib/jvm/java-11-openjdk-amd64/lib/server/classes.jsa
800a9c000-800a9d000 rw-p 00a9d000 00:00 337693                   /usr/lib/jvm/java-11-openjdk-amd64/lib/server/classes.jsa
800a9d000-8010b3000 r--p 00a9e000 00:00 337693                   /usr/lib/jvm/java-11-openjdk-amd64/lib/server/classes.jsa
840000000-840400000 rw-p 00000000 00:00 0
840400000-880000000 ---p 00000000 00:00 0
7f4d4c000000-7f4d4d5ea000 rw-p 00000000 00:00 0
7f4d4d5ea000-7f4d50000000 ---p 00000000 00:00 0
7f4d50000000-7f4d50021000 rw-p 00000000 00:00 0
7f4d50021000-7f4d54000000 ---p 00000000 00:00 0
7f4d54000000-7f4d5442e000 rw-p 00000000 00:00 0
7f4d5442e000-7f4d58000000 ---p 00000000 00:00 0
7f4d58000000-7f4d58021000 rw-p 00000000 00:00 0
7f4d58021000-7f4d5c000000 ---p 00000000 00:00 0
7f4d5c000000-7f4d5c021000 rw-p 00000000 00:00 0
7f4d5c021000-7f4d60000000 ---p 00000000 00:00 0
7f4d60000000-7f4d60021000 rw-p 00000000 00:00 0
7f4d60021000-7f4d64000000 ---p 00000000 00:00 0
7f4d668b0000-7f4d66a70000 rw-p 00000000 00:00 0
7f4d66a70000-7f4d66ab0000 ---p 00000000 00:00 0
7f4d66ab0000-7f4d6729c000 rw-p 00000000 00:00 0
7f4d6729c000-7f4d672b0000 ---p 00000000 00:00 0
7f4d672b0000-7f4d674b0000 rw-p 00000000 00:00 0
7f4d674b0000-7f4d674b4000 ---p 00000000 00:00 0
7f4d674b4000-7f4d675b1000 rw-p 00000000 00:00 0
7f4d675c0000-7f4d679c0000 rw-p 00000000 00:00 0
7f4d679c0000-7f4d679c4000 ---p 00000000 00:00 0
7f4d679c4000-7f4d67ac1000 rw-p 00000000 00:00 0
7f4d67ad0000-7f4d67ad1000 ---p 00000000 00:00 0
7f4d67ad1000-7f4d67bd2000 rw-p 00000000 00:00 0
7f4d67be0000-7f4d67de0000 rw-p 00000000 00:00 0
7f4d67de0000-7f4d67de4000 ---p 00000000 00:00 0
7f4d67de4000-7f4d67ee1000 rw-p 00000000 00:00 0
7f4d67ef0000-7f4d67ef1000 ---p 00000000 00:00 0
7f4d67ef1000-7f4d67ff2000 rw-p 00000000 00:00 0
7f4d68000000-7f4d68031000 rw-p 00000000 00:00 0
7f4d68031000-7f4d6c000000 ---p 00000000 00:00 0
7f4d6c000000-7f4d6c021000 rw-p 00000000 00:00 0
7f4d6c021000-7f4d70000000 ---p 00000000 00:00 0
7f4d70000000-7f4d70021000 rw-p 00000000 00:00 0
7f4d70021000-7f4d74000000 ---p 00000000 00:00 0
7f4d74000000-7f4d74021000 rw-p 00000000 00:00 0
7f4d74021000-7f4d78000000 ---p 00000000 00:00 0
7f4d78000000-7f4d78021000 rw-p 00000000 00:00 0
7f4d78021000-7f4d7c000000 ---p 00000000 00:00 0
7f4d7c000000-7f4d7c021000 rw-p 00000000 00:00 0
7f4d7c021000-7f4d80000000 ---p 00000000 00:00 0
7f4d80000000-7f4d80b87000 rw-p 00000000 00:00 0
7f4d80b87000-7f4d84000000 ---p 00000000 00:00 0
7f4d84000000-7f4d84021000 rw-p 00000000 00:00 0
7f4d84021000-7f4d88000000 ---p 00000000 00:00 0
7f4d88000000-7f4d88021000 rw-p 00000000 00:00 0
7f4d88021000-7f4d8c000000 ---p 00000000 00:00 0
7f4d8c000000-7f4d8d2d9000 rw-p 00000000 00:00 0
7f4d8d2d9000-7f4d90000000 ---p 00000000 00:00 0
7f4d90000000-7f4d90021000 rw-p 00000000 00:00 0
7f4d90021000-7f4d94000000 ---p 00000000 00:00 0
7f4d94000000-7f4d94021000 rw-p 00000000 00:00 0
7f4d94021000-7f4d98000000 ---p 00000000 00:00 0
7f4d98000000-7f4d98021000 rw-p 00000000 00:00 0
7f4d98021000-7f4d9c000000 ---p 00000000 00:00 0
7f4d9c000000-7f4d9c177000 rw-p 00000000 00:00 0
7f4d9c177000-7f4da0000000 ---p 00000000 00:00 0
7f4da0000000-7f4da0021000 rw-p 00000000 00:00 0
7f4da0021000-7f4da4000000 ---p 00000000 00:00 0
7f4da4000000-7f4da4021000 rw-p 00000000 00:00 0
7f4da4021000-7f4da8000000 ---p 00000000 00:00 0
7f4da80f0000-7f4da80f1000 ---p 00000000 00:00 0
7f4da80f1000-7f4da81f2000 rw-p 00000000 00:00 0
7f4da8200000-7f4da8204000 ---p 00000000 00:00 0
7f4da8204000-7f4da8301000 rw-p 00000000 00:00 0
7f4da8310000-7f4da8315000 r-xp 00000000 00:00 338390             /usr/lib/jvm/java-11-openjdk-amd64/lib/libmanagement_ext.so
7f4da8315000-7f4da8316000 ---p 00005000 00:00 338390             /usr/lib/jvm/java-11-openjdk-amd64/lib/libmanagement_ext.so
7f4da8316000-7f4da8514000 ---p 00000006 00:00 338390             /usr/lib/jvm/java-11-openjdk-amd64/lib/libmanagement_ext.so
7f4da8514000-7f4da8515000 r--p 00004000 00:00 338390             /usr/lib/jvm/java-11-openjdk-amd64/lib/libmanagement_ext.so
7f4da8515000-7f4da8516000 rw-p 00005000 00:00 338390             /usr/lib/jvm/java-11-openjdk-amd64/lib/libmanagement_ext.so
7f4da8520000-7f4da8524000 r-xp 00000000 00:00 338387             /usr/lib/jvm/java-11-openjdk-amd64/lib/libmanagement.so
7f4da8524000-7f4da8525000 ---p 00004000 00:00 338387             /usr/lib/jvm/java-11-openjdk-amd64/lib/libmanagement.so
7f4da8525000-7f4da8723000 ---p 00000005 00:00 338387             /usr/lib/jvm/java-11-openjdk-amd64/lib/libmanagement.so
7f4da8723000-7f4da8724000 r--p 00003000 00:00 338387             /usr/lib/jvm/java-11-openjdk-amd64/lib/libmanagement.so
7f4da8724000-7f4da8725000 rw-p 00004000 00:00 338387             /usr/lib/jvm/java-11-openjdk-amd64/lib/libmanagement.so
7f4da8730000-7f4da8734000 ---p 00000000 00:00 0
7f4da8734000-7f4da8831000 rw-p 00000000 00:00 0
7f4da8840000-7f4da8856000 r-xp 00000000 00:00 338392             /usr/lib/jvm/java-11-openjdk-amd64/lib/libnet.so
7f4da8856000-7f4da8857000 ---p 00016000 00:00 338392             /usr/lib/jvm/java-11-openjdk-amd64/lib/libnet.so
7f4da8857000-7f4da8a55000 ---p 00000017 00:00 338392             /usr/lib/jvm/java-11-openjdk-amd64/lib/libnet.so
7f4da8a55000-7f4da8a56000 r--p 00015000 00:00 338392             /usr/lib/jvm/java-11-openjdk-amd64/lib/libnet.so
7f4da8a56000-7f4da8a57000 rw-p 00016000 00:00 338392             /usr/lib/jvm/java-11-openjdk-amd64/lib/libnet.so
7f4da8a60000-7f4da8a70000 r-xp 00000000 00:00 338393             /usr/lib/jvm/java-11-openjdk-amd64/lib/libnio.so
7f4da8a70000-7f4da8a71000 ---p 00010000 00:00 338393             /usr/lib/jvm/java-11-openjdk-amd64/lib/libnio.so
7f4da8a71000-7f4da8c6f000 ---p 00000011 00:00 338393             /usr/lib/jvm/java-11-openjdk-amd64/lib/libnio.so
7f4da8c6f000-7f4da8c70000 r--p 0000f000 00:00 338393             /usr/lib/jvm/java-11-openjdk-amd64/lib/libnio.so
7f4da8c70000-7f4da8c71000 rw-p 00010000 00:00 338393             /usr/lib/jvm/java-11-openjdk-amd64/lib/libnio.so
7f4da8c80000-7f4da8c84000 ---p 00000000 00:00 0
7f4da8c84000-7f4da8d81000 rw-p 00000000 00:00 0
7f4da8d90000-7f4da8d91000 ---p 00000000 00:00 0
7f4da8d91000-7f4da8e92000 rw-p 00000000 00:00 0
7f4da8ea0000-7f4da8ea4000 ---p 00000000 00:00 0
7f4da8ea4000-7f4da8fa1000 rw-p 00000000 00:00 0
7f4da8fb0000-7f4da8fb4000 ---p 00000000 00:00 0
7f4da8fb4000-7f4da90b1000 rw-p 00000000 00:00 0
7f4da90c0000-7f4da90c4000 ---p 00000000 00:00 0
7f4da90c4000-7f4da91c1000 rw-p 00000000 00:00 0
7f4da91d0000-7f4da91d4000 ---p 00000000 00:00 0
7f4da91d4000-7f4da92d1000 rw-p 00000000 00:00 0
7f4da92e0000-7f4da92e4000 ---p 00000000 00:00 0
7f4da92e4000-7f4da93e1000 rw-p 00000000 00:00 0
7f4da93e2000-7f4da9555000 r--p 00000000 00:00 272632             /usr/lib/locale/C.UTF-8/LC_COLLATE
7f4da9555000-7f4da96f0000 r--p 00000000 00:00 272743             /usr/lib/locale/locale-archive
7f4da96f0000-7f4da96f4000 ---p 00000000 00:00 0
7f4da96f4000-7f4da97f1000 rw-p 00000000 00:00 0
7f4da9800000-7f4dac021000 rw-p 00000000 00:00 0
7f4dac021000-7f4db0000000 ---p 00000000 00:00 0
7f4db00e0000-7f4db0408000 rw-p 00000000 00:00 0
7f4db0408000-7f4db2060000 ---p 00000000 00:00 0
7f4db2060000-7f4db2068000 rw-p 00000000 00:00 0
7f4db2070000-7f4db2398000 rw-p 00000000 00:00 0
7f4db2398000-7f4db3ff0000 ---p 00000000 00:00 0
7f4db3ff0000-7f4db3ff8000 rw-p 00000000 00:00 0
7f4db4000000-7f4db4021000 rw-p 00000000 00:00 0
7f4db4021000-7f4db8000000 ---p 00000000 00:00 0
7f4db80c0000-7f4db80c4000 ---p 00000000 00:00 0
7f4db80c4000-7f4db80e2000 rw-p 00000000 00:00 0
7f4db80f0000-7f4db80f4000 ---p 00000000 00:00 0
7f4db80f4000-7f4db81f1000 rw-p 00000000 00:00 0
7f4db8200000-7f4db8201000 ---p 00000000 00:00 0
7f4db8201000-7f4db8302000 rw-p 00000000 00:00 0
7f4db8310000-7f4db8311000 ---p 00000000 00:00 0
7f4db8311000-7f4db8412000 rw-p 00000000 00:00 0
7f4db8420000-7f4db8421000 ---p 00000000 00:00 0
7f4db8421000-7f4db8522000 rw-p 00000000 00:00 0
7f4db8530000-7f4db8631000 rw-p 00000000 00:00 0
7f4db8640000-7f4db8741000 rw-p 00000000 00:00 0
7f4db8750000-7f4db8851000 rw-p 00000000 00:00 0
7f4db8860000-7f4db8961000 rw-p 00000000 00:00 0
7f4db8970000-7f4db8be0000 rwxp 00000000 00:00 0
7f4db8be0000-7f4db8f00000 ---p 00000000 00:00 0
7f4db8f00000-7f4db9790000 rwxp 00000000 00:00 0
7f4db9790000-7f4dc0438000 ---p 00000000 00:00 0
7f4dc0438000-7f4dc06a8000 rwxp 00000000 00:00 0
7f4dc06a8000-7f4dc7970000 ---p 00000000 00:00 0
7f4dc797e000-7f4dd0000000 r--s 00000000 00:00 338403             /usr/lib/jvm/java-11-openjdk-amd64/lib/modules
7f4dd0000000-7f4dd0f67000 rw-p 00000000 00:00 0
7f4dd0f67000-7f4dd4000000 ---p 00000000 00:00 0
7f4dd4000000-7f4dd4081000 rw-p 00000000 00:00 0
7f4dd4090000-7f4dd40eb000 rw-p 00000000 00:00 0
7f4dd40f0000-7f4dd40f1000 ---p 00000000 00:00 0
7f4dd40f1000-7f4dd41f2000 rw-p 00000000 00:00 0
7f4dd4200000-7f4dd4201000 ---p 00000000 00:00 0
7f4dd4201000-7f4dd4302000 rw-p 00000000 00:00 0
7f4dd4310000-7f4dd4375000 rw-p 00000000 00:00 0
7f4dd4375000-7f4dd4700000 ---p 00000000 00:00 0
7f4dd4700000-7f4dd4701000 rw-p 00000000 00:00 0
7f4dd4710000-7f4dd4775000 rw-p 00000000 00:00 0
7f4dd4775000-7f4dd4b00000 ---p 00000000 00:00 0
7f4dd4b00000-7f4dd4b01000 rw-p 00000000 00:00 0
7f4dd4b10000-7f4dd4b75000 rw-p 00000000 00:00 0
7f4dd4b75000-7f4dd4f00000 ---p 00000000 00:00 0
7f4dd4f00000-7f4dd4f01000 rw-p 00000000 00:00 0
7f4dd4f10000-7f4dd5011000 rw-p 00000000 00:00 0
7f4dd5020000-7f4dd5121000 rw-p 00000000 00:00 0
7f4dd5130000-7f4dd5231000 rw-p 00000000 00:00 0
7f4dd5240000-7f4dd5341000 rw-p 00000000 00:00 0
7f4dd5350000-7f4dd5351000 ---p 00000000 00:00 0
7f4dd5351000-7f4dd5452000 rw-p 00000000 00:00 0
7f4dd5460000-7f4dd5465000 rw-p 00000000 00:00 0
7f4dd5465000-7f4dd554b000 ---p 00000000 00:00 0
7f4dd5550000-7f4dd5555000 r-xp 00000000 00:00 338382             /usr/lib/jvm/java-11-openjdk-amd64/lib/libjimage.so
7f4dd5555000-7f4dd5556000 ---p 00005000 00:00 338382             /usr/lib/jvm/java-11-openjdk-amd64/lib/libjimage.so
7f4dd5556000-7f4dd5754000 ---p 00000006 00:00 338382             /usr/lib/jvm/java-11-openjdk-amd64/lib/libjimage.so
7f4dd5754000-7f4dd5755000 r--p 00004000 00:00 338382             /usr/lib/jvm/java-11-openjdk-amd64/lib/libjimage.so
7f4dd5755000-7f4dd5756000 rw-p 00005000 00:00 338382             /usr/lib/jvm/java-11-openjdk-amd64/lib/libjimage.so
7f4dd5760000-7f4dd5767000 r-xp 00000000 00:00 338402             /usr/lib/jvm/java-11-openjdk-amd64/lib/libzip.so
7f4dd5767000-7f4dd5768000 ---p 00007000 00:00 338402             /usr/lib/jvm/java-11-openjdk-amd64/lib/libzip.so
7f4dd5768000-7f4dd5966000 ---p 00000008 00:00 338402             /usr/lib/jvm/java-11-openjdk-amd64/lib/libzip.so
7f4dd5966000-7f4dd5967000 r--p 00006000 00:00 338402             /usr/lib/jvm/java-11-openjdk-amd64/lib/libzip.so
7f4dd5967000-7f4dd5968000 rw-p 00007000 00:00 338402             /usr/lib/jvm/java-11-openjdk-amd64/lib/libzip.so
7f4dd5970000-7f4dd597b000 r-xp 00000000 00:00 263164             /lib/x86_64-linux-gnu/libnss_files-2.27.so
7f4dd597b000-7f4dd597c000 ---p 0000b000 00:00 263164             /lib/x86_64-linux-gnu/libnss_files-2.27.so
7f4dd597c000-7f4dd5b7a000 ---p 0000000c 00:00 263164             /lib/x86_64-linux-gnu/libnss_files-2.27.so
7f4dd5b7a000-7f4dd5b7b000 r--p 0000a000 00:00 263164             /lib/x86_64-linux-gnu/libnss_files-2.27.so
7f4dd5b7b000-7f4dd5b7c000 rw-p 0000b000 00:00 263164             /lib/x86_64-linux-gnu/libnss_files-2.27.so
7f4dd5b7c000-7f4dd5b82000 rw-p 00000000 00:00 0
7f4dd5b90000-7f4dd5ba7000 r-xp 00000000 00:00 263127             /lib/x86_64-linux-gnu/libnsl-2.27.so
7f4dd5ba7000-7f4dd5ba8000 ---p 00017000 00:00 263127             /lib/x86_64-linux-gnu/libnsl-2.27.so
7f4dd5ba8000-7f4dd5da6000 ---p 00000018 00:00 263127             /lib/x86_64-linux-gnu/libnsl-2.27.so
7f4dd5da6000-7f4dd5da7000 r--p 00016000 00:00 263127             /lib/x86_64-linux-gnu/libnsl-2.27.so
7f4dd5da7000-7f4dd5da8000 rw-p 00017000 00:00 263127             /lib/x86_64-linux-gnu/libnsl-2.27.so
7f4dd5da8000-7f4dd5daa000 rw-p 00000000 00:00 0
7f4dd5db0000-7f4dd5dbb000 r-xp 00000000 00:00 263172             /lib/x86_64-linux-gnu/libnss_nis-2.27.so
7f4dd5dbb000-7f4dd5dbc000 ---p 0000b000 00:00 263172             /lib/x86_64-linux-gnu/libnss_nis-2.27.so
7f4dd5dbc000-7f4dd5fba000 ---p 0000000c 00:00 263172             /lib/x86_64-linux-gnu/libnss_nis-2.27.so
7f4dd5fba000-7f4dd5fbb000 r--p 0000a000 00:00 263172             /lib/x86_64-linux-gnu/libnss_nis-2.27.so
7f4dd5fbb000-7f4dd5fbc000 rw-p 0000b000 00:00 263172             /lib/x86_64-linux-gnu/libnss_nis-2.27.so
7f4dd5fc0000-7f4dd5fc8000 r-xp 00000000 00:00 263134             /lib/x86_64-linux-gnu/libnss_compat-2.27.so
7f4dd5fc8000-7f4dd5fca000 ---p 00008000 00:00 263134             /lib/x86_64-linux-gnu/libnss_compat-2.27.so
7f4dd5fca000-7f4dd61c8000 ---p 0000000a 00:00 263134             /lib/x86_64-linux-gnu/libnss_compat-2.27.so
7f4dd61c8000-7f4dd61c9000 r--p 00008000 00:00 263134             /lib/x86_64-linux-gnu/libnss_compat-2.27.so
7f4dd61c9000-7f4dd61ca000 rw-p 00009000 00:00 263134             /lib/x86_64-linux-gnu/libnss_compat-2.27.so
7f4dd61d0000-7f4dd61f9000 r-xp 00000000 00:00 338377             /usr/lib/jvm/java-11-openjdk-amd64/lib/libjava.so
7f4dd61f9000-7f4dd61fb000 ---p 00029000 00:00 338377             /usr/lib/jvm/java-11-openjdk-amd64/lib/libjava.so
7f4dd61fb000-7f4dd63f8000 ---p 0000002b 00:00 338377             /usr/lib/jvm/java-11-openjdk-amd64/lib/libjava.so
7f4dd63f8000-7f4dd63f9000 r--p 00028000 00:00 338377             /usr/lib/jvm/java-11-openjdk-amd64/lib/libjava.so
7f4dd63f9000-7f4dd63fb000 rw-p 00029000 00:00 338377             /usr/lib/jvm/java-11-openjdk-amd64/lib/libjava.so
7f4dd6400000-7f4dd640d000 r-xp 00000000 00:00 338401             /usr/lib/jvm/java-11-openjdk-amd64/lib/libverify.so
7f4dd640d000-7f4dd640f000 ---p 0000d000 00:00 338401             /usr/lib/jvm/java-11-openjdk-amd64/lib/libverify.so
7f4dd640f000-7f4dd660c000 ---p 0000000f 00:00 338401             /usr/lib/jvm/java-11-openjdk-amd64/lib/libverify.so
7f4dd660c000-7f4dd660e000 r--p 0000c000 00:00 338401             /usr/lib/jvm/java-11-openjdk-amd64/lib/libverify.so
7f4dd660e000-7f4dd660f000 rw-p 0000e000 00:00 338401             /usr/lib/jvm/java-11-openjdk-amd64/lib/libverify.so
7f4dd6610000-7f4dd6617000 r-xp 00000000 00:00 263637             /lib/x86_64-linux-gnu/librt-2.27.so
7f4dd6617000-7f4dd6618000 ---p 00007000 00:00 263637             /lib/x86_64-linux-gnu/librt-2.27.so
7f4dd6618000-7f4dd6816000 ---p 00000008 00:00 263637             /lib/x86_64-linux-gnu/librt-2.27.so
7f4dd6816000-7f4dd6817000 r--p 00006000 00:00 263637             /lib/x86_64-linux-gnu/librt-2.27.so
7f4dd6817000-7f4dd6818000 rw-p 00007000 00:00 263637             /lib/x86_64-linux-gnu/librt-2.27.so
7f4dd6820000-7f4dd6837000 r-xp 00000000 00:00 313090             /lib/x86_64-linux-gnu/libgcc_s.so.1
7f4dd6837000-7f4dd6838000 ---p 00017000 00:00 313090             /lib/x86_64-linux-gnu/libgcc_s.so.1
7f4dd6838000-7f4dd6a36000 ---p 00000018 00:00 313090             /lib/x86_64-linux-gnu/libgcc_s.so.1
7f4dd6a36000-7f4dd6a37000 r--p 00016000 00:00 313090             /lib/x86_64-linux-gnu/libgcc_s.so.1
7f4dd6a37000-7f4dd6a38000 rw-p 00017000 00:00 313090             /lib/x86_64-linux-gnu/libgcc_s.so.1
7f4dd6a40000-7f4dd6bdd000 r-xp 00000000 00:00 262844             /lib/x86_64-linux-gnu/libm-2.27.so
7f4dd6bdd000-7f4dd6be0000 ---p 0019d000 00:00 262844             /lib/x86_64-linux-gnu/libm-2.27.so
7f4dd6be0000-7f4dd6ddc000 ---p 000001a0 00:00 262844             /lib/x86_64-linux-gnu/libm-2.27.so
7f4dd6ddc000-7f4dd6ddd000 r--p 0019c000 00:00 262844             /lib/x86_64-linux-gnu/libm-2.27.so
7f4dd6ddd000-7f4dd6dde000 rw-p 0019d000 00:00 262844             /lib/x86_64-linux-gnu/libm-2.27.so
7f4dd6de0000-7f4dd6f59000 r-xp 00000000 00:00 313028             /usr/lib/x86_64-linux-gnu/libstdc++.so.6.0.25
7f4dd6f59000-7f4dd6f66000 ---p 00179000 00:00 313028             /usr/lib/x86_64-linux-gnu/libstdc++.so.6.0.25
7f4dd6f66000-7f4dd7159000 ---p 00000186 00:00 313028             /usr/lib/x86_64-linux-gnu/libstdc++.so.6.0.25
7f4dd7159000-7f4dd7163000 r--p 00179000 00:00 313028             /usr/lib/x86_64-linux-gnu/libstdc++.so.6.0.25
7f4dd7163000-7f4dd7165000 rw-p 00183000 00:00 313028             /usr/lib/x86_64-linux-gnu/libstdc++.so.6.0.25
7f4dd7165000-7f4dd7169000 rw-p 00000000 00:00 0
7f4dd7170000-7f4dd8238000 r-xp 00000000 00:00 338409             /usr/lib/jvm/java-11-openjdk-amd64/lib/server/libjvm.so
7f4dd8238000-7f4dd832f000 ---p 010c8000 00:00 338409             /usr/lib/jvm/java-11-openjdk-amd64/lib/server/libjvm.so
7f4dd832f000-7f4dd8438000 ---p 000011bf 00:00 338409             /usr/lib/jvm/java-11-openjdk-amd64/lib/server/libjvm.so
7f4dd8438000-7f4dd84f5000 r--p 010c8000 00:00 338409             /usr/lib/jvm/java-11-openjdk-amd64/lib/server/libjvm.so
7f4dd84f5000-7f4dd852e000 rw-p 01185000 00:00 338409             /usr/lib/jvm/java-11-openjdk-amd64/lib/server/libjvm.so
7f4dd852e000-7f4dd8584000 rw-p 00000000 00:00 0
7f4dd8590000-7f4dd85aa000 r-xp 00000000 00:00 263588             /lib/x86_64-linux-gnu/libpthread-2.27.so
7f4dd85aa000-7f4dd85b4000 ---p 0001a000 00:00 263588             /lib/x86_64-linux-gnu/libpthread-2.27.so
7f4dd85b4000-7f4dd87a9000 ---p 00000024 00:00 263588             /lib/x86_64-linux-gnu/libpthread-2.27.so
7f4dd87a9000-7f4dd87aa000 r--p 00019000 00:00 263588             /lib/x86_64-linux-gnu/libpthread-2.27.so
7f4dd87aa000-7f4dd87ab000 rw-p 0001a000 00:00 263588             /lib/x86_64-linux-gnu/libpthread-2.27.so
7f4dd87ab000-7f4dd87af000 rw-p 00000000 00:00 0
7f4dd87b0000-7f4dd87b3000 r-xp 00000000 00:00 262452             /lib/x86_64-linux-gnu/libdl-2.27.so
7f4dd87b3000-7f4dd87b4000 ---p 00003000 00:00 262452             /lib/x86_64-linux-gnu/libdl-2.27.so
7f4dd87b4000-7f4dd89b2000 ---p 00000004 00:00 262452             /lib/x86_64-linux-gnu/libdl-2.27.so
7f4dd89b2000-7f4dd89b3000 r--p 00002000 00:00 262452             /lib/x86_64-linux-gnu/libdl-2.27.so
7f4dd89b3000-7f4dd89b4000 rw-p 00003000 00:00 262452             /lib/x86_64-linux-gnu/libdl-2.27.so
7f4dd89c0000-7f4dd89dc000 r-xp 00000000 00:00 264373             /lib/x86_64-linux-gnu/libz.so.1.2.11
7f4dd89dc000-7f4dd89dd000 ---p 0001c000 00:00 264373             /lib/x86_64-linux-gnu/libz.so.1.2.11
7f4dd89dd000-7f4dd8bdb000 ---p 0000001d 00:00 264373             /lib/x86_64-linux-gnu/libz.so.1.2.11
7f4dd8bdb000-7f4dd8bdc000 r--p 0001b000 00:00 264373             /lib/x86_64-linux-gnu/libz.so.1.2.11
7f4dd8bdc000-7f4dd8bdd000 rw-p 0001c000 00:00 264373             /lib/x86_64-linux-gnu/libz.so.1.2.11
7f4dd8be0000-7f4dd8dc7000 r-xp 00000000 00:00 262379             /lib/x86_64-linux-gnu/libc-2.27.so
7f4dd8dc7000-7f4dd8dd0000 ---p 001e7000 00:00 262379             /lib/x86_64-linux-gnu/libc-2.27.so
7f4dd8dd0000-7f4dd8fc7000 ---p 000001f0 00:00 262379             /lib/x86_64-linux-gnu/libc-2.27.so
7f4dd8fc7000-7f4dd8fcb000 r--p 001e7000 00:00 262379             /lib/x86_64-linux-gnu/libc-2.27.so
7f4dd8fcb000-7f4dd8fcd000 rw-p 001eb000 00:00 262379             /lib/x86_64-linux-gnu/libc-2.27.so
7f4dd8fcd000-7f4dd8fd1000 rw-p 00000000 00:00 0
7f4dd8fe0000-7f4dd8fef000 r-xp 00000000 00:00 338359             /usr/lib/jvm/java-11-openjdk-amd64/lib/jli/libjli.so
7f4dd8fef000-7f4dd8ff1000 ---p 0000f000 00:00 338359             /usr/lib/jvm/java-11-openjdk-amd64/lib/jli/libjli.so
7f4dd8ff1000-7f4dd91ef000 ---p 00000011 00:00 338359             /usr/lib/jvm/java-11-openjdk-amd64/lib/jli/libjli.so
7f4dd91ef000-7f4dd91f0000 r--p 0000f000 00:00 338359             /usr/lib/jvm/java-11-openjdk-amd64/lib/jli/libjli.so
7f4dd91f0000-7f4dd91f1000 rw-p 00010000 00:00 338359             /usr/lib/jvm/java-11-openjdk-amd64/lib/jli/libjli.so
7f4dd9200000-7f4dd9226000 r-xp 00000000 00:00 262058             /lib/x86_64-linux-gnu/ld-2.27.so
7f4dd9226000-7f4dd9227000 r-xp 00026000 00:00 262058             /lib/x86_64-linux-gnu/ld-2.27.so
7f4dd9230000-7f4dd9242000 rw-p 00000000 00:00 0
7f4dd9242000-7f4dd931b000 ---p 00000000 00:00 0
7f4dd9320000-7f4dd9324000 ---p 00000000 00:00 0
7f4dd9324000-7f4dd9421000 rw-p 00000000 00:00 0
7f4dd9427000-7f4dd9428000 r--p 00027000 00:00 262058             /lib/x86_64-linux-gnu/ld-2.27.so
7f4dd9428000-7f4dd9429000 rw-p 00028000 00:00 262058             /lib/x86_64-linux-gnu/ld-2.27.so
7f4dd9429000-7f4dd942a000 rw-p 00000000 00:00 0
7f4dd944f000-7f4dd9480000 r--p 00000000 00:00 272640             /usr/lib/locale/C.UTF-8/LC_CTYPE
7f4dd9480000-7f4dd94c4000 rw-p 00000000 00:00 0
7f4dd94d0000-7f4dd94d5000 rw-p 00000000 00:00 0
7f4dd94d5000-7f4dd94dc000 ---p 00000000 00:00 0
7f4dd94e0000-7f4dd94e1000 ---p 00000000 00:00 0
7f4dd94e1000-7f4dd94e2000 r--p 00000000 00:00 0
7f4dd94f0000-7f4dd94f2000 rw-p 00000000 00:00 0
7f4dd94f3000-7f4dd94f4000 r--p 00000000 00:00 272651             /usr/lib/locale/C.UTF-8/LC_NUMERIC
7f4dd94f4000-7f4dd94f5000 r--p 00000000 00:00 272689             /usr/lib/locale/C.UTF-8/LC_TIME
7f4dd94f5000-7f4dd94f6000 r--p 00000000 00:00 272649             /usr/lib/locale/C.UTF-8/LC_MONETARY
7f4dd94f6000-7f4dd94f7000 r--p 00000000 00:00 272648             /usr/lib/locale/C.UTF-8/LC_MESSAGES/SYS_LC_MESSAGES
7f4dd94f7000-7f4dd94f8000 r--p 00000000 00:00 272653             /usr/lib/locale/C.UTF-8/LC_PAPER
7f4dd94f8000-7f4dd94f9000 r--p 00000000 00:00 272650             /usr/lib/locale/C.UTF-8/LC_NAME
7f4dd94f9000-7f4dd9500000 r--s 00000000 00:00 285782             /usr/lib/x86_64-linux-gnu/gconv/gconv-modules.cache
7f4dd9500000-7f4dd9502000 rw-p 00000000 00:00 0
7f4dd9502000-7f4dd9503000 r--p 00000000 00:00 272629             /usr/lib/locale/C.UTF-8/LC_ADDRESS
7f4dd9503000-7f4dd9504000 r--p 00000000 00:00 272654             /usr/lib/locale/C.UTF-8/LC_TELEPHONE
7f4dd9504000-7f4dd9505000 r--p 00000000 00:00 272642             /usr/lib/locale/C.UTF-8/LC_MEASUREMENT
7f4dd9505000-7f4dd9506000 r--p 00000000 00:00 272641             /usr/lib/locale/C.UTF-8/LC_IDENTIFICATION
7f4dd9506000-7f4dd9508000 r--s 00007000 00:00 339137             /usr/share/java/java-atk-wrapper.jar
7f4dd9508000-7f4dd9510000 rw-s 00000000 00:00 273306             /tmp/hsperfdata_chrisdev/5309
7f4dd9600000-7f4dd9601000 r-xp 00000000 00:00 338203             /usr/lib/jvm/java-11-openjdk-amd64/bin/java
7f4dd9801000-7f4dd9802000 r--p 00001000 00:00 338203             /usr/lib/jvm/java-11-openjdk-amd64/bin/java
7f4dd9802000-7f4dd9803000 rw-p 00002000 00:00 338203             /usr/lib/jvm/java-11-openjdk-amd64/bin/java
7fffed276000-7fffed297000 rw-p 00000000 00:00 0                  [heap]
7ffff4eee000-7ffff56ee000 rw-p 00000000 00:00 0                  [stack]
7ffff5d5e000-7ffff5d5f000 r-xp 00000000 00:00 0                  [vdso]


VM Arguments:
java_command: /home/chrisdev/Local_Repo/Webhook/dynatrace-WH/target/surefire/surefirebooter2327769976501871.jar /home/chrisdev/Local_Repo/Webhook/dynatrace-WH/target/surefire 2019-07-22T19-23-11_350-jvmRun1 surefire17269183646969527297tmp surefire_06394805359571463120tmp
java_class_path (initial): /home/chrisdev/Local_Repo/Webhook/dynatrace-WH/target/surefire/surefirebooter2327769976501871.jar
Launcher Type: SUN_STANDARD

[Global flags]
     intx CICompilerCount                          = 3                                         {product} {ergonomic}
     uint ConcGCThreads                            = 1                                         {product} {ergonomic}
     uint G1ConcRefinementThreads                  = 4                                         {product} {ergonomic}
   size_t G1HeapRegionSize                         = 1048576                                   {product} {ergonomic}
    uintx GCDrainStackTargetSize                   = 64                                        {product} {ergonomic}
   size_t InitialHeapSize                          = 134217728                                 {product} {ergonomic}
   size_t MarkStackSize                            = 4194304                                   {product} {ergonomic}
   size_t MaxHeapSize                              = 2116026368                                {product} {ergonomic}
   size_t MaxNewSize                               = 1268776960                                {product} {ergonomic}
   size_t MinHeapDeltaBytes                        = 1048576                                   {product} {ergonomic}
    uintx NonNMethodCodeHeapSize                   = 5830092                                {pd product} {ergonomic}
    uintx NonProfiledCodeHeapSize                  = 122914074                              {pd product} {ergonomic}
    uintx ProfiledCodeHeapSize                     = 122914074                              {pd product} {ergonomic}
    uintx ReservedCodeCacheSize                    = 251658240                              {pd product} {ergonomic}
     bool SegmentedCodeCache                       = true                                      {product} {ergonomic}
     bool UseCompressedClassPointers               = true                                 {lp64_product} {ergonomic}
     bool UseCompressedOops                        = true                                 {lp64_product} {ergonomic}
     bool UseG1GC                                  = true                                      {product} {ergonomic}

Logging:
Log output configuration:
 #0: stdout all=warning uptime,level,tags
 #1: stderr all=off uptime,level,tags

Environment Variables:
JAVA_HOME=/usr/lib/jvm/java-11-openjdk-amd64
PATH=/usr/local/sbin:/usr/local/bin:/usr/sbin:/usr/bin:/sbin:/bin:/usr/games:/usr/local/games:/mnt/c/ProgramData/Oracle/Java/javapath_target_216000:/mnt/c/Windows/System32:/mnt/c/Windows:/mnt/c/Windows/System32/wbem:/mnt/c/Windows/System32/WindowsPowerShell/v1.0:/mnt/c/Windows/System32/OpenSSH:/mnt/c/Program Files/PuTTY:/mnt/c/Program Files/RedHat/java-1.8.0-openjdk-1.8.0.151-1/bin:/mnt/c/Users/chthomas/AppData/Local/Continuum/anaconda3:/mnt/c/Users/chthomas/AppData/Local/Continuum/anaconda3/Library/mingw-w64/bin:/mnt/c/Users/chthomas/AppData/Local/Continuum/anaconda3/Library/bin:/mnt/c/Users/chthomas/AppData/Local/Continuum/anaconda3/Scripts:/mnt/c/Users/chthomas/AppData/Local/Microsoft/WindowsApps:/mnt/c/Users/chthomas/AppData/Local/Programs/Microsoft VS Code/bin:/snap/bin
SHELL=/bin/bash
HOSTTYPE=x86_64

Signal Handlers:
SIGSEGV: [libjvm.so+0xde2f90], sa_mask[0]=11111111111111111111111111111110, sa_flags=SA_RESTART|SA_SIGINFO
SIGBUS: [libjvm.so+0xde2f90], sa_mask[0]=11111111111111111111111111111110, sa_flags=SA_RESTART|SA_SIGINFO
SIGFPE: [libjvm.so+0xde2f90], sa_mask[0]=11111111111111111111111111111110, sa_flags=SA_RESTART|SA_SIGINFO
SIGPIPE: [libjvm.so+0xbb85d0], sa_mask[0]=11111111111111111111111111111110, sa_flags=SA_RESTART|SA_SIGINFO
SIGXFSZ: [libjvm.so+0xbb85d0], sa_mask[0]=11111111111111111111111111111110, sa_flags=SA_RESTART|SA_SIGINFO
SIGILL: [libjvm.so+0xde2f90], sa_mask[0]=11111111111111111111111111111110, sa_flags=SA_RESTART|SA_SIGINFO
SIGUSR2: [libjvm.so+0xbb8470], sa_mask[0]=00100000000000000000000000000000, sa_flags=SA_RESTART|SA_SIGINFO
SIGHUP: [libjvm.so+0xbb87d0], sa_mask[0]=11111111111111111111111111111110, sa_flags=SA_RESTART|SA_SIGINFO
SIGINT: [libjvm.so+0xbb87d0], sa_mask[0]=11111111111111111111111111111110, sa_flags=SA_RESTART|SA_SIGINFO
SIGTERM: [libjvm.so+0xbb87d0], sa_mask[0]=11111111111111111111111111111110, sa_flags=SA_RESTART|SA_SIGINFO
SIGQUIT: [libjvm.so+0xbb87d0], sa_mask[0]=11111111111111111111111111111110, sa_flags=SA_RESTART|SA_SIGINFO


---------------  S Y S T E M  ---------------

OS:DISTRIB_ID=Ubuntu
DISTRIB_RELEASE=18.04
DISTRIB_CODENAME=bionic
DISTRIB_DESCRIPTION="Ubuntu 18.04.2 LTS"
uname:Linux 4.4.0-17134-Microsoft #706-Microsoft Mon Apr 01 18:13:00 PST 2019 x86_64
libc:glibc 2.27 NPTL 2.27 
rlimit: STACK 8192k, CORE 0k, NPROC 7823, NOFILE 65536, AS infinity, DATA infinity, FSIZE infinity
load average:0.52 0.58 0.59

/proc/meminfo:
MemTotal:        8260900 kB
MemFree:          417772 kB
Buffers:           34032 kB
Cached:           188576 kB
SwapCached:            0 kB
Active:           167556 kB
Inactive:         157876 kB
Active(anon):     103104 kB
Inactive(anon):    17440 kB
Active(file):      64452 kB
Inactive(file):   140436 kB
Unevictable:           0 kB
Mlocked:               0 kB
SwapTotal:      15508860 kB
SwapFree:       13648384 kB
Dirty:                 0 kB
Writeback:             0 kB
AnonPages:        102824 kB
Mapped:            71404 kB
Shmem:             17720 kB
Slab:              13868 kB
SReclaimable:       6744 kB
SUnreclaim:         7124 kB
KernelStack:        2848 kB
PageTables:         2524 kB
NFS_Unstable:          0 kB
Bounce:                0 kB
WritebackTmp:          0 kB
CommitLimit:      515524 kB
Committed_AS:    3450064 kB
VmallocTotal:     122880 kB
VmallocUsed:       21296 kB
VmallocChunk:      66044 kB
HardwareCorrupted:     0 kB
AnonHugePages:      2048 kB
HugePages_Total:       0
HugePages_Free:        0
HugePages_Rsvd:        0
HugePages_Surp:        0
Hugepagesize:       2048 kB
DirectMap4k:       12280 kB
DirectMap4M:      897024 kB


/proc/sys/kernel/threads-max (system-wide limit on the number of threads):
32768


/proc/sys/vm/max_map_count (maximum number of memory map areas a process may have):


/proc/sys/kernel/pid_max (system-wide limit on number of process identifiers):
32768




CPU:total 4 (initial active 4) (2 cores per cpu, 2 threads per core) family 6 model 61 stepping 4, cmov, cx8, fxsr, mmx, sse, sse2, sse3, ssse3, sse4.1, sse4.2, popcnt, avx, avx2, aes, clmul, erms, rtm, 3dnowpref, lzcnt, ht, tsc, tscinvbit, bmi1, bmi2, adx, fma
CPU Model and flags from /proc/cpuinfo:
model name	: Intel(R) Core(TM) i5-5300U CPU @ 2.30GHz
flags		: fpu vme de pse tsc msr pae mce cx8 apic sep mtrr pge mca cmov pat pse36 clflush dts acpi mmx fxsr sse sse2 ss ht tm pbe syscall nx pdpe1gb rdtscp lm pni pclmulqdq dtes64 monitor ds_cpl vmx smx est tm2 ssse3 fma cx16 xtpr pdcm pcid sse4_1 sse4_2 x2apic movbe popcnt tsc_deadline_timer aes xsave osxsave avx f16c rdrand

Memory: 4k page, physical 8260900k(417772k free), swap 15508860k(13648384k free)

vm_info: OpenJDK 64-Bit Server VM (11.0.3+7-Ubuntu-1ubuntu218.04.1) for linux-amd64 JRE (11.0.3+7-Ubuntu-1ubuntu218.04.1), built on Apr 23 2019 18:34:35 by "buildd" with gcc 7.3.0

END.
