#
# A fatal error has been detected by the Java Runtime Environment:
#
#  SIGSEGV (0xb) at pc=0x00007ff27697dff5, pid=5718, tid=5744
#
# JRE version: OpenJDK Runtime Environment (11.0.3+7) (build 11.0.3+7-Ubuntu-1ubuntu218.04.1)
# Java VM: OpenJDK 64-Bit Server VM (11.0.3+7-Ubuntu-1ubuntu218.04.1, mixed mode, sharing, tiered, compressed oops, g1 gc, linux-amd64)
# Problematic frame:
# V  [libjvm.so+0x80dff5]
#
# Core dump will be written. Default location: core.5718 (may not exist)
#
# If you would like to submit a bug report, please visit:
#   http://bugreport.java.com/bugreport/crash.jsp
#

---------------  S U M M A R Y ------------

Command Line: /home/chrisdev/Local_Repo/Webhook/dynatrace-WH/target/surefire/surefirebooter16742967610651477732.jar /home/chrisdev/Local_Repo/Webhook/dynatrace-WH/target/surefire 2019-07-22T19-43-50_705-jvmRun1 surefire10448074089595130481tmp surefire_0363805165814444308tmp

Host: Intel(R) Core(TM) i5-5300U CPU @ 2.30GHz, 4 cores, 7G, Ubuntu 18.04.2 LTS
Time: Mon Jul 22 15:43:57 2019 DST elapsed time: 5 seconds (0d 0h 0m 5s)

---------------  T H R E A D  ---------------

Current thread (0x00007ff22019a000):  JavaThread "C2 CompilerThread1" daemon [_thread_in_native, id=5744, stack(0x00007ff217330000,0x00007ff217431000)]


Current CompileTask:
C2:   5773 2448       4       jdk.internal.loader.ClassLoaders$AppClassLoader::loadClass (40 bytes)

Stack: [0x00007ff217330000,0x00007ff217431000],  sp=0x00007ff21742c410,  free space=1009k
Native frames: (J=compiled Java code, A=aot compiled Java code, j=interpreted, Vv=VM code, C=native code)
V  [libjvm.so+0x80dff5]
V  [libjvm.so+0x8010c4]
V  [libjvm.so+0x7ab682]
V  [libjvm.so+0x7ab79a]
V  [libjvm.so+0x5effc5]
V  [libjvm.so+0x5f35f0]
V  [libjvm.so+0x50a861]
V  [libjvm.so+0x5fd563]
V  [libjvm.so+0x5fece8]
V  [libjvm.so+0xd7c223]
V  [libjvm.so+0xd7c4f5]
V  [libjvm.so+0xd7805a]
V  [libjvm.so+0xbc238e]


siginfo: si_signo: 11 (SIGSEGV), si_code: 2 (SEGV_ACCERR), si_addr: 0x00007ff215c4f050

Register to memory mapping:

RAX=0x00007ff2159fef20 points into unknown readable memory: 00 00 00 00 00 00 00 00
RBX=0x00007ff215c4efc0 points into unknown readable memory: 00 00 00 00 00 00 00 00
RCX=0x0000000000000039 is an unknown value
RDX=0x000000000000003a is an unknown value
RSP=0x00007ff21742c410 is pointing into the stack for thread: 0x00007ff22019a000
RBP=0x00007ff21742c430 is pointing into the stack for thread: 0x00007ff22019a000
RSI=0x00000000000039dd is an unknown value
RDI=0x00007ff215c4efc0 points into unknown readable memory: 00 00 00 00 00 00 00 00
R8 =0x0 is NULL
R9 =0x0 is NULL
R10=0x0000000000000022 is an unknown value
R11=0x0000000000000022 is an unknown value
R12=0x000000000000003a is an unknown value
R13=0x00000000000039dd is an unknown value
R14=0x0000000000242a20 is an unknown value
R15=0x00007ff21742c540 is pointing into the stack for thread: 0x00007ff22019a000


Registers:
RAX=0x00007ff2159fef20, RBX=0x00007ff215c4efc0, RCX=0x0000000000000039, RDX=0x000000000000003a
RSP=0x00007ff21742c410, RBP=0x00007ff21742c430, RSI=0x00000000000039dd, RDI=0x00007ff215c4efc0
R8 =0x0000000000000000, R9 =0x0000000000000000, R10=0x0000000000000022, R11=0x0000000000000022
R12=0x000000000000003a, R13=0x00000000000039dd, R14=0x0000000000242a20, R15=0x00007ff21742c540
RIP=0x00007ff27697dff5, EFLAGS=0x0000000000010202, CSGSFS=0x00000053002b0033, ERR=0x0000000000000000
  TRAPNO=0x0000000000000000

Top of Stack: (sp=0x00007ff21742c410)
0x00007ff21742c410:   00007ff21742c570 00000000000befa0
0x00007ff21742c420:   00007ff21742c570 00000000000039dd
0x00007ff21742c430:   00007ff21742c480 00007ff2769710c4
0x00007ff21742c440:   ffffffffffffffff ffffffffffffffff 

Instructions: (pc=0x00007ff27697dff5)
0x00007ff27697dfd5:   55 41 54 44 8d a6 ff 00 00 00 53 48 89 fb 41 c1
0x00007ff27697dfe5:   ec 08 48 83 ec 08 c7 07 00 00 00 00 41 83 fc 10
0x00007ff27697dff5:   44 89 a7 90 00 00 00 77 42 48 8d 47 10 48 89 47
0x00007ff27697e005:   08 45 85 e4 74 2a 31 d2 48 8d 35 ac 4f bc 00 eb 

Stack slot to memory mapping:
stack at sp + 0 slots: 0x00007ff21742c570 is pointing into the stack for thread: 0x00007ff22019a000
stack at sp + 1 slots: 0x00000000000befa0 is an unknown value
stack at sp + 2 slots: 0x00007ff21742c570 is pointing into the stack for thread: 0x00007ff22019a000
stack at sp + 3 slots: 0x00000000000039dd is an unknown value
stack at sp + 4 slots: 0x00007ff21742c480 is pointing into the stack for thread: 0x00007ff22019a000
stack at sp + 5 slots: 0x00007ff2769710c4: <offset 0x00000000008010c4> in /usr/lib/jvm/java-11-openjdk-amd64/lib/server/libjvm.so at 0x00007ff276170000
stack at sp + 6 slots: 0xffffffffffffffff is an unknown value
stack at sp + 7 slots: 0xffffffffffffffff is an unknown value


---------------  P R O C E S S  ---------------

Threads class SMR info:
_java_thread_list=0x00007ff1f03fbb50, length=13, elements={
0x00007ff270012000, 0x00007ff270174800, 0x00007ff270176800, 0x00007ff27017e800,
0x00007ff270180800, 0x00007ff270182800, 0x00007ff270184800, 0x00007ff2701c3800,
0x00007ff2701c8800, 0x00007ff270257800, 0x00007ff27028e000, 0x00007ff20c00b000,
0x00007ff22019a000
}

Java Threads: ( => current thread )
  0x00007ff270012000 JavaThread "main" [_thread_in_Java, id=5723, stack(0x00007ff2784c0000,0x00007ff2785c1000)]
  0x00007ff270174800 JavaThread "Reference Handler" daemon [_thread_blocked, id=5730, stack(0x00007ff24cac0000,0x00007ff24cbc1000)]
  0x00007ff270176800 JavaThread "Finalizer" daemon [_thread_blocked, id=5731, stack(0x00007ff24c9b0000,0x00007ff24cab1000)]
  0x00007ff27017e800 JavaThread "Signal Dispatcher" daemon [_thread_blocked, id=5732, stack(0x00007ff24c570000,0x00007ff24c671000)]
  0x00007ff270180800 JavaThread "C2 CompilerThread0" daemon [_thread_in_native, id=5733, stack(0x00007ff24c460000,0x00007ff24c561000)]
  0x00007ff270182800 JavaThread "C1 CompilerThread0" daemon [_thread_blocked, id=5734, stack(0x00007ff24c350000,0x00007ff24c451000)]
  0x00007ff270184800 JavaThread "Sweeper thread" daemon [_thread_blocked, id=5735, stack(0x00007ff24c240000,0x00007ff24c341000)]
  0x00007ff2701c3800 JavaThread "Service Thread" daemon [_thread_blocked, id=5736, stack(0x00007ff24c130000,0x00007ff24c231000)]
  0x00007ff2701c8800 JavaThread "Common-Cleaner" daemon [_thread_blocked, id=5738, stack(0x00007ff217ef0000,0x00007ff217ff1000)]
  0x00007ff270257800 JavaThread "surefire-forkedjvm-command-thread" daemon [_thread_in_native, id=5739, stack(0x00007ff2179a0000,0x00007ff217aa1000)]
  0x00007ff27028e000 JavaThread "surefire-forkedjvm-ping-30s" daemon [_thread_in_native, id=5740, stack(0x00007ff217470000,0x00007ff217571000)]
  0x00007ff20c00b000 JavaThread "process reaper" daemon [_thread_blocked, id=5743, stack(0x00007ff217440000,0x00007ff217462000)]
=>0x00007ff22019a000 JavaThread "C2 CompilerThread1" daemon [_thread_in_native, id=5744, stack(0x00007ff217330000,0x00007ff217431000)]

Other Threads:
  0x00007ff270171800 VMThread "VM Thread" [stack: 0x00007ff24cbd2000,0x00007ff24ccd2000] [id=5729]
  0x00007ff2701c6000 WatcherThread [stack: 0x00007ff24c022000,0x00007ff24c122000] [id=5737]
  0x00007ff270028000 GCTaskThread "GC Thread#0" [stack: 0x00007ff274442000,0x00007ff274542000] [id=5724]
  0x00007ff23c011000 GCTaskThread "GC Thread#1" [stack: 0x00007ff217222000,0x00007ff217322000] [id=5745]
  0x00007ff23c012800 GCTaskThread "GC Thread#2" [stack: 0x00007ff217112000,0x00007ff217212000] [id=5746]
  0x00007ff23c015000 GCTaskThread "GC Thread#3" [stack: 0x00007ff2168f2000,0x00007ff2169f2000] [id=5752]
  0x00007ff27005a000 ConcurrentGCThread "G1 Main Marker" [stack: 0x00007ff258062000,0x00007ff258162000] [id=5725]
  0x00007ff27005c000 ConcurrentGCThread "G1 Conc#0" [stack: 0x00007ff24fbd2000,0x00007ff24fcd2000] [id=5726]
  0x00007ff2700d8000 ConcurrentGCThread "G1 Refine#0" [stack: 0x00007ff24d682000,0x00007ff24d782000] [id=5727]
  0x00007ff2700d9800 ConcurrentGCThread "G1 Young RemSet Sampling" [stack: 0x00007ff24d572000,0x00007ff24d672000] [id=5728]

Threads with active compile tasks:
C2 CompilerThread02615       4       org.springframework.asm.Frame::execute (2305 bytes)
C2 CompilerThread12448       4       jdk.internal.loader.ClassLoaders$AppClassLoader::loadClass (40 bytes)

VM state:not at safepoint (normal execution)

VM Mutex/Monitor currently owned by a thread: None

Heap address: 0x0000000081e00000, size: 2018 MB, Compressed Oops mode: 32-bit
Narrow klass base: 0x0000000800000000, Narrow klass shift: 3
Compressed class space size: 1073741824 Address: 0x0000000840000000

Heap:
 garbage-first heap   total 165888K, used 41345K [0x0000000081e00000, 0x0000000100000000)
  region size 1024K, 37 young (37888K), 5 survivors (5120K)
 Metaspace       used 25532K, capacity 26307K, committed 26544K, reserved 1073152K
  class space    used 3235K, capacity 3539K, committed 3584K, reserved 1048576K
Heap Regions: E=young(eden), S=young(survivor), O=old, HS=humongous(starts), HC=humongous(continues), CS=collection set, F=free, A=archive, TAMS=top-at-mark-start (previous, next)
|   0|0x0000000081e00000, 0x0000000081f00000, 0x0000000081f00000|100%| O|  |TAMS 0x0000000081f00000, 0x0000000081e00000| Untracked 
|   1|0x0000000081f00000, 0x0000000082000000, 0x0000000082000000|100%| O|  |TAMS 0x0000000082000000, 0x0000000081f00000| Untracked 
|   2|0x0000000082000000, 0x0000000082100000, 0x0000000082100000|100%| O|  |TAMS 0x0000000082100000, 0x0000000082000000| Untracked 
|   3|0x0000000082100000, 0x0000000082200000, 0x0000000082200000|100%| O|  |TAMS 0x0000000082200000, 0x0000000082100000| Untracked 
|   4|0x0000000082200000, 0x0000000082265000, 0x0000000082300000| 39%| O|  |TAMS 0x0000000082265000, 0x0000000082200000| Untracked 
|   5|0x0000000082300000, 0x0000000082300000, 0x0000000082400000|  0%| F|  |TAMS 0x0000000082300000, 0x0000000082300000| Untracked 
|   6|0x0000000082400000, 0x0000000082400000, 0x0000000082500000|  0%| F|  |TAMS 0x0000000082400000, 0x0000000082400000| Untracked 
|   7|0x0000000082500000, 0x0000000082500000, 0x0000000082600000|  0%| F|  |TAMS 0x0000000082500000, 0x0000000082500000| Untracked 
|   8|0x0000000082600000, 0x0000000082600000, 0x0000000082700000|  0%| F|  |TAMS 0x0000000082600000, 0x0000000082600000| Untracked 
|   9|0x0000000082700000, 0x0000000082700000, 0x0000000082800000|  0%| F|  |TAMS 0x0000000082700000, 0x0000000082700000| Untracked 
|  10|0x0000000082800000, 0x0000000082800000, 0x0000000082900000|  0%| F|  |TAMS 0x0000000082800000, 0x0000000082800000| Untracked 
|  11|0x0000000082900000, 0x0000000082900000, 0x0000000082a00000|  0%| F|  |TAMS 0x0000000082900000, 0x0000000082900000| Untracked 
|  12|0x0000000082a00000, 0x0000000082a00000, 0x0000000082b00000|  0%| F|  |TAMS 0x0000000082a00000, 0x0000000082a00000| Untracked 
|  13|0x0000000082b00000, 0x0000000082b00000, 0x0000000082c00000|  0%| F|  |TAMS 0x0000000082b00000, 0x0000000082b00000| Untracked 
|  14|0x0000000082c00000, 0x0000000082c00000, 0x0000000082d00000|  0%| F|  |TAMS 0x0000000082c00000, 0x0000000082c00000| Untracked 
|  15|0x0000000082d00000, 0x0000000082d00000, 0x0000000082e00000|  0%| F|  |TAMS 0x0000000082d00000, 0x0000000082d00000| Untracked 
|  16|0x0000000082e00000, 0x0000000082e00000, 0x0000000082f00000|  0%| F|  |TAMS 0x0000000082e00000, 0x0000000082e00000| Untracked 
|  17|0x0000000082f00000, 0x0000000082f00000, 0x0000000083000000|  0%| F|  |TAMS 0x0000000082f00000, 0x0000000082f00000| Untracked 
|  18|0x0000000083000000, 0x0000000083000000, 0x0000000083100000|  0%| F|  |TAMS 0x0000000083000000, 0x0000000083000000| Untracked 
|  19|0x0000000083100000, 0x0000000083100000, 0x0000000083200000|  0%| F|  |TAMS 0x0000000083100000, 0x0000000083100000| Untracked 
|  20|0x0000000083200000, 0x0000000083200000, 0x0000000083300000|  0%| F|  |TAMS 0x0000000083200000, 0x0000000083200000| Untracked 
|  21|0x0000000083300000, 0x0000000083300000, 0x0000000083400000|  0%| F|  |TAMS 0x0000000083300000, 0x0000000083300000| Untracked 
|  22|0x0000000083400000, 0x0000000083400000, 0x0000000083500000|  0%| F|  |TAMS 0x0000000083400000, 0x0000000083400000| Untracked 
|  23|0x0000000083500000, 0x0000000083500000, 0x0000000083600000|  0%| F|  |TAMS 0x0000000083500000, 0x0000000083500000| Untracked 
|  24|0x0000000083600000, 0x0000000083600000, 0x0000000083700000|  0%| F|  |TAMS 0x0000000083600000, 0x0000000083600000| Untracked 
|  25|0x0000000083700000, 0x0000000083700000, 0x0000000083800000|  0%| F|  |TAMS 0x0000000083700000, 0x0000000083700000| Untracked 
|  26|0x0000000083800000, 0x0000000083800000, 0x0000000083900000|  0%| F|  |TAMS 0x0000000083800000, 0x0000000083800000| Untracked 
|  27|0x0000000083900000, 0x0000000083900000, 0x0000000083a00000|  0%| F|  |TAMS 0x0000000083900000, 0x0000000083900000| Untracked 
|  28|0x0000000083a00000, 0x0000000083a00000, 0x0000000083b00000|  0%| F|  |TAMS 0x0000000083a00000, 0x0000000083a00000| Untracked 
|  29|0x0000000083b00000, 0x0000000083b00000, 0x0000000083c00000|  0%| F|  |TAMS 0x0000000083b00000, 0x0000000083b00000| Untracked 
|  30|0x0000000083c00000, 0x0000000083c00000, 0x0000000083d00000|  0%| F|  |TAMS 0x0000000083c00000, 0x0000000083c00000| Untracked 
|  31|0x0000000083d00000, 0x0000000083d00000, 0x0000000083e00000|  0%| F|  |TAMS 0x0000000083d00000, 0x0000000083d00000| Untracked 
|  32|0x0000000083e00000, 0x0000000083e00000, 0x0000000083f00000|  0%| F|  |TAMS 0x0000000083e00000, 0x0000000083e00000| Untracked 
|  33|0x0000000083f00000, 0x0000000083f00000, 0x0000000084000000|  0%| F|  |TAMS 0x0000000083f00000, 0x0000000083f00000| Untracked 
|  34|0x0000000084000000, 0x0000000084000000, 0x0000000084100000|  0%| F|  |TAMS 0x0000000084000000, 0x0000000084000000| Untracked 
|  35|0x0000000084100000, 0x0000000084100000, 0x0000000084200000|  0%| F|  |TAMS 0x0000000084100000, 0x0000000084100000| Untracked 
|  36|0x0000000084200000, 0x0000000084200000, 0x0000000084300000|  0%| F|  |TAMS 0x0000000084200000, 0x0000000084200000| Untracked 
|  37|0x0000000084300000, 0x0000000084300000, 0x0000000084400000|  0%| F|  |TAMS 0x0000000084300000, 0x0000000084300000| Untracked 
|  38|0x0000000084400000, 0x0000000084400000, 0x0000000084500000|  0%| F|  |TAMS 0x0000000084400000, 0x0000000084400000| Untracked 
|  39|0x0000000084500000, 0x0000000084500000, 0x0000000084600000|  0%| F|  |TAMS 0x0000000084500000, 0x0000000084500000| Untracked 
|  40|0x0000000084600000, 0x0000000084600000, 0x0000000084700000|  0%| F|  |TAMS 0x0000000084600000, 0x0000000084600000| Untracked 
|  41|0x0000000084700000, 0x0000000084700000, 0x0000000084800000|  0%| F|  |TAMS 0x0000000084700000, 0x0000000084700000| Untracked 
|  42|0x0000000084800000, 0x0000000084800000, 0x0000000084900000|  0%| F|  |TAMS 0x0000000084800000, 0x0000000084800000| Untracked 
|  43|0x0000000084900000, 0x0000000084900000, 0x0000000084a00000|  0%| F|  |TAMS 0x0000000084900000, 0x0000000084900000| Untracked 
|  44|0x0000000084a00000, 0x0000000084a00000, 0x0000000084b00000|  0%| F|  |TAMS 0x0000000084a00000, 0x0000000084a00000| Untracked 
|  45|0x0000000084b00000, 0x0000000084b00000, 0x0000000084c00000|  0%| F|  |TAMS 0x0000000084b00000, 0x0000000084b00000| Untracked 
|  46|0x0000000084c00000, 0x0000000084c00000, 0x0000000084d00000|  0%| F|  |TAMS 0x0000000084c00000, 0x0000000084c00000| Untracked 
|  47|0x0000000084d00000, 0x0000000084d00000, 0x0000000084e00000|  0%| F|  |TAMS 0x0000000084d00000, 0x0000000084d00000| Untracked 
|  48|0x0000000084e00000, 0x0000000084e00000, 0x0000000084f00000|  0%| F|  |TAMS 0x0000000084e00000, 0x0000000084e00000| Untracked 
|  49|0x0000000084f00000, 0x0000000084f00000, 0x0000000085000000|  0%| F|  |TAMS 0x0000000084f00000, 0x0000000084f00000| Untracked 
|  50|0x0000000085000000, 0x0000000085000000, 0x0000000085100000|  0%| F|  |TAMS 0x0000000085000000, 0x0000000085000000| Untracked 
|  51|0x0000000085100000, 0x0000000085100000, 0x0000000085200000|  0%| F|  |TAMS 0x0000000085100000, 0x0000000085100000| Untracked 
|  52|0x0000000085200000, 0x0000000085200000, 0x0000000085300000|  0%| F|  |TAMS 0x0000000085200000, 0x0000000085200000| Untracked 
|  53|0x0000000085300000, 0x0000000085300000, 0x0000000085400000|  0%| F|  |TAMS 0x0000000085300000, 0x0000000085300000| Untracked 
|  54|0x0000000085400000, 0x0000000085400000, 0x0000000085500000|  0%| F|  |TAMS 0x0000000085400000, 0x0000000085400000| Untracked 
|  55|0x0000000085500000, 0x0000000085500000, 0x0000000085600000|  0%| F|  |TAMS 0x0000000085500000, 0x0000000085500000| Untracked 
|  56|0x0000000085600000, 0x0000000085600000, 0x0000000085700000|  0%| F|  |TAMS 0x0000000085600000, 0x0000000085600000| Untracked 
|  57|0x0000000085700000, 0x0000000085700000, 0x0000000085800000|  0%| F|  |TAMS 0x0000000085700000, 0x0000000085700000| Untracked 
|  58|0x0000000085800000, 0x0000000085800000, 0x0000000085900000|  0%| F|  |TAMS 0x0000000085800000, 0x0000000085800000| Untracked 
|  59|0x0000000085900000, 0x0000000085900000, 0x0000000085a00000|  0%| F|  |TAMS 0x0000000085900000, 0x0000000085900000| Untracked 
|  60|0x0000000085a00000, 0x0000000085a00000, 0x0000000085b00000|  0%| F|  |TAMS 0x0000000085a00000, 0x0000000085a00000| Untracked 
|  61|0x0000000085b00000, 0x0000000085b00000, 0x0000000085c00000|  0%| F|  |TAMS 0x0000000085b00000, 0x0000000085b00000| Untracked 
|  62|0x0000000085c00000, 0x0000000085c00000, 0x0000000085d00000|  0%| F|  |TAMS 0x0000000085c00000, 0x0000000085c00000| Untracked 
|  63|0x0000000085d00000, 0x0000000085d00000, 0x0000000085e00000|  0%| F|  |TAMS 0x0000000085d00000, 0x0000000085d00000| Untracked 
|  64|0x0000000085e00000, 0x0000000085e00000, 0x0000000085f00000|  0%| F|  |TAMS 0x0000000085e00000, 0x0000000085e00000| Untracked 
|  65|0x0000000085f00000, 0x0000000085f00000, 0x0000000086000000|  0%| F|  |TAMS 0x0000000085f00000, 0x0000000085f00000| Untracked 
|  66|0x0000000086000000, 0x0000000086000000, 0x0000000086100000|  0%| F|  |TAMS 0x0000000086000000, 0x0000000086000000| Untracked 
|  67|0x0000000086100000, 0x0000000086100000, 0x0000000086200000|  0%| F|  |TAMS 0x0000000086100000, 0x0000000086100000| Untracked 
|  68|0x0000000086200000, 0x0000000086200000, 0x0000000086300000|  0%| F|  |TAMS 0x0000000086200000, 0x0000000086200000| Untracked 
|  69|0x0000000086300000, 0x0000000086300000, 0x0000000086400000|  0%| F|  |TAMS 0x0000000086300000, 0x0000000086300000| Untracked 
|  70|0x0000000086400000, 0x0000000086400000, 0x0000000086500000|  0%| F|  |TAMS 0x0000000086400000, 0x0000000086400000| Untracked 
|  71|0x0000000086500000, 0x0000000086500000, 0x0000000086600000|  0%| F|  |TAMS 0x0000000086500000, 0x0000000086500000| Untracked 
|  72|0x0000000086600000, 0x0000000086600000, 0x0000000086700000|  0%| F|  |TAMS 0x0000000086600000, 0x0000000086600000| Untracked 
|  73|0x0000000086700000, 0x0000000086700000, 0x0000000086800000|  0%| F|  |TAMS 0x0000000086700000, 0x0000000086700000| Untracked 
|  74|0x0000000086800000, 0x0000000086800000, 0x0000000086900000|  0%| F|  |TAMS 0x0000000086800000, 0x0000000086800000| Untracked 
|  75|0x0000000086900000, 0x0000000086900000, 0x0000000086a00000|  0%| F|  |TAMS 0x0000000086900000, 0x0000000086900000| Untracked 
|  76|0x0000000086a00000, 0x0000000086a00000, 0x0000000086b00000|  0%| F|  |TAMS 0x0000000086a00000, 0x0000000086a00000| Untracked 
|  77|0x0000000086b00000, 0x0000000086b00000, 0x0000000086c00000|  0%| F|  |TAMS 0x0000000086b00000, 0x0000000086b00000| Untracked 
|  78|0x0000000086c00000, 0x0000000086c00000, 0x0000000086d00000|  0%| F|  |TAMS 0x0000000086c00000, 0x0000000086c00000| Untracked 
|  79|0x0000000086d00000, 0x0000000086d00000, 0x0000000086e00000|  0%| F|  |TAMS 0x0000000086d00000, 0x0000000086d00000| Untracked 
|  80|0x0000000086e00000, 0x0000000086e00000, 0x0000000086f00000|  0%| F|  |TAMS 0x0000000086e00000, 0x0000000086e00000| Untracked 
|  81|0x0000000086f00000, 0x0000000086f00000, 0x0000000087000000|  0%| F|  |TAMS 0x0000000086f00000, 0x0000000086f00000| Untracked 
|  82|0x0000000087000000, 0x0000000087000000, 0x0000000087100000|  0%| F|  |TAMS 0x0000000087000000, 0x0000000087000000| Untracked 
|  83|0x0000000087100000, 0x0000000087100000, 0x0000000087200000|  0%| F|  |TAMS 0x0000000087100000, 0x0000000087100000| Untracked 
|  84|0x0000000087200000, 0x0000000087200000, 0x0000000087300000|  0%| F|  |TAMS 0x0000000087200000, 0x0000000087200000| Untracked 
|  85|0x0000000087300000, 0x0000000087300000, 0x0000000087400000|  0%| F|  |TAMS 0x0000000087300000, 0x0000000087300000| Untracked 
|  86|0x0000000087400000, 0x0000000087400000, 0x0000000087500000|  0%| F|  |TAMS 0x0000000087400000, 0x0000000087400000| Untracked 
|  87|0x0000000087500000, 0x0000000087500000, 0x0000000087600000|  0%| F|  |TAMS 0x0000000087500000, 0x0000000087500000| Untracked 
|  88|0x0000000087600000, 0x0000000087600000, 0x0000000087700000|  0%| F|  |TAMS 0x0000000087600000, 0x0000000087600000| Untracked 
|  89|0x0000000087700000, 0x0000000087700000, 0x0000000087800000|  0%| F|  |TAMS 0x0000000087700000, 0x0000000087700000| Untracked 
|  90|0x0000000087800000, 0x0000000087800000, 0x0000000087900000|  0%| F|  |TAMS 0x0000000087800000, 0x0000000087800000| Untracked 
|  91|0x0000000087900000, 0x0000000087900000, 0x0000000087a00000|  0%| F|  |TAMS 0x0000000087900000, 0x0000000087900000| Untracked 
|  92|0x0000000087a00000, 0x0000000087a00000, 0x0000000087b00000|  0%| F|  |TAMS 0x0000000087a00000, 0x0000000087a00000| Untracked 
|  93|0x0000000087b00000, 0x0000000087b00000, 0x0000000087c00000|  0%| F|  |TAMS 0x0000000087b00000, 0x0000000087b00000| Untracked 
|  94|0x0000000087c00000, 0x0000000087c00000, 0x0000000087d00000|  0%| F|  |TAMS 0x0000000087c00000, 0x0000000087c00000| Untracked 
|  95|0x0000000087d00000, 0x0000000087d00000, 0x0000000087e00000|  0%| F|  |TAMS 0x0000000087d00000, 0x0000000087d00000| Untracked 
|  96|0x0000000087e00000, 0x0000000087e00000, 0x0000000087f00000|  0%| F|  |TAMS 0x0000000087e00000, 0x0000000087e00000| Untracked 
|  97|0x0000000087f00000, 0x0000000087f00000, 0x0000000088000000|  0%| F|  |TAMS 0x0000000087f00000, 0x0000000087f00000| Untracked 
|  98|0x0000000088000000, 0x0000000088000000, 0x0000000088100000|  0%| F|  |TAMS 0x0000000088000000, 0x0000000088000000| Untracked 
|  99|0x0000000088100000, 0x0000000088100000, 0x0000000088200000|  0%| F|  |TAMS 0x0000000088100000, 0x0000000088100000| Untracked 
| 100|0x0000000088200000, 0x0000000088200000, 0x0000000088300000|  0%| F|  |TAMS 0x0000000088200000, 0x0000000088200000| Untracked 
| 101|0x0000000088300000, 0x0000000088300000, 0x0000000088400000|  0%| F|  |TAMS 0x0000000088300000, 0x0000000088300000| Untracked 
| 102|0x0000000088400000, 0x0000000088400000, 0x0000000088500000|  0%| F|  |TAMS 0x0000000088400000, 0x0000000088400000| Untracked 
| 103|0x0000000088500000, 0x0000000088500000, 0x0000000088600000|  0%| F|  |TAMS 0x0000000088500000, 0x0000000088500000| Untracked 
| 104|0x0000000088600000, 0x0000000088600000, 0x0000000088700000|  0%| F|  |TAMS 0x0000000088600000, 0x0000000088600000| Untracked 
| 105|0x0000000088700000, 0x0000000088700000, 0x0000000088800000|  0%| F|  |TAMS 0x0000000088700000, 0x0000000088700000| Untracked 
| 106|0x0000000088800000, 0x0000000088800000, 0x0000000088900000|  0%| F|  |TAMS 0x0000000088800000, 0x0000000088800000| Untracked 
| 107|0x0000000088900000, 0x0000000088900000, 0x0000000088a00000|  0%| F|  |TAMS 0x0000000088900000, 0x0000000088900000| Untracked 
| 108|0x0000000088a00000, 0x0000000088a00000, 0x0000000088b00000|  0%| F|  |TAMS 0x0000000088a00000, 0x0000000088a00000| Untracked 
| 109|0x0000000088b00000, 0x0000000088b00000, 0x0000000088c00000|  0%| F|  |TAMS 0x0000000088b00000, 0x0000000088b00000| Untracked 
| 110|0x0000000088c00000, 0x0000000088c00000, 0x0000000088d00000|  0%| F|  |TAMS 0x0000000088c00000, 0x0000000088c00000| Untracked 
| 111|0x0000000088d00000, 0x0000000088d00000, 0x0000000088e00000|  0%| F|  |TAMS 0x0000000088d00000, 0x0000000088d00000| Untracked 
| 112|0x0000000088e00000, 0x0000000088e00000, 0x0000000088f00000|  0%| F|  |TAMS 0x0000000088e00000, 0x0000000088e00000| Untracked 
| 113|0x0000000088f00000, 0x0000000088f00000, 0x0000000089000000|  0%| F|  |TAMS 0x0000000088f00000, 0x0000000088f00000| Untracked 
| 114|0x0000000089000000, 0x0000000089000000, 0x0000000089100000|  0%| F|  |TAMS 0x0000000089000000, 0x0000000089000000| Untracked 
| 115|0x0000000089100000, 0x0000000089100000, 0x0000000089200000|  0%| F|  |TAMS 0x0000000089100000, 0x0000000089100000| Untracked 
| 116|0x0000000089200000, 0x0000000089200000, 0x0000000089300000|  0%| F|  |TAMS 0x0000000089200000, 0x0000000089200000| Untracked 
| 117|0x0000000089300000, 0x0000000089300000, 0x0000000089400000|  0%| F|  |TAMS 0x0000000089300000, 0x0000000089300000| Untracked 
| 118|0x0000000089400000, 0x0000000089400000, 0x0000000089500000|  0%| F|  |TAMS 0x0000000089400000, 0x0000000089400000| Untracked 
| 119|0x0000000089500000, 0x0000000089500000, 0x0000000089600000|  0%| F|  |TAMS 0x0000000089500000, 0x0000000089500000| Untracked 
| 120|0x0000000089600000, 0x0000000089600000, 0x0000000089700000|  0%| F|  |TAMS 0x0000000089600000, 0x0000000089600000| Untracked 
| 121|0x0000000089700000, 0x0000000089700000, 0x0000000089800000|  0%| F|  |TAMS 0x0000000089700000, 0x0000000089700000| Untracked 
| 122|0x0000000089800000, 0x000000008985c540, 0x0000000089900000| 36%| S|CS|TAMS 0x0000000089800000, 0x0000000089800000| Complete 
| 123|0x0000000089900000, 0x0000000089a00000, 0x0000000089a00000|100%| S|CS|TAMS 0x0000000089900000, 0x0000000089900000| Complete 
| 124|0x0000000089a00000, 0x0000000089b00000, 0x0000000089b00000|100%| S|CS|TAMS 0x0000000089a00000, 0x0000000089a00000| Complete 
| 125|0x0000000089b00000, 0x0000000089c00000, 0x0000000089c00000|100%| S|CS|TAMS 0x0000000089b00000, 0x0000000089b00000| Complete 
| 126|0x0000000089c00000, 0x0000000089d00000, 0x0000000089d00000|100%| S|CS|TAMS 0x0000000089c00000, 0x0000000089c00000| Complete 
| 127|0x0000000089d00000, 0x0000000089d00000, 0x0000000089e00000|  0%| F|  |TAMS 0x0000000089d00000, 0x0000000089d00000| Untracked 
| 128|0x0000000089e00000, 0x0000000089e80800, 0x0000000089f00000| 50%| E|  |TAMS 0x0000000089e00000, 0x0000000089e00000| Complete 
| 129|0x0000000089f00000, 0x000000008a000000, 0x000000008a000000|100%| E|CS|TAMS 0x0000000089f00000, 0x0000000089f00000| Complete 
| 130|0x000000008a000000, 0x000000008a100000, 0x000000008a100000|100%| E|CS|TAMS 0x000000008a000000, 0x000000008a000000| Complete 
| 131|0x000000008a100000, 0x000000008a200000, 0x000000008a200000|100%| E|CS|TAMS 0x000000008a100000, 0x000000008a100000| Complete 
| 132|0x000000008a200000, 0x000000008a300000, 0x000000008a300000|100%| E|CS|TAMS 0x000000008a200000, 0x000000008a200000| Complete 
| 133|0x000000008a300000, 0x000000008a400000, 0x000000008a400000|100%| E|CS|TAMS 0x000000008a300000, 0x000000008a300000| Complete 
| 134|0x000000008a400000, 0x000000008a500000, 0x000000008a500000|100%| E|CS|TAMS 0x000000008a400000, 0x000000008a400000| Complete 
| 135|0x000000008a500000, 0x000000008a600000, 0x000000008a600000|100%| E|CS|TAMS 0x000000008a500000, 0x000000008a500000| Complete 
| 136|0x000000008a600000, 0x000000008a700000, 0x000000008a700000|100%| E|CS|TAMS 0x000000008a600000, 0x000000008a600000| Complete 
| 137|0x000000008a700000, 0x000000008a800000, 0x000000008a800000|100%| E|CS|TAMS 0x000000008a700000, 0x000000008a700000| Complete 
| 138|0x000000008a800000, 0x000000008a900000, 0x000000008a900000|100%| E|CS|TAMS 0x000000008a800000, 0x000000008a800000| Complete 
| 139|0x000000008a900000, 0x000000008aa00000, 0x000000008aa00000|100%| E|CS|TAMS 0x000000008a900000, 0x000000008a900000| Complete 
| 140|0x000000008aa00000, 0x000000008ab00000, 0x000000008ab00000|100%| E|CS|TAMS 0x000000008aa00000, 0x000000008aa00000| Complete 
| 141|0x000000008ab00000, 0x000000008ac00000, 0x000000008ac00000|100%| E|CS|TAMS 0x000000008ab00000, 0x000000008ab00000| Complete 
| 142|0x000000008ac00000, 0x000000008ad00000, 0x000000008ad00000|100%| E|CS|TAMS 0x000000008ac00000, 0x000000008ac00000| Complete 
| 143|0x000000008ad00000, 0x000000008ae00000, 0x000000008ae00000|100%| E|CS|TAMS 0x000000008ad00000, 0x000000008ad00000| Complete 
| 144|0x000000008ae00000, 0x000000008af00000, 0x000000008af00000|100%| E|CS|TAMS 0x000000008ae00000, 0x000000008ae00000| Complete 
| 145|0x000000008af00000, 0x000000008b000000, 0x000000008b000000|100%| E|CS|TAMS 0x000000008af00000, 0x000000008af00000| Complete 
| 146|0x000000008b000000, 0x000000008b100000, 0x000000008b100000|100%| E|CS|TAMS 0x000000008b000000, 0x000000008b000000| Complete 
| 147|0x000000008b100000, 0x000000008b200000, 0x000000008b200000|100%| E|CS|TAMS 0x000000008b100000, 0x000000008b100000| Complete 
| 148|0x000000008b200000, 0x000000008b300000, 0x000000008b300000|100%| E|CS|TAMS 0x000000008b200000, 0x000000008b200000| Complete 
| 149|0x000000008b300000, 0x000000008b400000, 0x000000008b400000|100%| E|CS|TAMS 0x000000008b300000, 0x000000008b300000| Complete 
| 150|0x000000008b400000, 0x000000008b500000, 0x000000008b500000|100%| E|CS|TAMS 0x000000008b400000, 0x000000008b400000| Complete 
| 151|0x000000008b500000, 0x000000008b600000, 0x000000008b600000|100%| E|CS|TAMS 0x000000008b500000, 0x000000008b500000| Complete 
| 152|0x000000008b600000, 0x000000008b700000, 0x000000008b700000|100%| E|CS|TAMS 0x000000008b600000, 0x000000008b600000| Complete 
| 153|0x000000008b700000, 0x000000008b800000, 0x000000008b800000|100%| E|CS|TAMS 0x000000008b700000, 0x000000008b700000| Complete 
| 154|0x000000008b800000, 0x000000008b900000, 0x000000008b900000|100%| E|CS|TAMS 0x000000008b800000, 0x000000008b800000| Complete 
| 155|0x000000008b900000, 0x000000008ba00000, 0x000000008ba00000|100%| E|CS|TAMS 0x000000008b900000, 0x000000008b900000| Complete 
| 156|0x000000008ba00000, 0x000000008bb00000, 0x000000008bb00000|100%| E|CS|TAMS 0x000000008ba00000, 0x000000008ba00000| Complete 
| 157|0x000000008bb00000, 0x000000008bc00000, 0x000000008bc00000|100%| E|CS|TAMS 0x000000008bb00000, 0x000000008bb00000| Complete 
| 158|0x000000008bc00000, 0x000000008bd00000, 0x000000008bd00000|100%| E|CS|TAMS 0x000000008bc00000, 0x000000008bc00000| Complete 
| 159|0x000000008bd00000, 0x000000008be00000, 0x000000008be00000|100%| E|CS|TAMS 0x000000008bd00000, 0x000000008bd00000| Complete 
|2016|0x00000000ffe00000, 0x00000000ffe35000, 0x00000000fff00000| 20%|OA|  |TAMS 0x00000000ffe35000, 0x00000000ffe00000| Untracked 
|2017|0x00000000fff00000, 0x00000000fff6a000, 0x0000000100000000| 41%|CA|  |TAMS 0x00000000fff6a000, 0x00000000fff00000| Untracked 

Card table byte_map: [0x00007ff258170000,0x00007ff258561000] _byte_map_base: 0x00007ff257d61000

Marking Bits (Prev, Next): (CMBitMap*) 0x00007ff270051720, (CMBitMap*) 0x00007ff2700516e8
 Prev Bits: [0x00007ff24fce0000, 0x00007ff251c68000)
 Next Bits: [0x00007ff251c70000, 0x00007ff253bf8000)

Polling page: 0x00007ff2784b0000

Metaspace:

Usage:
  Non-class:     22.23 MB capacity,    21.77 MB ( 98%) used,   391.66 KB (  2%) free+waste,    78.81 KB ( <1%) overhead. 
      Class:      3.46 MB capacity,     3.16 MB ( 91%) used,   264.20 KB (  7%) free+waste,    39.62 KB (  1%) overhead. 
       Both:     25.69 MB capacity,    24.93 MB ( 97%) used,   655.87 KB (  2%) free+waste,   118.44 KB ( <1%) overhead. 

Virtual space:
  Non-class space:       24.00 MB reserved,      22.42 MB ( 93%) committed 
      Class space:        1.00 GB reserved,       3.50 MB ( <1%) committed 
             Both:        1.02 GB reserved,      25.92 MB (  2%) committed 

Chunk freelists:
   Non-Class:  0 bytes
       Class:  13.00 KB
        Both:  13.00 KB

CodeHeap 'non-profiled nmethods': size=120032Kb used=1247Kb max_used=1247Kb free=118784Kb
 bounds [0x00007ff260438000, 0x00007ff2606a8000, 0x00007ff267970000]
CodeHeap 'profiled nmethods': size=120032Kb used=6106Kb max_used=6106Kb free=113925Kb
 bounds [0x00007ff258f00000, 0x00007ff259500000, 0x00007ff260438000]
CodeHeap 'non-nmethods': size=5696Kb used=1173Kb max_used=1207Kb free=4522Kb
 bounds [0x00007ff258970000, 0x00007ff258be0000, 0x00007ff258f00000]
 total_blobs=3840 nmethods=2642 adapters=431
 compilation: enabled
              stopped_count=0, restarted_count=0
 full_count=0

Compilation events (10 events):
Event: 5.723 Thread 0x00007ff270182800 2758       3       java.util.StringJoiner::toString (181 bytes)
Event: 5.738 Thread 0x00007ff270182800 nmethod 2758 0x00007ff2594ee410 code [0x00007ff2594ee720, 0x00007ff2594ef888]
Event: 5.738 Thread 0x00007ff270182800 2760       3       java.beans.MethodRef::get (91 bytes)
Event: 5.739 Thread 0x00007ff270182800 nmethod 2760 0x00007ff2594f0110 code [0x00007ff2594f0380, 0x00007ff2594f1018]
Event: 5.740 Thread 0x00007ff270182800 2761       3       java.lang.Throwable::<init> (39 bytes)
Event: 5.740 Thread 0x00007ff270182800 nmethod 2761 0x00007ff2594f1310 code [0x00007ff2594f1500, 0x00007ff2594f19a8]
Event: 5.740 Thread 0x00007ff270182800 2759   !   3       sun.reflect.misc.ReflectUtil::isPackageAccessible (12 bytes)
Event: 5.741 Thread 0x00007ff270182800 nmethod 2759 0x00007ff2594f1a90 code [0x00007ff2594f1c60, 0x00007ff2594f1f08]
Event: 5.741 Thread 0x00007ff270182800 2757       3       java.lang.reflect.Method::getTypeParameters (20 bytes)
Event: 5.746 Thread 0x00007ff270182800 nmethod 2757 0x00007ff2594f2010 code [0x00007ff2594f22a0, 0x00007ff2594f3128]

GC Heap History (10 events):
Event: 1.101 GC heap before
{Heap before GC invocations=0 (full 0):
 garbage-first heap   total 133120K, used 13948K [0x0000000081e00000, 0x0000000100000000)
  region size 1024K, 14 young (14336K), 0 survivors (0K)
 Metaspace       used 3982K, capacity 5925K, committed 6016K, reserved 1056768K
  class space    used 437K, capacity 619K, committed 640K, reserved 1048576K
}
Event: 1.121 GC heap after
{Heap after GC invocations=1 (full 0):
 garbage-first heap   total 133120K, used 5354K [0x0000000081e00000, 0x0000000100000000)
  region size 1024K, 2 young (2048K), 2 survivors (2048K)
 Metaspace       used 3982K, capacity 5925K, committed 6016K, reserved 1056768K
  class space    used 437K, capacity 619K, committed 640K, reserved 1048576K
}
Event: 1.590 GC heap before
{Heap before GC invocations=1 (full 0):
 garbage-first heap   total 133120K, used 17642K [0x0000000081e00000, 0x0000000100000000)
  region size 1024K, 14 young (14336K), 2 survivors (2048K)
 Metaspace       used 6021K, capacity 7480K, committed 7552K, reserved 1056768K
  class space    used 680K, capacity 839K, committed 896K, reserved 1048576K
}
Event: 1.605 GC heap after
{Heap after GC invocations=2 (full 0):
 garbage-first heap   total 133120K, used 5686K [0x0000000081e00000, 0x0000000100000000)
  region size 1024K, 1 young (1024K), 1 survivors (1024K)
 Metaspace       used 6021K, capacity 7480K, committed 7552K, reserved 1056768K
  class space    used 680K, capacity 839K, committed 896K, reserved 1048576K
}
Event: 2.871 GC heap before
{Heap before GC invocations=2 (full 0):
 garbage-first heap   total 133120K, used 40502K [0x0000000081e00000, 0x0000000100000000)
  region size 1024K, 36 young (36864K), 1 survivors (1024K)
 Metaspace       used 12448K, capacity 12839K, committed 13184K, reserved 1060864K
  class space    used 1648K, capacity 1802K, committed 1920K, reserved 1048576K
}
Event: 2.890 GC heap after
{Heap after GC invocations=3 (full 0):
 garbage-first heap   total 133120K, used 7382K [0x0000000081e00000, 0x0000000100000000)
  region size 1024K, 3 young (3072K), 3 survivors (3072K)
 Metaspace       used 12448K, capacity 12839K, committed 13184K, reserved 1060864K
  class space    used 1648K, capacity 1802K, committed 1920K, reserved 1048576K
}
Event: 3.970 GC heap before
{Heap before GC invocations=3 (full 0):
 garbage-first heap   total 133120K, used 57558K [0x0000000081e00000, 0x0000000100000000)
  region size 1024K, 52 young (53248K), 3 survivors (3072K)
 Metaspace       used 20386K, capacity 20922K, committed 21120K, reserved 1067008K
  class space    used 2619K, capacity 2817K, committed 2944K, reserved 1048576K
}
Event: 3.994 GC heap after
{Heap after GC invocations=4 (full 0):
 garbage-first heap   total 133120K, used 9757K [0x0000000081e00000, 0x0000000100000000)
  region size 1024K, 5 young (5120K), 5 survivors (5120K)
 Metaspace       used 20386K, capacity 20922K, committed 21120K, reserved 1067008K
  class space    used 2619K, capacity 2817K, committed 2944K, reserved 1048576K
}
Event: 4.012 GC heap before
{Heap before GC invocations=4 (full 0):
 garbage-first heap   total 133120K, used 9757K [0x0000000081e00000, 0x0000000100000000)
  region size 1024K, 6 young (6144K), 5 survivors (5120K)
 Metaspace       used 20521K, capacity 21074K, committed 21296K, reserved 1067008K
  class space    used 2631K, capacity 2822K, committed 2944K, reserved 1048576K
}
Event: 4.032 GC heap after
{Heap after GC invocations=5 (full 0):
 garbage-first heap   total 165888K, used 9601K [0x0000000081e00000, 0x0000000100000000)
  region size 1024K, 5 young (5120K), 5 survivors (5120K)
 Metaspace       used 20521K, capacity 21074K, committed 21296K, reserved 1067008K
  class space    used 2631K, capacity 2822K, committed 2944K, reserved 1048576K
}

Deoptimization events (10 events):
Event: 3.915 Thread 0x00007ff270012000 Uncommon trap: reason=unstable_if action=reinterpret pc=0x00007ff2604cc988 method=org.springframework.boot.context.properties.source.ConfigurationPropertyName$ElementsParser.updateType(Lorg/springframework/boot/context/properties/source/ConfigurationPrope
Event: 4.079 Thread 0x00007ff270012000 Uncommon trap: reason=class_check action=maybe_recompile pc=0x00007ff2604f9b70 method=java.util.concurrent.ConcurrentHashMap.putVal(Ljava/lang/Object;Ljava/lang/Object;Z)Ljava/lang/Object; @ 159 c2
Event: 4.082 Thread 0x00007ff270012000 Uncommon trap: reason=class_check action=maybe_recompile pc=0x00007ff2604f9b70 method=java.util.concurrent.ConcurrentHashMap.putVal(Ljava/lang/Object;Ljava/lang/Object;Z)Ljava/lang/Object; @ 159 c2
Event: 4.083 Thread 0x00007ff270012000 Uncommon trap: reason=class_check action=maybe_recompile pc=0x00007ff2604f9b70 method=java.util.concurrent.ConcurrentHashMap.putVal(Ljava/lang/Object;Ljava/lang/Object;Z)Ljava/lang/Object; @ 159 c2
Event: 4.120 Thread 0x00007ff27082c800 Uncommon trap: reason=profile_predicate action=maybe_recompile pc=0x00007ff260519ebc method=jdk.internal.jimage.ImageStringsReader.charsFromByteBuffer([CLjava/nio/ByteBuffer;)V @ 6 c2
Event: 4.120 Thread 0x00007ff27082c800 Uncommon trap: reason=profile_predicate action=maybe_recompile pc=0x00007ff260519ebc method=jdk.internal.jimage.ImageStringsReader.charsFromByteBuffer([CLjava/nio/ByteBuffer;)V @ 6 c2
Event: 4.120 Thread 0x00007ff27082c800 Uncommon trap: reason=profile_predicate action=maybe_recompile pc=0x00007ff260519ebc method=jdk.internal.jimage.ImageStringsReader.charsFromByteBuffer([CLjava/nio/ByteBuffer;)V @ 6 c2
Event: 4.120 Thread 0x00007ff27082c800 Uncommon trap: reason=profile_predicate action=maybe_recompile pc=0x00007ff260519ebc method=jdk.internal.jimage.ImageStringsReader.charsFromByteBuffer([CLjava/nio/ByteBuffer;)V @ 6 c2
Event: 4.180 Thread 0x00007ff27082c800 Uncommon trap: reason=profile_predicate action=maybe_recompile pc=0x00007ff260523004 method=jdk.internal.jimage.ImageStringsReader.charsFromByteBuffer([CLjava/nio/ByteBuffer;)V @ 6 c2
Event: 4.365 Thread 0x00007ff27082c800 Uncommon trap: reason=profile_predicate action=maybe_recompile pc=0x00007ff26052fc0c method=jdk.internal.jimage.ImageStringsReader.charsFromByteBuffer([CLjava/nio/ByteBuffer;)V @ 6 c2

Classes redefined (0 events):
No events

Internal exceptions (10 events):
Event: 5.708 Thread 0x00007ff270012000 Exception <a 'java/lang/ClassNotFoundException'{0x0000000089f0e7a0}: java/lang/ObjectCustomizer> (0x0000000089f0e7a0) thrown at [/build/openjdk-lts-TkRlmw/openjdk-lts-11.0.3+7/src/hotspot/share/classfile/systemDictionary.cpp, line 231]
Event: 5.710 Thread 0x00007ff270012000 Exception <a 'java/lang/ClassNotFoundException'{0x0000000089f1f098}: org/springframework/boot/web/server/WebServerFactoryCustomizerBeanPostProcessorCustomizer> (0x0000000089f1f098) thrown at [/build/openjdk-lts-TkRlmw/openjdk-lts-11.0.3+7/src/hotspot/shar
Event: 5.715 Thread 0x00007ff270012000 Exception <a 'java/lang/ClassNotFoundException'{0x0000000089f2f3e8}: org/springframework/beans/factory/config/BeanPostProcessorCustomizer> (0x0000000089f2f3e8) thrown at [/build/openjdk-lts-TkRlmw/openjdk-lts-11.0.3+7/src/hotspot/share/classfile/systemDic
Event: 5.716 Thread 0x00007ff270012000 Exception <a 'java/lang/ClassNotFoundException'{0x0000000089f3ba98}: org/springframework/beans/factory/BeanFactoryAwareCustomizer> (0x0000000089f3ba98) thrown at [/build/openjdk-lts-TkRlmw/openjdk-lts-11.0.3+7/src/hotspot/share/classfile/systemDictionary.
Event: 5.717 Thread 0x00007ff270012000 Exception <a 'java/lang/ClassNotFoundException'{0x0000000089f46dd0}: org/springframework/beans/factory/AwareCustomizer> (0x0000000089f46dd0) thrown at [/build/openjdk-lts-TkRlmw/openjdk-lts-11.0.3+7/src/hotspot/share/classfile/systemDictionary.cpp, line 2
Event: 5.719 Thread 0x00007ff270012000 Exception <a 'java/lang/ClassNotFoundException'{0x0000000089f4eb30}: java/lang/ObjectCustomizer> (0x0000000089f4eb30) thrown at [/build/openjdk-lts-TkRlmw/openjdk-lts-11.0.3+7/src/hotspot/share/classfile/systemDictionary.cpp, line 231]
Event: 5.731 Thread 0x00007ff270012000 Exception <a 'java/lang/ClassNotFoundException'{0x0000000089f5e918}: org/springframework/boot/web/server/ErrorPageRegistrarBeanPostProcessorCustomizer> (0x0000000089f5e918) thrown at [/build/openjdk-lts-TkRlmw/openjdk-lts-11.0.3+7/src/hotspot/share/classf
Event: 5.733 Thread 0x00007ff270012000 Exception <a 'java/lang/ClassNotFoundException'{0x0000000089f6eb80}: org/springframework/beans/factory/config/BeanPostProcessorCustomizer> (0x0000000089f6eb80) thrown at [/build/openjdk-lts-TkRlmw/openjdk-lts-11.0.3+7/src/hotspot/share/classfile/systemDic
Event: 5.735 Thread 0x00007ff270012000 Exception <a 'java/lang/ClassNotFoundException'{0x0000000089f7b230}: org/springframework/beans/factory/BeanFactoryAwareCustomizer> (0x0000000089f7b230) thrown at [/build/openjdk-lts-TkRlmw/openjdk-lts-11.0.3+7/src/hotspot/share/classfile/systemDictionary.
Event: 5.736 Thread 0x00007ff270012000 Exception <a 'java/lang/ClassNotFoundException'{0x0000000089f867c8}: org/springframework/beans/factory/AwareCustomizer> (0x0000000089f867c8) thrown at [/build/openjdk-lts-TkRlmw/openjdk-lts-11.0.3+7/src/hotspot/share/classfile/systemDictionary.cpp, line 2

Events (10 events):
Event: 5.735 loading class org/springframework/beans/factory/AwareCustomizer
Event: 5.735 loading class org/springframework/beans/factory/AwareCustomizer done
Event: 5.736 loading class org/springframework/beans/factory/AwareCustomizer
Event: 5.736 loading class org/springframework/beans/factory/AwareCustomizer done
Event: 5.736 loading class org/springframework/beans/factory/AwareCustomizer
Event: 5.736 loading class org/springframework/beans/factory/AwareCustomizer done
Event: 5.741 loading class org/springframework/context/support/DelegatingMessageSource
Event: 5.741 loading class org/springframework/context/support/DelegatingMessageSource done
Event: 5.747 loading class org/springframework/context/HierarchicalMessageSource
Event: 5.747 loading class org/springframework/context/HierarchicalMessageSource done


Dynamic libraries:
81e00000-8be00000 rw-p 00000000 00:00 0
8be00000-ffe00000 ---p 00000000 00:00 0
ffe00000-ffe35000 rw-p 0111e000 00:00 337693                     /usr/lib/jvm/java-11-openjdk-amd64/lib/server/classes.jsa
ffe35000-fff00000 rw-p 00000000 00:00 0
fff00000-fff6a000 rw-p 010b4000 00:00 337693                     /usr/lib/jvm/java-11-openjdk-amd64/lib/server/classes.jsa
fff6a000-100000000 rw-p 00000000 00:00 0
800000000-800002000 rwxp 00001000 00:00 337693                   /usr/lib/jvm/java-11-openjdk-amd64/lib/server/classes.jsa
800002000-8003bf000 rw-p 00003000 00:00 337693                   /usr/lib/jvm/java-11-openjdk-amd64/lib/server/classes.jsa
8003bf000-800a9c000 r--p 003c0000 00:00 337693                   /usr/lib/jvm/java-11-openjdk-amd64/lib/server/classes.jsa
800a9c000-800a9d000 rw-p 00a9d000 00:00 337693                   /usr/lib/jvm/java-11-openjdk-amd64/lib/server/classes.jsa
800a9d000-8010b3000 r--p 00a9e000 00:00 337693                   /usr/lib/jvm/java-11-openjdk-amd64/lib/server/classes.jsa
840000000-840380000 rw-p 00000000 00:00 0
840380000-880000000 ---p 00000000 00:00 0
7ff1e8000000-7ff1e8021000 rw-p 00000000 00:00 0
7ff1e8021000-7ff1ec000000 ---p 00000000 00:00 0
7ff1f0000000-7ff1f0401000 rw-p 00000000 00:00 0
7ff1f0401000-7ff1f4000000 ---p 00000000 00:00 0
7ff1f4000000-7ff1f4021000 rw-p 00000000 00:00 0
7ff1f4021000-7ff1f8000000 ---p 00000000 00:00 0
7ff1f8000000-7ff1f8021000 rw-p 00000000 00:00 0
7ff1f8021000-7ff1fc000000 ---p 00000000 00:00 0
7ff1fc000000-7ff1fc021000 rw-p 00000000 00:00 0
7ff1fc021000-7ff200000000 ---p 00000000 00:00 0
7ff200000000-7ff200021000 rw-p 00000000 00:00 0
7ff200021000-7ff204000000 ---p 00000000 00:00 0
7ff204000000-7ff204c08000 rw-p 00000000 00:00 0
7ff204c08000-7ff208000000 ---p 00000000 00:00 0
7ff208000000-7ff208021000 rw-p 00000000 00:00 0
7ff208021000-7ff20c000000 ---p 00000000 00:00 0
7ff20c000000-7ff20c037000 rw-p 00000000 00:00 0
7ff20c037000-7ff210000000 ---p 00000000 00:00 0
7ff210000000-7ff210021000 rw-p 00000000 00:00 0
7ff210021000-7ff214000000 ---p 00000000 00:00 0
7ff215940000-7ff215b83000 rw-p 00000000 00:00 0
7ff215b90000-7ff215dd3000 rw-p 00000000 00:00 0
7ff215de0000-7ff215e60000 rw-p 00000000 00:00 0
7ff215e60000-7ff215fe0000 ---p 00000000 00:00 0
7ff215fe0000-7ff2165cc000 rw-p 00000000 00:00 0
7ff2165cc000-7ff2165e4000 ---p 00000000 00:00 0
7ff2165e4000-7ff2166e1000 rw-p 00000000 00:00 0
7ff2166f0000-7ff2168f0000 rw-p 00000000 00:00 0
7ff2168f0000-7ff2168f1000 ---p 00000000 00:00 0
7ff2168f1000-7ff2169f2000 rw-p 00000000 00:00 0
7ff216a00000-7ff216e00000 rw-p 00000000 00:00 0
7ff216e00000-7ff216e04000 ---p 00000000 00:00 0
7ff216e04000-7ff216f01000 rw-p 00000000 00:00 0
7ff216f10000-7ff217110000 rw-p 00000000 00:00 0
7ff217110000-7ff217111000 ---p 00000000 00:00 0
7ff217111000-7ff217212000 rw-p 00000000 00:00 0
7ff217220000-7ff217221000 ---p 00000000 00:00 0
7ff217221000-7ff217322000 rw-p 00000000 00:00 0
7ff217330000-7ff217334000 ---p 00000000 00:00 0
7ff217334000-7ff217431000 rw-p 00000000 00:00 0
7ff217440000-7ff217444000 ---p 00000000 00:00 0
7ff217444000-7ff217462000 rw-p 00000000 00:00 0
7ff217470000-7ff217474000 ---p 00000000 00:00 0
7ff217474000-7ff217571000 rw-p 00000000 00:00 0
7ff217580000-7ff217585000 r-xp 00000000 00:00 338390             /usr/lib/jvm/java-11-openjdk-amd64/lib/libmanagement_ext.so
7ff217585000-7ff217586000 ---p 00005000 00:00 338390             /usr/lib/jvm/java-11-openjdk-amd64/lib/libmanagement_ext.so
7ff217586000-7ff217784000 ---p 00000006 00:00 338390             /usr/lib/jvm/java-11-openjdk-amd64/lib/libmanagement_ext.so
7ff217784000-7ff217785000 r--p 00004000 00:00 338390             /usr/lib/jvm/java-11-openjdk-amd64/lib/libmanagement_ext.so
7ff217785000-7ff217786000 rw-p 00005000 00:00 338390             /usr/lib/jvm/java-11-openjdk-amd64/lib/libmanagement_ext.so
7ff217790000-7ff217794000 r-xp 00000000 00:00 338387             /usr/lib/jvm/java-11-openjdk-amd64/lib/libmanagement.so
7ff217794000-7ff217795000 ---p 00004000 00:00 338387             /usr/lib/jvm/java-11-openjdk-amd64/lib/libmanagement.so
7ff217795000-7ff217993000 ---p 00000005 00:00 338387             /usr/lib/jvm/java-11-openjdk-amd64/lib/libmanagement.so
7ff217993000-7ff217994000 r--p 00003000 00:00 338387             /usr/lib/jvm/java-11-openjdk-amd64/lib/libmanagement.so
7ff217994000-7ff217995000 rw-p 00004000 00:00 338387             /usr/lib/jvm/java-11-openjdk-amd64/lib/libmanagement.so
7ff2179a0000-7ff2179a4000 ---p 00000000 00:00 0
7ff2179a4000-7ff217aa1000 rw-p 00000000 00:00 0
7ff217ab0000-7ff217ac6000 r-xp 00000000 00:00 338392             /usr/lib/jvm/java-11-openjdk-amd64/lib/libnet.so
7ff217ac6000-7ff217ac7000 ---p 00016000 00:00 338392             /usr/lib/jvm/java-11-openjdk-amd64/lib/libnet.so
7ff217ac7000-7ff217cc5000 ---p 00000017 00:00 338392             /usr/lib/jvm/java-11-openjdk-amd64/lib/libnet.so
7ff217cc5000-7ff217cc6000 r--p 00015000 00:00 338392             /usr/lib/jvm/java-11-openjdk-amd64/lib/libnet.so
7ff217cc6000-7ff217cc7000 rw-p 00016000 00:00 338392             /usr/lib/jvm/java-11-openjdk-amd64/lib/libnet.so
7ff217cd0000-7ff217ce0000 r-xp 00000000 00:00 338393             /usr/lib/jvm/java-11-openjdk-amd64/lib/libnio.so
7ff217ce0000-7ff217ce1000 ---p 00010000 00:00 338393             /usr/lib/jvm/java-11-openjdk-amd64/lib/libnio.so
7ff217ce1000-7ff217edf000 ---p 00000011 00:00 338393             /usr/lib/jvm/java-11-openjdk-amd64/lib/libnio.so
7ff217edf000-7ff217ee0000 r--p 0000f000 00:00 338393             /usr/lib/jvm/java-11-openjdk-amd64/lib/libnio.so
7ff217ee0000-7ff217ee1000 rw-p 00010000 00:00 338393             /usr/lib/jvm/java-11-openjdk-amd64/lib/libnio.so
7ff217ef0000-7ff217ef4000 ---p 00000000 00:00 0
7ff217ef4000-7ff217ff1000 rw-p 00000000 00:00 0
7ff218000000-7ff218021000 rw-p 00000000 00:00 0
7ff218021000-7ff21c000000 ---p 00000000 00:00 0
7ff21c000000-7ff21c021000 rw-p 00000000 00:00 0
7ff21c021000-7ff220000000 ---p 00000000 00:00 0
7ff220000000-7ff220707000 rw-p 00000000 00:00 0
7ff220707000-7ff224000000 ---p 00000000 00:00 0
7ff224000000-7ff224021000 rw-p 00000000 00:00 0
7ff224021000-7ff228000000 ---p 00000000 00:00 0
7ff228000000-7ff228021000 rw-p 00000000 00:00 0
7ff228021000-7ff22c000000 ---p 00000000 00:00 0
7ff22c000000-7ff22cc8b000 rw-p 00000000 00:00 0
7ff22cc8b000-7ff230000000 ---p 00000000 00:00 0
7ff230000000-7ff230021000 rw-p 00000000 00:00 0
7ff230021000-7ff234000000 ---p 00000000 00:00 0
7ff234000000-7ff234021000 rw-p 00000000 00:00 0
7ff234021000-7ff238000000 ---p 00000000 00:00 0
7ff238000000-7ff238021000 rw-p 00000000 00:00 0
7ff238021000-7ff23c000000 ---p 00000000 00:00 0
7ff23c000000-7ff23c05e000 rw-p 00000000 00:00 0
7ff23c05e000-7ff240000000 ---p 00000000 00:00 0
7ff240000000-7ff240021000 rw-p 00000000 00:00 0
7ff240021000-7ff244000000 ---p 00000000 00:00 0
7ff244000000-7ff244021000 rw-p 00000000 00:00 0
7ff244021000-7ff248000000 ---p 00000000 00:00 0
7ff248000000-7ff248021000 rw-p 00000000 00:00 0
7ff248021000-7ff24c000000 ---p 00000000 00:00 0
7ff24c020000-7ff24c021000 ---p 00000000 00:00 0
7ff24c021000-7ff24c122000 rw-p 00000000 00:00 0
7ff24c130000-7ff24c134000 ---p 00000000 00:00 0
7ff24c134000-7ff24c231000 rw-p 00000000 00:00 0
7ff24c240000-7ff24c244000 ---p 00000000 00:00 0
7ff24c244000-7ff24c341000 rw-p 00000000 00:00 0
7ff24c350000-7ff24c354000 ---p 00000000 00:00 0
7ff24c354000-7ff24c451000 rw-p 00000000 00:00 0
7ff24c460000-7ff24c464000 ---p 00000000 00:00 0
7ff24c464000-7ff24c561000 rw-p 00000000 00:00 0
7ff24c570000-7ff24c574000 ---p 00000000 00:00 0
7ff24c574000-7ff24c671000 rw-p 00000000 00:00 0
7ff24c671000-7ff24c6a2000 r--p 00000000 00:00 272640             /usr/lib/locale/C.UTF-8/LC_CTYPE
7ff24c6a2000-7ff24c815000 r--p 00000000 00:00 272632             /usr/lib/locale/C.UTF-8/LC_COLLATE
7ff24c815000-7ff24c9b0000 r--p 00000000 00:00 272743             /usr/lib/locale/locale-archive
7ff24c9b0000-7ff24c9b4000 ---p 00000000 00:00 0
7ff24c9b4000-7ff24cab1000 rw-p 00000000 00:00 0
7ff24cac0000-7ff24cac4000 ---p 00000000 00:00 0
7ff24cac4000-7ff24cbc1000 rw-p 00000000 00:00 0
7ff24cbd0000-7ff24cbd1000 ---p 00000000 00:00 0
7ff24cbd1000-7ff24ccd2000 rw-p 00000000 00:00 0
7ff24cce0000-7ff24cd61000 rw-p 00000000 00:00 0
7ff24cd70000-7ff24d570000 rw-p 00000000 00:00 0
7ff24d570000-7ff24d571000 ---p 00000000 00:00 0
7ff24d571000-7ff24d672000 rw-p 00000000 00:00 0
7ff24d680000-7ff24d681000 ---p 00000000 00:00 0
7ff24d681000-7ff24d782000 rw-p 00000000 00:00 0
7ff24d790000-7ff24d891000 rw-p 00000000 00:00 0
7ff24d8a0000-7ff24d9a1000 rw-p 00000000 00:00 0
7ff24d9b0000-7ff24dab1000 rw-p 00000000 00:00 0
7ff24dac0000-7ff24dbc1000 rw-p 00000000 00:00 0
7ff24dbd0000-7ff24fbd0000 rw-p 00000000 00:00 0
7ff24fbd0000-7ff24fbd1000 ---p 00000000 00:00 0
7ff24fbd1000-7ff24fcd2000 rw-p 00000000 00:00 0
7ff24fce0000-7ff24ff60000 rw-p 00000000 00:00 0
7ff24ff60000-7ff251c60000 ---p 00000000 00:00 0
7ff251c60000-7ff251c68000 rw-p 00000000 00:00 0
7ff251c70000-7ff251ef0000 rw-p 00000000 00:00 0
7ff251ef0000-7ff253bf0000 ---p 00000000 00:00 0
7ff253bf0000-7ff253bf8000 rw-p 00000000 00:00 0
7ff253c00000-7ff253c50000 rw-p 00000000 00:00 0
7ff253c50000-7ff253ff0000 ---p 00000000 00:00 0
7ff253ff0000-7ff253ff1000 rw-p 00000000 00:00 0
7ff254000000-7ff254021000 rw-p 00000000 00:00 0
7ff254021000-7ff258000000 ---p 00000000 00:00 0
7ff258000000-7ff25805b000 rw-p 00000000 00:00 0
7ff258060000-7ff258061000 ---p 00000000 00:00 0
7ff258061000-7ff258162000 rw-p 00000000 00:00 0
7ff258170000-7ff2581c0000 rw-p 00000000 00:00 0
7ff2581c0000-7ff258560000 ---p 00000000 00:00 0
7ff258560000-7ff258561000 rw-p 00000000 00:00 0
7ff258570000-7ff2585c0000 rw-p 00000000 00:00 0
7ff2585c0000-7ff258960000 ---p 00000000 00:00 0
7ff258960000-7ff258961000 rw-p 00000000 00:00 0
7ff258970000-7ff258be0000 rwxp 00000000 00:00 0
7ff258be0000-7ff258f00000 ---p 00000000 00:00 0
7ff258f00000-7ff259500000 rwxp 00000000 00:00 0
7ff259500000-7ff260438000 ---p 00000000 00:00 0
7ff260438000-7ff2606a8000 rwxp 00000000 00:00 0
7ff2606a8000-7ff267970000 ---p 00000000 00:00 0
7ff26797e000-7ff270000000 r--s 00000000 00:00 338403             /usr/lib/jvm/java-11-openjdk-amd64/lib/modules
7ff270000000-7ff270bdc000 rw-p 00000000 00:00 0
7ff270bdc000-7ff274000000 ---p 00000000 00:00 0
7ff274000000-7ff274101000 rw-p 00000000 00:00 0
7ff274110000-7ff274211000 rw-p 00000000 00:00 0
7ff274220000-7ff274321000 rw-p 00000000 00:00 0
7ff274330000-7ff274431000 rw-p 00000000 00:00 0
7ff274440000-7ff274441000 ---p 00000000 00:00 0
7ff274441000-7ff274542000 rw-p 00000000 00:00 0
7ff274550000-7ff274555000 r-xp 00000000 00:00 338382             /usr/lib/jvm/java-11-openjdk-amd64/lib/libjimage.so
7ff274555000-7ff274556000 ---p 00005000 00:00 338382             /usr/lib/jvm/java-11-openjdk-amd64/lib/libjimage.so
7ff274556000-7ff274754000 ---p 00000006 00:00 338382             /usr/lib/jvm/java-11-openjdk-amd64/lib/libjimage.so
7ff274754000-7ff274755000 r--p 00004000 00:00 338382             /usr/lib/jvm/java-11-openjdk-amd64/lib/libjimage.so
7ff274755000-7ff274756000 rw-p 00005000 00:00 338382             /usr/lib/jvm/java-11-openjdk-amd64/lib/libjimage.so
7ff274760000-7ff274767000 r-xp 00000000 00:00 338402             /usr/lib/jvm/java-11-openjdk-amd64/lib/libzip.so
7ff274767000-7ff274768000 ---p 00007000 00:00 338402             /usr/lib/jvm/java-11-openjdk-amd64/lib/libzip.so
7ff274768000-7ff274966000 ---p 00000008 00:00 338402             /usr/lib/jvm/java-11-openjdk-amd64/lib/libzip.so
7ff274966000-7ff274967000 r--p 00006000 00:00 338402             /usr/lib/jvm/java-11-openjdk-amd64/lib/libzip.so
7ff274967000-7ff274968000 rw-p 00007000 00:00 338402             /usr/lib/jvm/java-11-openjdk-amd64/lib/libzip.so
7ff274970000-7ff27497b000 r-xp 00000000 00:00 263164             /lib/x86_64-linux-gnu/libnss_files-2.27.so
7ff27497b000-7ff27497c000 ---p 0000b000 00:00 263164             /lib/x86_64-linux-gnu/libnss_files-2.27.so
7ff27497c000-7ff274b7a000 ---p 0000000c 00:00 263164             /lib/x86_64-linux-gnu/libnss_files-2.27.so
7ff274b7a000-7ff274b7b000 r--p 0000a000 00:00 263164             /lib/x86_64-linux-gnu/libnss_files-2.27.so
7ff274b7b000-7ff274b7c000 rw-p 0000b000 00:00 263164             /lib/x86_64-linux-gnu/libnss_files-2.27.so
7ff274b7c000-7ff274b82000 rw-p 00000000 00:00 0
7ff274b90000-7ff274ba7000 r-xp 00000000 00:00 263127             /lib/x86_64-linux-gnu/libnsl-2.27.so
7ff274ba7000-7ff274ba8000 ---p 00017000 00:00 263127             /lib/x86_64-linux-gnu/libnsl-2.27.so
7ff274ba8000-7ff274da6000 ---p 00000018 00:00 263127             /lib/x86_64-linux-gnu/libnsl-2.27.so
7ff274da6000-7ff274da7000 r--p 00016000 00:00 263127             /lib/x86_64-linux-gnu/libnsl-2.27.so
7ff274da7000-7ff274da8000 rw-p 00017000 00:00 263127             /lib/x86_64-linux-gnu/libnsl-2.27.so
7ff274da8000-7ff274daa000 rw-p 00000000 00:00 0
7ff274db0000-7ff274dbb000 r-xp 00000000 00:00 263172             /lib/x86_64-linux-gnu/libnss_nis-2.27.so
7ff274dbb000-7ff274dbc000 ---p 0000b000 00:00 263172             /lib/x86_64-linux-gnu/libnss_nis-2.27.so
7ff274dbc000-7ff274fba000 ---p 0000000c 00:00 263172             /lib/x86_64-linux-gnu/libnss_nis-2.27.so
7ff274fba000-7ff274fbb000 r--p 0000a000 00:00 263172             /lib/x86_64-linux-gnu/libnss_nis-2.27.so
7ff274fbb000-7ff274fbc000 rw-p 0000b000 00:00 263172             /lib/x86_64-linux-gnu/libnss_nis-2.27.so
7ff274fc0000-7ff274fc8000 r-xp 00000000 00:00 263134             /lib/x86_64-linux-gnu/libnss_compat-2.27.so
7ff274fc8000-7ff274fca000 ---p 00008000 00:00 263134             /lib/x86_64-linux-gnu/libnss_compat-2.27.so
7ff274fca000-7ff2751c8000 ---p 0000000a 00:00 263134             /lib/x86_64-linux-gnu/libnss_compat-2.27.so
7ff2751c8000-7ff2751c9000 r--p 00008000 00:00 263134             /lib/x86_64-linux-gnu/libnss_compat-2.27.so
7ff2751c9000-7ff2751ca000 rw-p 00009000 00:00 263134             /lib/x86_64-linux-gnu/libnss_compat-2.27.so
7ff2751d0000-7ff2751f9000 r-xp 00000000 00:00 338377             /usr/lib/jvm/java-11-openjdk-amd64/lib/libjava.so
7ff2751f9000-7ff2751fb000 ---p 00029000 00:00 338377             /usr/lib/jvm/java-11-openjdk-amd64/lib/libjava.so
7ff2751fb000-7ff2753f8000 ---p 0000002b 00:00 338377             /usr/lib/jvm/java-11-openjdk-amd64/lib/libjava.so
7ff2753f8000-7ff2753f9000 r--p 00028000 00:00 338377             /usr/lib/jvm/java-11-openjdk-amd64/lib/libjava.so
7ff2753f9000-7ff2753fb000 rw-p 00029000 00:00 338377             /usr/lib/jvm/java-11-openjdk-amd64/lib/libjava.so
7ff275400000-7ff27540d000 r-xp 00000000 00:00 338401             /usr/lib/jvm/java-11-openjdk-amd64/lib/libverify.so
7ff27540d000-7ff27540f000 ---p 0000d000 00:00 338401             /usr/lib/jvm/java-11-openjdk-amd64/lib/libverify.so
7ff27540f000-7ff27560c000 ---p 0000000f 00:00 338401             /usr/lib/jvm/java-11-openjdk-amd64/lib/libverify.so
7ff27560c000-7ff27560e000 r--p 0000c000 00:00 338401             /usr/lib/jvm/java-11-openjdk-amd64/lib/libverify.so
7ff27560e000-7ff27560f000 rw-p 0000e000 00:00 338401             /usr/lib/jvm/java-11-openjdk-amd64/lib/libverify.so
7ff275610000-7ff275617000 r-xp 00000000 00:00 263637             /lib/x86_64-linux-gnu/librt-2.27.so
7ff275617000-7ff275618000 ---p 00007000 00:00 263637             /lib/x86_64-linux-gnu/librt-2.27.so
7ff275618000-7ff275816000 ---p 00000008 00:00 263637             /lib/x86_64-linux-gnu/librt-2.27.so
7ff275816000-7ff275817000 r--p 00006000 00:00 263637             /lib/x86_64-linux-gnu/librt-2.27.so
7ff275817000-7ff275818000 rw-p 00007000 00:00 263637             /lib/x86_64-linux-gnu/librt-2.27.so
7ff275820000-7ff275837000 r-xp 00000000 00:00 313090             /lib/x86_64-linux-gnu/libgcc_s.so.1
7ff275837000-7ff275838000 ---p 00017000 00:00 313090             /lib/x86_64-linux-gnu/libgcc_s.so.1
7ff275838000-7ff275a36000 ---p 00000018 00:00 313090             /lib/x86_64-linux-gnu/libgcc_s.so.1
7ff275a36000-7ff275a37000 r--p 00016000 00:00 313090             /lib/x86_64-linux-gnu/libgcc_s.so.1
7ff275a37000-7ff275a38000 rw-p 00017000 00:00 313090             /lib/x86_64-linux-gnu/libgcc_s.so.1
7ff275a40000-7ff275bdd000 r-xp 00000000 00:00 262844             /lib/x86_64-linux-gnu/libm-2.27.so
7ff275bdd000-7ff275be0000 ---p 0019d000 00:00 262844             /lib/x86_64-linux-gnu/libm-2.27.so
7ff275be0000-7ff275ddc000 ---p 000001a0 00:00 262844             /lib/x86_64-linux-gnu/libm-2.27.so
7ff275ddc000-7ff275ddd000 r--p 0019c000 00:00 262844             /lib/x86_64-linux-gnu/libm-2.27.so
7ff275ddd000-7ff275dde000 rw-p 0019d000 00:00 262844             /lib/x86_64-linux-gnu/libm-2.27.so
7ff275de0000-7ff275f59000 r-xp 00000000 00:00 313028             /usr/lib/x86_64-linux-gnu/libstdc++.so.6.0.25
7ff275f59000-7ff275f66000 ---p 00179000 00:00 313028             /usr/lib/x86_64-linux-gnu/libstdc++.so.6.0.25
7ff275f66000-7ff276159000 ---p 00000186 00:00 313028             /usr/lib/x86_64-linux-gnu/libstdc++.so.6.0.25
7ff276159000-7ff276163000 r--p 00179000 00:00 313028             /usr/lib/x86_64-linux-gnu/libstdc++.so.6.0.25
7ff276163000-7ff276165000 rw-p 00183000 00:00 313028             /usr/lib/x86_64-linux-gnu/libstdc++.so.6.0.25
7ff276165000-7ff276169000 rw-p 00000000 00:00 0
7ff276170000-7ff277238000 r-xp 00000000 00:00 338409             /usr/lib/jvm/java-11-openjdk-amd64/lib/server/libjvm.so
7ff277238000-7ff27732f000 ---p 010c8000 00:00 338409             /usr/lib/jvm/java-11-openjdk-amd64/lib/server/libjvm.so
7ff27732f000-7ff277438000 ---p 000011bf 00:00 338409             /usr/lib/jvm/java-11-openjdk-amd64/lib/server/libjvm.so
7ff277438000-7ff2774f5000 r--p 010c8000 00:00 338409             /usr/lib/jvm/java-11-openjdk-amd64/lib/server/libjvm.so
7ff2774f5000-7ff27752e000 rw-p 01185000 00:00 338409             /usr/lib/jvm/java-11-openjdk-amd64/lib/server/libjvm.so
7ff27752e000-7ff277584000 rw-p 00000000 00:00 0
7ff277590000-7ff2775aa000 r-xp 00000000 00:00 263588             /lib/x86_64-linux-gnu/libpthread-2.27.so
7ff2775aa000-7ff2775b4000 ---p 0001a000 00:00 263588             /lib/x86_64-linux-gnu/libpthread-2.27.so
7ff2775b4000-7ff2777a9000 ---p 00000024 00:00 263588             /lib/x86_64-linux-gnu/libpthread-2.27.so
7ff2777a9000-7ff2777aa000 r--p 00019000 00:00 263588             /lib/x86_64-linux-gnu/libpthread-2.27.so
7ff2777aa000-7ff2777ab000 rw-p 0001a000 00:00 263588             /lib/x86_64-linux-gnu/libpthread-2.27.so
7ff2777ab000-7ff2777af000 rw-p 00000000 00:00 0
7ff2777b0000-7ff2777b3000 r-xp 00000000 00:00 262452             /lib/x86_64-linux-gnu/libdl-2.27.so
7ff2777b3000-7ff2777b4000 ---p 00003000 00:00 262452             /lib/x86_64-linux-gnu/libdl-2.27.so
7ff2777b4000-7ff2779b2000 ---p 00000004 00:00 262452             /lib/x86_64-linux-gnu/libdl-2.27.so
7ff2779b2000-7ff2779b3000 r--p 00002000 00:00 262452             /lib/x86_64-linux-gnu/libdl-2.27.so
7ff2779b3000-7ff2779b4000 rw-p 00003000 00:00 262452             /lib/x86_64-linux-gnu/libdl-2.27.so
7ff2779c0000-7ff2779dc000 r-xp 00000000 00:00 264373             /lib/x86_64-linux-gnu/libz.so.1.2.11
7ff2779dc000-7ff2779dd000 ---p 0001c000 00:00 264373             /lib/x86_64-linux-gnu/libz.so.1.2.11
7ff2779dd000-7ff277bdb000 ---p 0000001d 00:00 264373             /lib/x86_64-linux-gnu/libz.so.1.2.11
7ff277bdb000-7ff277bdc000 r--p 0001b000 00:00 264373             /lib/x86_64-linux-gnu/libz.so.1.2.11
7ff277bdc000-7ff277bdd000 rw-p 0001c000 00:00 264373             /lib/x86_64-linux-gnu/libz.so.1.2.11
7ff277be0000-7ff277dc7000 r-xp 00000000 00:00 262379             /lib/x86_64-linux-gnu/libc-2.27.so
7ff277dc7000-7ff277dd0000 ---p 001e7000 00:00 262379             /lib/x86_64-linux-gnu/libc-2.27.so
7ff277dd0000-7ff277fc7000 ---p 000001f0 00:00 262379             /lib/x86_64-linux-gnu/libc-2.27.so
7ff277fc7000-7ff277fcb000 r--p 001e7000 00:00 262379             /lib/x86_64-linux-gnu/libc-2.27.so
7ff277fcb000-7ff277fcd000 rw-p 001eb000 00:00 262379             /lib/x86_64-linux-gnu/libc-2.27.so
7ff277fcd000-7ff277fd1000 rw-p 00000000 00:00 0
7ff277fe0000-7ff277fef000 r-xp 00000000 00:00 338359             /usr/lib/jvm/java-11-openjdk-amd64/lib/jli/libjli.so
7ff277fef000-7ff277ff1000 ---p 0000f000 00:00 338359             /usr/lib/jvm/java-11-openjdk-amd64/lib/jli/libjli.so
7ff277ff1000-7ff2781ef000 ---p 00000011 00:00 338359             /usr/lib/jvm/java-11-openjdk-amd64/lib/jli/libjli.so
7ff2781ef000-7ff2781f0000 r--p 0000f000 00:00 338359             /usr/lib/jvm/java-11-openjdk-amd64/lib/jli/libjli.so
7ff2781f0000-7ff2781f1000 rw-p 00010000 00:00 338359             /usr/lib/jvm/java-11-openjdk-amd64/lib/jli/libjli.so
7ff278200000-7ff278226000 r-xp 00000000 00:00 262058             /lib/x86_64-linux-gnu/ld-2.27.so
7ff278226000-7ff278227000 r-xp 00026000 00:00 262058             /lib/x86_64-linux-gnu/ld-2.27.so
7ff278240000-7ff278245000 rw-p 00000000 00:00 0
7ff278245000-7ff27832b000 ---p 00000000 00:00 0
7ff278330000-7ff27833c000 rw-p 00000000 00:00 0
7ff27833c000-7ff27841b000 ---p 00000000 00:00 0
7ff278427000-7ff278428000 r--p 00027000 00:00 262058             /lib/x86_64-linux-gnu/ld-2.27.so
7ff278428000-7ff278429000 rw-p 00028000 00:00 262058             /lib/x86_64-linux-gnu/ld-2.27.so
7ff278429000-7ff27842a000 rw-p 00000000 00:00 0
7ff278450000-7ff278494000 rw-p 00000000 00:00 0
7ff2784a0000-7ff2784a5000 rw-p 00000000 00:00 0
7ff2784a5000-7ff2784ac000 ---p 00000000 00:00 0
7ff2784b0000-7ff2784b1000 ---p 00000000 00:00 0
7ff2784b1000-7ff2784b2000 r--p 00000000 00:00 0
7ff2784c0000-7ff2784c4000 ---p 00000000 00:00 0
7ff2784c4000-7ff2785c1000 rw-p 00000000 00:00 0
7ff2785cb000-7ff2785cc000 r--p 00000000 00:00 272651             /usr/lib/locale/C.UTF-8/LC_NUMERIC
7ff2785cc000-7ff2785cd000 r--p 00000000 00:00 272689             /usr/lib/locale/C.UTF-8/LC_TIME
7ff2785cd000-7ff2785ce000 r--p 00000000 00:00 272649             /usr/lib/locale/C.UTF-8/LC_MONETARY
7ff2785ce000-7ff2785cf000 r--p 00000000 00:00 272648             /usr/lib/locale/C.UTF-8/LC_MESSAGES/SYS_LC_MESSAGES
7ff2785cf000-7ff2785d0000 r--p 00000000 00:00 272653             /usr/lib/locale/C.UTF-8/LC_PAPER
7ff2785d0000-7ff2785d2000 rw-p 00000000 00:00 0
7ff2785d2000-7ff2785d3000 r--p 00000000 00:00 272650             /usr/lib/locale/C.UTF-8/LC_NAME
7ff2785d3000-7ff2785d4000 r--p 00000000 00:00 272629             /usr/lib/locale/C.UTF-8/LC_ADDRESS
7ff2785d4000-7ff2785d5000 r--p 00000000 00:00 272654             /usr/lib/locale/C.UTF-8/LC_TELEPHONE
7ff2785d5000-7ff2785d6000 r--p 00000000 00:00 272642             /usr/lib/locale/C.UTF-8/LC_MEASUREMENT
7ff2785d6000-7ff2785dd000 r--s 00000000 00:00 285782             /usr/lib/x86_64-linux-gnu/gconv/gconv-modules.cache
7ff2785dd000-7ff2785de000 r--p 00000000 00:00 272641             /usr/lib/locale/C.UTF-8/LC_IDENTIFICATION
7ff2785de000-7ff2785e0000 r--s 00007000 00:00 339137             /usr/share/java/java-atk-wrapper.jar
7ff2785e0000-7ff2785e2000 rw-p 00000000 00:00 0
7ff2785e2000-7ff2785ea000 rw-s 00000000 00:00 283981             /tmp/hsperfdata_chrisdev/5718
7ff278600000-7ff278601000 r-xp 00000000 00:00 338203             /usr/lib/jvm/java-11-openjdk-amd64/bin/java
7ff278801000-7ff278802000 r--p 00001000 00:00 338203             /usr/lib/jvm/java-11-openjdk-amd64/bin/java
7ff278802000-7ff278803000 rw-p 00002000 00:00 338203             /usr/lib/jvm/java-11-openjdk-amd64/bin/java
7fffb7cf1000-7fffb7d12000 rw-p 00000000 00:00 0                  [heap]
7fffc00a4000-7fffc08a4000 rw-p 00000000 00:00 0                  [stack]
7fffc0f9e000-7fffc0f9f000 r-xp 00000000 00:00 0                  [vdso]


VM Arguments:
java_command: /home/chrisdev/Local_Repo/Webhook/dynatrace-WH/target/surefire/surefirebooter16742967610651477732.jar /home/chrisdev/Local_Repo/Webhook/dynatrace-WH/target/surefire 2019-07-22T19-43-50_705-jvmRun1 surefire10448074089595130481tmp surefire_0363805165814444308tmp
java_class_path (initial): /home/chrisdev/Local_Repo/Webhook/dynatrace-WH/target/surefire/surefirebooter16742967610651477732.jar
Launcher Type: SUN_STANDARD

[Global flags]
     intx CICompilerCount                          = 3                                         {product} {ergonomic}
     uint ConcGCThreads                            = 1                                         {product} {ergonomic}
     uint G1ConcRefinementThreads                  = 4                                         {product} {ergonomic}
   size_t G1HeapRegionSize                         = 1048576                                   {product} {ergonomic}
    uintx GCDrainStackTargetSize                   = 64                                        {product} {ergonomic}
   size_t InitialHeapSize                          = 134217728                                 {product} {ergonomic}
   size_t MarkStackSize                            = 4194304                                   {product} {ergonomic}
   size_t MaxHeapSize                              = 2116026368                                {product} {ergonomic}
   size_t MaxNewSize                               = 1268776960                                {product} {ergonomic}
   size_t MinHeapDeltaBytes                        = 1048576                                   {product} {ergonomic}
    uintx NonNMethodCodeHeapSize                   = 5830092                                {pd product} {ergonomic}
    uintx NonProfiledCodeHeapSize                  = 122914074                              {pd product} {ergonomic}
    uintx ProfiledCodeHeapSize                     = 122914074                              {pd product} {ergonomic}
    uintx ReservedCodeCacheSize                    = 251658240                              {pd product} {ergonomic}
     bool SegmentedCodeCache                       = true                                      {product} {ergonomic}
     bool UseCompressedClassPointers               = true                                 {lp64_product} {ergonomic}
     bool UseCompressedOops                        = true                                 {lp64_product} {ergonomic}
     bool UseG1GC                                  = true                                      {product} {ergonomic}

Logging:
Log output configuration:
 #0: stdout all=warning uptime,level,tags
 #1: stderr all=off uptime,level,tags

Environment Variables:
JAVA_HOME=/usr/lib/jvm/java-11-openjdk-amd64
PATH=/usr/local/sbin:/usr/local/bin:/usr/sbin:/usr/bin:/sbin:/bin:/usr/games:/usr/local/games:/mnt/c/ProgramData/Oracle/Java/javapath_target_216000:/mnt/c/Windows/System32:/mnt/c/Windows:/mnt/c/Windows/System32/wbem:/mnt/c/Windows/System32/WindowsPowerShell/v1.0:/mnt/c/Windows/System32/OpenSSH:/mnt/c/Program Files/PuTTY:/mnt/c/Program Files/RedHat/java-1.8.0-openjdk-1.8.0.151-1/bin:/mnt/c/Users/chthomas/AppData/Local/Continuum/anaconda3:/mnt/c/Users/chthomas/AppData/Local/Continuum/anaconda3/Library/mingw-w64/bin:/mnt/c/Users/chthomas/AppData/Local/Continuum/anaconda3/Library/bin:/mnt/c/Users/chthomas/AppData/Local/Continuum/anaconda3/Scripts:/mnt/c/Users/chthomas/AppData/Local/Microsoft/WindowsApps:/mnt/c/Users/chthomas/AppData/Local/Programs/Microsoft VS Code/bin:/snap/bin
SHELL=/bin/bash
HOSTTYPE=x86_64

Signal Handlers:
SIGSEGV: [libjvm.so+0xde2f90], sa_mask[0]=11111111111111111111111111111110, sa_flags=SA_RESTART|SA_SIGINFO
SIGBUS: [libjvm.so+0xde2f90], sa_mask[0]=11111111111111111111111111111110, sa_flags=SA_RESTART|SA_SIGINFO
SIGFPE: [libjvm.so+0xde2f90], sa_mask[0]=11111111111111111111111111111110, sa_flags=SA_RESTART|SA_SIGINFO
SIGPIPE: [libjvm.so+0xbb85d0], sa_mask[0]=11111111111111111111111111111110, sa_flags=SA_RESTART|SA_SIGINFO
SIGXFSZ: [libjvm.so+0xbb85d0], sa_mask[0]=11111111111111111111111111111110, sa_flags=SA_RESTART|SA_SIGINFO
SIGILL: [libjvm.so+0xde2f90], sa_mask[0]=11111111111111111111111111111110, sa_flags=SA_RESTART|SA_SIGINFO
SIGUSR2: [libjvm.so+0xbb8470], sa_mask[0]=00100000000000000000000000000000, sa_flags=SA_RESTART|SA_SIGINFO
SIGHUP: [libjvm.so+0xbb87d0], sa_mask[0]=11111111111111111111111111111110, sa_flags=SA_RESTART|SA_SIGINFO
SIGINT: [libjvm.so+0xbb87d0], sa_mask[0]=11111111111111111111111111111110, sa_flags=SA_RESTART|SA_SIGINFO
SIGTERM: [libjvm.so+0xbb87d0], sa_mask[0]=11111111111111111111111111111110, sa_flags=SA_RESTART|SA_SIGINFO
SIGQUIT: [libjvm.so+0xbb87d0], sa_mask[0]=11111111111111111111111111111110, sa_flags=SA_RESTART|SA_SIGINFO


---------------  S Y S T E M  ---------------

OS:DISTRIB_ID=Ubuntu
DISTRIB_RELEASE=18.04
DISTRIB_CODENAME=bionic
DISTRIB_DESCRIPTION="Ubuntu 18.04.2 LTS"
uname:Linux 4.4.0-17134-Microsoft #706-Microsoft Mon Apr 01 18:13:00 PST 2019 x86_64
libc:glibc 2.27 NPTL 2.27 
rlimit: STACK 8192k, CORE 0k, NPROC 7823, NOFILE 65536, AS infinity, DATA infinity, FSIZE infinity
load average:0.52 0.58 0.59

/proc/meminfo:
MemTotal:        8260900 kB
MemFree:          669412 kB
Buffers:           34032 kB
Cached:           188576 kB
SwapCached:            0 kB
Active:           167556 kB
Inactive:         157876 kB
Active(anon):     103104 kB
Inactive(anon):    17440 kB
Active(file):      64452 kB
Inactive(file):   140436 kB
Unevictable:           0 kB
Mlocked:               0 kB
SwapTotal:      15508860 kB
SwapFree:       13683908 kB
Dirty:                 0 kB
Writeback:             0 kB
AnonPages:        102824 kB
Mapped:            71404 kB
Shmem:             17720 kB
Slab:              13868 kB
SReclaimable:       6744 kB
SUnreclaim:         7124 kB
KernelStack:        2848 kB
PageTables:         2524 kB
NFS_Unstable:          0 kB
Bounce:                0 kB
WritebackTmp:          0 kB
CommitLimit:      515524 kB
Committed_AS:    3450064 kB
VmallocTotal:     122880 kB
VmallocUsed:       21296 kB
VmallocChunk:      66044 kB
HardwareCorrupted:     0 kB
AnonHugePages:      2048 kB
HugePages_Total:       0
HugePages_Free:        0
HugePages_Rsvd:        0
HugePages_Surp:        0
Hugepagesize:       2048 kB
DirectMap4k:       12280 kB
DirectMap4M:      897024 kB


/proc/sys/kernel/threads-max (system-wide limit on the number of threads):
32768


/proc/sys/vm/max_map_count (maximum number of memory map areas a process may have):


/proc/sys/kernel/pid_max (system-wide limit on number of process identifiers):
32768




CPU:total 4 (initial active 4) (2 cores per cpu, 2 threads per core) family 6 model 61 stepping 4, cmov, cx8, fxsr, mmx, sse, sse2, sse3, ssse3, sse4.1, sse4.2, popcnt, avx, avx2, aes, clmul, erms, rtm, 3dnowpref, lzcnt, ht, tsc, tscinvbit, bmi1, bmi2, adx, fma
CPU Model and flags from /proc/cpuinfo:
model name	: Intel(R) Core(TM) i5-5300U CPU @ 2.30GHz
flags		: fpu vme de pse tsc msr pae mce cx8 apic sep mtrr pge mca cmov pat pse36 clflush dts acpi mmx fxsr sse sse2 ss ht tm pbe syscall nx pdpe1gb rdtscp lm pni pclmulqdq dtes64 monitor ds_cpl vmx smx est tm2 ssse3 fma cx16 xtpr pdcm pcid sse4_1 sse4_2 x2apic movbe popcnt tsc_deadline_timer aes xsave osxsave avx f16c rdrand

Memory: 4k page, physical 8260900k(669412k free), swap 15508860k(13683908k free)

vm_info: OpenJDK 64-Bit Server VM (11.0.3+7-Ubuntu-1ubuntu218.04.1) for linux-amd64 JRE (11.0.3+7-Ubuntu-1ubuntu218.04.1), built on Apr 23 2019 18:34:35 by "buildd" with gcc 7.3.0

END.
